;  LST file generated by mikroListExporter - v.2.0 
; Date/Time: 2014/07/01 20:29:44
;----------------------------------------------

;Address Opcode 	ASM
0x0000	0x280C      	GOTO       12
___CC2DW:
;__Lib_System.c,71 :: 		
;__Lib_System.c,73 :: 		
_CC2DL_Loop1:
;__Lib_System.c,74 :: 		
0x0003	0x0012      	MOVIW      INDF0++ 
;__Lib_System.c,75 :: 		
0x0004	0x001E      	MOVWI      INDF1++ 
;__Lib_System.c,76 :: 		
0x0005	0x03F0      	DECF       R0, 1
;__Lib_System.c,77 :: 		
0x0006	0x1D03      	BTFSS      STATUS, 2
;__Lib_System.c,78 :: 		
0x0007	0x2803      	GOTO       _CC2DL_Loop1
;__Lib_System.c,79 :: 		
0x0008	0x03F1      	DECF       R1, 1
;__Lib_System.c,80 :: 		
0x0009	0x1D03      	BTFSS      STATUS, 2
;__Lib_System.c,81 :: 		
0x000A	0x2803      	GOTO       _CC2DL_Loop1
;__Lib_System.c,83 :: 		
L_end___CC2DW:
0x000B	0x0008      	RETURN
; end of ___CC2DW
_main:
;jyro_read.c,22 :: 		void main()
;jyro_read.c,25 :: 		}
L_end_main:
0x000C	0x280C      	GOTO       $+0
; end of _main
Symbol List:
//** Routines locations **
//ADDRESS    SIZE    PROCEDURE
//----------------------------------------------
0x0003       [9]    ___CC2DW
0x000C       [1]    _main
//** Variables locations ** 
//ADDRESS    SIZE    VARIABLE
//----------------------------------------------
0x0000       [1]    INDF0
0x0001       [1]    INDF1
0x0003       [1]    STATUS
0x0004       [1]    FSR0L
0x0005       [1]    FSR0H
0x0006       [1]    FSR1L
0x0007       [1]    FSR1H
0x000A       [1]    PCLATH
0x0070       [1]    R0
0x0071       [1]    R1
0x0072       [1]    R2
0x0073       [1]    R3
0x0074       [1]    R4
0x0075       [1]    R5
0x0076       [1]    R6
0x0077       [1]    R7
0x0078       [1]    R8
0x0079       [1]    R9
0x007A       [1]    R10
0x007B       [1]    R11
0x007C       [1]    R12
0x007D       [1]    R13
0x007E       [1]    R14
0x007F       [1]    R15
//** Label List: ** 
//----------------------------------------------
  L_end_main
  _main
  L_CA2A_Loop
  L_CA2AW_Loop
  L_CS2S_Loop
  L_CS2S_End
  L_FZinS_Loop
  L_FZinS_End
  _CC2D_Loop1
  _CC2DL_Loop1
  L_end_____DoIFC
  _____DoIFC
  L_end___CA2A
  ___CA2A
  L_end___CA2AW
  ___CA2AW
  L_end___CS2S
  ___CS2S
  L_end___FZinS
  ___FZinS
  L_end___CC2D
  ___CC2D
  L_end___CC2DW
  ___CC2DW
  L_end_Swap
  _Swap
