;  LST file generated by mikroListExporter - v.2.0 
; Date/Time: 2014/08/04 16:09:19
;----------------------------------------------

;Address Opcode 	ASM
0x0000	0x2856      	GOTO       86
_Delay_22us:
;__Lib_Delays.c,15 :: 		void Delay_22us() {
;__Lib_Delays.c,16 :: 		Delay_us(22);
0x0003	0x300E      	MOVLW      14
0x0004	0x00FD      	MOVWF      R13
L_Delay_22us1:
0x0005	0x0BFD      	DECFSZ     R13, 1
0x0006	0x2805      	GOTO       L_Delay_22us1
0x0007	0x0000      	NOP
;__Lib_Delays.c,17 :: 		}
L_end_Delay_22us:
0x0008	0x0008      	RETURN
; end of _Delay_22us
_ADC_Get_Sample:
;__Lib_ADC.c,27 :: 		
;__Lib_ADC.c,28 :: 		
0x0009	0x3083      	MOVLW      131
0x000A	0x0021      	MOVLB      1
0x000B	0x059D      	ANDWF      ADCON0, 1
;__Lib_ADC.c,29 :: 		
0x000C	0x0020      	MOVLB      0
0x000D	0x082A      	MOVF       FARG_ADC_Get_Sample_channel, 0
0x000E	0x00F0      	MOVWF      R0
0x000F	0x35F0      	LSLF       R0, 1
0x0010	0x35F0      	LSLF       R0, 1
0x0011	0x0870      	MOVF       R0, 0
0x0012	0x0021      	MOVLB      1
0x0013	0x049D      	IORWF       ADCON0, 1
;__Lib_ADC.c,32 :: 		
0x0014	0x2003      	CALL       _Delay_22us
;__Lib_ADC.c,35 :: 		
0x0015	0x149D      	BSF        GO_NOT_DONE_bit, BitPos(GO_NOT_DONE_bit+0)
;__Lib_ADC.c,38 :: 		
L_ADC_Get_Sample0:
0x0016	0x1C9D      	BTFSS      GO_NOT_DONE_bit, BitPos(GO_NOT_DONE_bit+0)
0x0017	0x2819      	GOTO       L_ADC_Get_Sample1
;__Lib_ADC.c,39 :: 		
0x0018	0x2816      	GOTO       L_ADC_Get_Sample0
L_ADC_Get_Sample1:
;__Lib_ADC.c,41 :: 		
0x0019	0x081C      	MOVF       ADRESH, 0
0x001A	0x00F1      	MOVWF      R1
0x001B	0x01F0      	CLRF       R0
0x001C	0x081B      	MOVF       ADRESL, 0
0x001D	0x04F0      	IORWF       R0, 1
0x001E	0x3000      	MOVLW      0
0x001F	0x04F1      	IORWF       R1, 1
;__Lib_ADC.c,42 :: 		
L_end_ADC_Get_Sample:
0x0020	0x0008      	RETURN
; end of _ADC_Get_Sample
_ADC_Init:
;__Lib_ADC.c,19 :: 		
;__Lib_ADC.c,20 :: 		
0x0021	0x3009      	MOVLW      _ADC_Get_Sample
0x0022	0x0020      	MOVLB      0
0x0023	0x00A0      	MOVWF      _ADC_Get_Sample_Ptr
0x0024	0x3000      	MOVLW      hi_addr(_ADC_Get_Sample)
0x0025	0x00A1      	MOVWF      _ADC_Get_Sample_Ptr+1
0x0026	0x302A      	MOVLW      FARG_ADC_Get_Sample_channel
0x0027	0x00A2      	MOVWF      _ADC_Get_Sample_Ptr+2
0x0028	0x3000      	MOVLW      hi_addr(FARG_ADC_Get_Sample_channel)
0x0029	0x00A3      	MOVWF      _ADC_Get_Sample_Ptr+3
;__Lib_ADC.c,21 :: 		
0x002A	0x30F0      	MOVLW      240
0x002B	0x0021      	MOVLB      1
0x002C	0x009E      	MOVWF      ADCON1
;__Lib_ADC.c,22 :: 		
0x002D	0x019D      	CLRF       ADCON0
;__Lib_ADC.c,23 :: 		
0x002E	0x141D      	BSF        ADON_bit, BitPos(ADON_bit+0)
;__Lib_ADC.c,24 :: 		
L_end_ADC_Init:
0x002F	0x0008      	RETURN
; end of _ADC_Init
___CC2DW:
;__Lib_System.c,71 :: 		
;__Lib_System.c,73 :: 		
_CC2DL_Loop1:
;__Lib_System.c,74 :: 		
0x0030	0x0012      	MOVIW      INDF0++ 
;__Lib_System.c,75 :: 		
0x0031	0x001E      	MOVWI      INDF1++ 
;__Lib_System.c,76 :: 		
0x0032	0x03F0      	DECF       R0, 1
;__Lib_System.c,77 :: 		
0x0033	0x1D03      	BTFSS      STATUS, 2
;__Lib_System.c,78 :: 		
0x0034	0x2830      	GOTO       _CC2DL_Loop1
;__Lib_System.c,79 :: 		
0x0035	0x03F1      	DECF       R1, 1
;__Lib_System.c,80 :: 		
0x0036	0x1D03      	BTFSS      STATUS, 2
;__Lib_System.c,81 :: 		
0x0037	0x2830      	GOTO       _CC2DL_Loop1
;__Lib_System.c,83 :: 		
L_end___CC2DW:
0x0038	0x0008      	RETURN
; end of ___CC2DW
_Setup:
;infrared_distance.c,46 :: 		void Setup()
;infrared_distance.c,48 :: 		OSCCON = 0x70;
0x0039	0x3070      	MOVLW      112
0x003A	0x0021      	MOVLB      1
0x003B	0x0099      	MOVWF      OSCCON
;infrared_distance.c,50 :: 		ANSELA = 0x06;
0x003C	0x3006      	MOVLW      6
0x003D	0x0023      	MOVLB      3
0x003E	0x008C      	MOVWF      ANSELA
;infrared_distance.c,51 :: 		TRISA  = 0x06;
0x003F	0x3006      	MOVLW      6
0x0040	0x0021      	MOVLB      1
0x0041	0x008C      	MOVWF      TRISA
;infrared_distance.c,53 :: 		PORTA  = 0x00;
0x0042	0x0020      	MOVLB      0
0x0043	0x018C      	CLRF       PORTA
;infrared_distance.c,55 :: 		ADC_Init();
0x0044	0x2021      	CALL       _ADC_Init
;infrared_distance.c,62 :: 		Delay_ms(10);
0x0045	0x301A      	MOVLW      26
0x0046	0x00FC      	MOVWF      R12
0x0047	0x30F8      	MOVLW      248
0x0048	0x00FD      	MOVWF      R13
L_Setup14:
0x0049	0x0BFD      	DECFSZ     R13, 1
0x004A	0x2849      	GOTO       L_Setup14
0x004B	0x0BFC      	DECFSZ     R12, 1
0x004C	0x2849      	GOTO       L_Setup14
0x004D	0x0000      	NOP
;infrared_distance.c,63 :: 		}
L_end_Setup:
0x004E	0x0008      	RETURN
; end of _Setup
_ADC_Read:
;__Lib_ADC.c,44 :: 		
;__Lib_ADC.c,46 :: 		
0x004F	0x2021      	CALL       _ADC_Init
;__Lib_ADC.c,47 :: 		
0x0050	0x0020      	MOVLB      0
0x0051	0x0829      	MOVF       FARG_ADC_Read_channel, 0
0x0052	0x00AA      	MOVWF      FARG_ADC_Get_Sample_channel
0x0053	0x2009      	CALL       _ADC_Get_Sample
;__Lib_ADC.c,48 :: 		
0x0054	0x101D      	BCF        ADON_bit, BitPos(ADON_bit+0)
;__Lib_ADC.c,49 :: 		
;__Lib_ADC.c,50 :: 		
L_end_ADC_Read:
0x0055	0x0008      	RETURN
; end of _ADC_Read
_Main:
;infrared_distance.c,11 :: 		void Main()
;infrared_distance.c,16 :: 		Setup();
0x0056	0x2039      	CALL       _Setup
;infrared_distance.c,18 :: 		front_sensor = back_sensor = 0;
0x0057	0x0020      	MOVLB      0
0x0058	0x01A6      	CLRF       Main_back_sensor_L0
0x0059	0x01A7      	CLRF       Main_back_sensor_L0+1
0x005A	0x01A4      	CLRF       Main_front_sensor_L0
0x005B	0x01A5      	CLRF       Main_front_sensor_L0+1
;infrared_distance.c,19 :: 		front_state = back_state = OFF;
0x005C	0x10A8      	BCF        Main_back_state_L0, BitPos(Main_back_state_L0+0)
0x005D	0x18A8      	BTFSC      Main_back_state_L0, BitPos(Main_back_state_L0+0)
0x005E	0x2861      	GOTO       L__Main32
0x005F	0x1028      	BCF        Main_front_state_L0, BitPos(Main_front_state_L0+0)
0x0060	0x2862      	GOTO       L__Main33
L__Main32:
0x0061	0x1428      	BSF        Main_front_state_L0, BitPos(Main_front_state_L0+0)
L__Main33:
;infrared_distance.c,21 :: 		Air_Cylinder_Down();
0x0062	0x160C      	BSF        PORTA, 4
0x0063	0x128C      	BCF        PORTA, 5
;infrared_distance.c,23 :: 		while(1){
L_Main0:
;infrared_distance.c,24 :: 		front_sensor = ADC_Read(1);
0x0064	0x3001      	MOVLW      1
0x0065	0x00A9      	MOVWF      FARG_ADC_Read_channel
0x0066	0x204F      	CALL       _ADC_Read
0x0067	0x0870      	MOVF       R0, 0
0x0068	0x0020      	MOVLB      0
0x0069	0x00A4      	MOVWF      Main_front_sensor_L0
0x006A	0x0871      	MOVF       R1, 0
0x006B	0x00A5      	MOVWF      Main_front_sensor_L0+1
;infrared_distance.c,25 :: 		back_sensor  = ADC_Read(2);
0x006C	0x3002      	MOVLW      2
0x006D	0x00A9      	MOVWF      FARG_ADC_Read_channel
0x006E	0x204F      	CALL       _ADC_Read
0x006F	0x0870      	MOVF       R0, 0
0x0070	0x0020      	MOVLB      0
0x0071	0x00A6      	MOVWF      Main_back_sensor_L0
0x0072	0x0871      	MOVF       R1, 0
0x0073	0x00A7      	MOVWF      Main_back_sensor_L0+1
;infrared_distance.c,27 :: 		Delay_ms(50);
0x0074	0x3082      	MOVLW      130
0x0075	0x00FC      	MOVWF      R12
0x0076	0x30DD      	MOVLW      221
0x0077	0x00FD      	MOVWF      R13
L_Main2:
0x0078	0x0BFD      	DECFSZ     R13, 1
0x0079	0x2878      	GOTO       L_Main2
0x007A	0x0BFC      	DECFSZ     R12, 1
0x007B	0x2878      	GOTO       L_Main2
0x007C	0x0000      	NOP
0x007D	0x0000      	NOP
;infrared_distance.c,31 :: 		if(front_sensor > LIMIT && front_state == OFF){
0x007E	0x3080      	MOVLW      128
0x007F	0x3A02      	XORLW      2
0x0080	0x00F0      	MOVWF      R0
0x0081	0x3080      	MOVLW      128
0x0082	0x0625      	XORWF      Main_front_sensor_L0+1, 0
0x0083	0x0270      	SUBWF      R0, 0
0x0084	0x1D03      	BTFSS      STATUS, 2
0x0085	0x2888      	GOTO       L__Main34
0x0086	0x0824      	MOVF       Main_front_sensor_L0, 0
0x0087	0x3C58      	SUBLW      88
L__Main34:
0x0088	0x1803      	BTFSC      STATUS, 0
0x0089	0x2890      	GOTO       L_Main5
0x008A	0x1828      	BTFSC      Main_front_state_L0, BitPos(Main_front_state_L0+0)
0x008B	0x2890      	GOTO       L_Main5
L__Main30:
;infrared_distance.c,32 :: 		Air_Cylinder_Up();
0x008C	0x120C      	BCF        PORTA, 4
0x008D	0x168C      	BSF        PORTA, 5
;infrared_distance.c,33 :: 		front_state = ON;
0x008E	0x1428      	BSF        Main_front_state_L0, BitPos(Main_front_state_L0+0)
;infrared_distance.c,34 :: 		}
0x008F	0x28C6      	GOTO       L_Main6
L_Main5:
;infrared_distance.c,35 :: 		else if(back_sensor > LIMIT && back_state == OFF){
0x0090	0x3080      	MOVLW      128
0x0091	0x3A02      	XORLW      2
0x0092	0x00F0      	MOVWF      R0
0x0093	0x3080      	MOVLW      128
0x0094	0x0627      	XORWF      Main_back_sensor_L0+1, 0
0x0095	0x0270      	SUBWF      R0, 0
0x0096	0x1D03      	BTFSS      STATUS, 2
0x0097	0x289A      	GOTO       L__Main35
0x0098	0x0826      	MOVF       Main_back_sensor_L0, 0
0x0099	0x3C58      	SUBLW      88
L__Main35:
0x009A	0x1803      	BTFSC      STATUS, 0
0x009B	0x28A2      	GOTO       L_Main9
0x009C	0x18A8      	BTFSC      Main_back_state_L0, BitPos(Main_back_state_L0+0)
0x009D	0x28A2      	GOTO       L_Main9
L__Main29:
;infrared_distance.c,36 :: 		Air_Cylinder_Up();
0x009E	0x120C      	BCF        PORTA, 4
0x009F	0x168C      	BSF        PORTA, 5
;infrared_distance.c,37 :: 		back_state = ON;
0x00A0	0x14A8      	BSF        Main_back_state_L0, BitPos(Main_back_state_L0+0)
;infrared_distance.c,38 :: 		}
0x00A1	0x28C6      	GOTO       L_Main10
L_Main9:
;infrared_distance.c,39 :: 		else if(front_state == ON && back_state == ON && front_sensor < LIMIT && back_sensor < LIMIT){
0x00A2	0x1C28      	BTFSS      Main_front_state_L0, BitPos(Main_front_state_L0+0)
0x00A3	0x28C6      	GOTO       L_Main13
0x00A4	0x1CA8      	BTFSS      Main_back_state_L0, BitPos(Main_back_state_L0+0)
0x00A5	0x28C6      	GOTO       L_Main13
0x00A6	0x3080      	MOVLW      128
0x00A7	0x0625      	XORWF      Main_front_sensor_L0+1, 0
0x00A8	0x00F0      	MOVWF      R0
0x00A9	0x3080      	MOVLW      128
0x00AA	0x3A02      	XORLW      2
0x00AB	0x0270      	SUBWF      R0, 0
0x00AC	0x1D03      	BTFSS      STATUS, 2
0x00AD	0x28B0      	GOTO       L__Main36
0x00AE	0x3058      	MOVLW      88
0x00AF	0x0224      	SUBWF      Main_front_sensor_L0, 0
L__Main36:
0x00B0	0x1803      	BTFSC      STATUS, 0
0x00B1	0x28C6      	GOTO       L_Main13
0x00B2	0x3080      	MOVLW      128
0x00B3	0x0627      	XORWF      Main_back_sensor_L0+1, 0
0x00B4	0x00F0      	MOVWF      R0
0x00B5	0x3080      	MOVLW      128
0x00B6	0x3A02      	XORLW      2
0x00B7	0x0270      	SUBWF      R0, 0
0x00B8	0x1D03      	BTFSS      STATUS, 2
0x00B9	0x28BC      	GOTO       L__Main37
0x00BA	0x3058      	MOVLW      88
0x00BB	0x0226      	SUBWF      Main_back_sensor_L0, 0
L__Main37:
0x00BC	0x1803      	BTFSC      STATUS, 0
0x00BD	0x28C6      	GOTO       L_Main13
L__Main28:
;infrared_distance.c,40 :: 		Air_Cylinder_Down();
0x00BE	0x160C      	BSF        PORTA, 4
0x00BF	0x128C      	BCF        PORTA, 5
;infrared_distance.c,41 :: 		front_state = back_state = OFF;
0x00C0	0x10A8      	BCF        Main_back_state_L0, BitPos(Main_back_state_L0+0)
0x00C1	0x18A8      	BTFSC      Main_back_state_L0, BitPos(Main_back_state_L0+0)
0x00C2	0x28C5      	GOTO       L__Main38
0x00C3	0x1028      	BCF        Main_front_state_L0, BitPos(Main_front_state_L0+0)
0x00C4	0x28C6      	GOTO       L__Main39
L__Main38:
0x00C5	0x1428      	BSF        Main_front_state_L0, BitPos(Main_front_state_L0+0)
L__Main39:
;infrared_distance.c,42 :: 		}
L_Main13:
L_Main10:
L_Main6:
;infrared_distance.c,43 :: 		}
0x00C6	0x2864      	GOTO       L_Main0
;infrared_distance.c,44 :: 		}
L_end_Main:
0x00C7	0x28C7      	GOTO       $+0
; end of _Main
Symbol List:
//** Routines locations **
//ADDRESS    SIZE    PROCEDURE
//----------------------------------------------
0x0003       [6]    _Delay_22us
0x0009      [24]    _ADC_Get_Sample
0x0021      [15]    _ADC_Init
0x0030       [9]    ___CC2DW
0x0039      [22]    _Setup
0x004F       [7]    _ADC_Read
0x0056     [114]    _Main
//** Variables locations ** 
//ADDRESS    SIZE    VARIABLE
//----------------------------------------------
0x0000       [1]    INDF0
0x0001       [1]    INDF1
0x0003       [1]    STATUS
0x0004       [1]    FSR0L
0x0005       [1]    FSR0H
0x0006       [1]    FSR1L
0x0007       [1]    FSR1H
0x000A       [1]    PCLATH
0x000C       [1]    PORTA
0x0020       [4]    _ADC_Get_Sample_Ptr
0x0024       [2]    Main_front_sensor_L0
0x0026       [2]    Main_back_sensor_L0
0x0028       [0]    Main_back_state_L0
0x0028       [0]    Main_front_state_L0
0x0029       [1]    FARG_ADC_Read_channel
0x002A       [1]    FARG_ADC_Get_Sample_channel
0x0070       [1]    R0
0x0071       [1]    R1
0x0072       [1]    R2
0x0073       [1]    R3
0x0074       [1]    R4
0x0075       [1]    R5
0x0076       [1]    R6
0x0077       [1]    R7
0x0078       [1]    R8
0x0079       [1]    R9
0x007A       [1]    R10
0x007B       [1]    R11
0x007C       [1]    R12
0x007D       [1]    R13
0x007E       [1]    R14
0x007F       [1]    R15
0x008C       [1]    TRISA
0x0099       [1]    OSCCON
0x009B       [1]    ADRESL
0x009C       [1]    ADRESH
0x009D       [1]    ADCON0
0x009D       [0]    ADON_bit
0x009D       [0]    GO_NOT_DONE_bit
0x009E       [1]    ADCON1
0x018C       [1]    ANSELA
//** Label List: ** 
//----------------------------------------------
  L_Main0
  L_Main1
  L_Main2
  L_Main3
  L_Main4
  L_Main5
  L_Main6
  L_Main7
  L_Main8
  L_Main9
  L_Main10
  L_Main11
  L_Main12
  L_Main13
  L_Setup14
  L_Dec2Ascii15
  L_Dec2Ascii16
  L_Dec2Ascii17
  L_Dec2Ascii18
  L_Dec2Ascii19
  L_Dec2Ascii20
  L_Dec2Ascii21
  L_Dec2Ascii22
  L_Dec2Ascii23
  L_Dec2Ascii24
  L_Dec2Ascii25
  L_Dec2Ascii26
  L_Dec2Ascii27
  L__Main28
  L__Main29
  L__Main30
  L_end_Main
  _Main
  L__Main32
  L__Main33
  L__Main34
  L__Main35
  L__Main36
  L__Main37
  L__Main38
  L__Main39
  L_end_Setup
  _Setup
  L_end_Debug
  _Debug
  L_end_Dec2Ascii
  _Dec2Ascii
  L_ADC_Get_Sample0
  L_ADC_Get_Sample1
  L_end_ADC_Init
  _ADC_Init
  L_end_ADC_Get_Sample
  _ADC_Get_Sample
  L_end_ADC_Read
  _ADC_Read
  L_Delay_10us0
  L_Delay_22us1
  L_Delay_50us2
  L_Delay_80us3
  L_Delay_500us4
  L_Delay_5500us5
  L_Delay_1ms6
  L_Delay_5ms7
  L_Delay_8ms8
  L_Delay_10ms9
  L_Delay_100ms10
  L_Delay_1sec11
  L_boot16_Delay_5ms12
  L_Delay_Cyc13
  L_Delay_Cyc14
  L_VDelay_ms15
  L_VDelay_ms16
  L_VDelay_ms17
  L_VDelay_Advanced_ms18
  L_VDelay_Advanced_ms19
  L_VDelay_Advanced_ms20
  L_end_Get_Fosc_kHz
  _Get_Fosc_kHz
  L_end_Delay_1us
  _Delay_1us
  L_end_Delay_10us
  _Delay_10us
  L_end_Delay_22us
  _Delay_22us
  L_end_Delay_50us
  _Delay_50us
  L_end_Delay_80us
  _Delay_80us
  L_end_Delay_500us
  _Delay_500us
  L_end_Delay_5500us
  _Delay_5500us
  L_end_Delay_1ms
  _Delay_1ms
  L_end_Delay_5ms
  _Delay_5ms
  L_end_Delay_8ms
  _Delay_8ms
  L_end_Delay_10ms
  _Delay_10ms
  L_end_Delay_100ms
  _Delay_100ms
  L_end_Delay_1sec
  _Delay_1sec
  L_end_boot16_Delay_5ms
  _boot16_Delay_5ms
  L_end_Delay_Cyc
  _Delay_Cyc
  L_end_VDelay_ms
  _VDelay_ms
  L__VDelay_ms38
  L__VDelay_ms39
  L__VDelay_ms40
  L_end_VDelay_Advanced_ms
  _VDelay_Advanced_ms
  L__VDelay_Advanced_ms42
  L__VDelay_Advanced_ms43
  L__VDelay_Advanced_ms44
  L_CA2A_Loop
  L_CA2AW_Loop
  L_CS2S_Loop
  L_CS2S_End
  L_FZinS_Loop
  L_FZinS_End
  _CC2D_Loop1
  _CC2DL_Loop1
  L_end_____DoIFC
  _____DoIFC
  L_end___CA2A
  ___CA2A
  L_end___CA2AW
  ___CA2AW
  L_end___CS2S
  ___CS2S
  L_end___FZinS
  ___FZinS
  L_end___CC2D
  ___CC2D
  L_end___CC2DW
  ___CC2DW
  L_end_Swap
  _Swap
