;  LST file generated by mikroListExporter - v.2.0 
; Date/Time: 2014/08/09 13:03:27
;----------------------------------------------

;Address Opcode 	ASM
0x0000	0x2927      	GOTO       295
_Delay_22us:
;__Lib_Delays.c,15 :: 		void Delay_22us() {
;__Lib_Delays.c,16 :: 		Delay_us(22);
0x0003	0x300E      	MOVLW      14
0x0004	0x00FD      	MOVWF      R13
L_Delay_22us1:
0x0005	0x0BFD      	DECFSZ     R13, 1
0x0006	0x2805      	GOTO       L_Delay_22us1
0x0007	0x0000      	NOP
;__Lib_Delays.c,17 :: 		}
L_end_Delay_22us:
0x0008	0x0008      	RETURN
; end of _Delay_22us
_Div_16x16_S_L:
;__Lib_Math.c,415 :: 		
;__Lib_Math.c,421 :: 		
0x0009	0x0D71      	RLF        R1, 0
;__Lib_Math.c,422 :: 		
0x000A	0x0DF8      	RLF        R8, 1
;__Lib_Math.c,423 :: 		
0x000B	0x0DF9      	RLF        R9, 1
;__Lib_Math.c,424 :: 		
0x000C	0x0874      	MOVF       R4, 0
;__Lib_Math.c,425 :: 		
0x000D	0x02F8      	SUBWF      R8, 1
;__Lib_Math.c,426 :: 		
0x000E	0x0875      	MOVF       R5, 0
;__Lib_Math.c,427 :: 		
0x000F	0x1C03      	BTFSS      STATUS, 0
;__Lib_Math.c,428 :: 		
0x0010	0x0F75      	INCFSZ     R5, 0
;__Lib_Math.c,429 :: 		
0x0011	0x02F9      	SUBWF      R9, 1
;__Lib_Math.c,430 :: 		
0x0012	0x0DF0      	RLF        R0, 1
;__Lib_Math.c,431 :: 		
0x0013	0x0DF1      	RLF        R1, 1
;__Lib_Math.c,433 :: 		
0x0014	0x300F      	MOVLW      15
;__Lib_Math.c,434 :: 		
0x0015	0x00FC      	MOVWF      R12
;__Lib_Math.c,436 :: 		
0x0016	0x0D71      	RLF        R1, 0
;__Lib_Math.c,437 :: 		
0x0017	0x0DF8      	RLF        R8, 1
;__Lib_Math.c,438 :: 		
0x0018	0x0DF9      	RLF        R9, 1
;__Lib_Math.c,439 :: 		
0x0019	0x0874      	MOVF       R4, 0
;__Lib_Math.c,441 :: 		
0x001A	0x1C70      	BTFSS      R0, 0
;__Lib_Math.c,442 :: 		
0x001B	0x2822      	GOTO       $+7
;__Lib_Math.c,443 :: 		
0x001C	0x02F8      	SUBWF      R8, 1
;__Lib_Math.c,444 :: 		
0x001D	0x0875      	MOVF       R5, 0
;__Lib_Math.c,445 :: 		
0x001E	0x1C03      	BTFSS      STATUS, 0
;__Lib_Math.c,446 :: 		
0x001F	0x0F75      	INCFSZ     R5, 0
;__Lib_Math.c,447 :: 		
0x0020	0x02F9      	SUBWF      R9, 1
;__Lib_Math.c,448 :: 		
0x0021	0x2827      	GOTO       $+6
;__Lib_Math.c,450 :: 		
0x0022	0x07F8      	ADDWF      R8, 1
;__Lib_Math.c,451 :: 		
0x0023	0x0875      	MOVF       R5, 0
;__Lib_Math.c,452 :: 		
0x0024	0x1803      	BTFSC      STATUS, 0
;__Lib_Math.c,453 :: 		
0x0025	0x0F75      	INCFSZ     R5, 0
;__Lib_Math.c,454 :: 		
0x0026	0x07F9      	ADDWF      R9, 1
;__Lib_Math.c,456 :: 		
0x0027	0x0DF0      	RLF        R0, 1
;__Lib_Math.c,457 :: 		
0x0028	0x0DF1      	RLF        R1, 1
;__Lib_Math.c,459 :: 		
0x0029	0x0BFC      	DECFSZ     R12, 1
;__Lib_Math.c,460 :: 		
0x002A	0x2816      	GOTO       $-20
;__Lib_Math.c,462 :: 		
0x002B	0x1870      	BTFSC      R0, 0
;__Lib_Math.c,463 :: 		
0x002C	0x2833      	GOTO       $+7
;__Lib_Math.c,464 :: 		
0x002D	0x0874      	MOVF       R4, 0
;__Lib_Math.c,465 :: 		
0x002E	0x07F8      	ADDWF      R8, 1
;__Lib_Math.c,466 :: 		
0x002F	0x0875      	MOVF       R5, 0
;__Lib_Math.c,467 :: 		
0x0030	0x1803      	BTFSC      STATUS, 0
;__Lib_Math.c,468 :: 		
0x0031	0x0F75      	INCFSZ     R5, 0
;__Lib_Math.c,469 :: 		
0x0032	0x07F9      	ADDWF      R9, 1
;__Lib_Math.c,470 :: 		
0x0033	0x0000      	NOP
;__Lib_Math.c,472 :: 		
L_end_Div_16x16_S_L:
0x0034	0x0008      	RETURN
; end of _Div_16x16_S_L
_Div_16x16_S:
;__Lib_Math.c,474 :: 		
;__Lib_Math.c,482 :: 		
0x0035	0x0874      	MOVF       R4, 0
0x0036	0x3A00      	XORLW      0
0x0037	0x1D03      	BTFSS      STATUS, 2
0x0038	0x2842      	GOTO       L_Div_16x16_S0
;__Lib_Math.c,483 :: 		
0x0039	0x0875      	MOVF       R5, 0
0x003A	0x3A00      	XORLW      0
0x003B	0x1D03      	BTFSS      STATUS, 2
0x003C	0x2842      	GOTO       L_Div_16x16_S1
;__Lib_Math.c,484 :: 		
0x003D	0x30FF      	MOVLW      255
0x003E	0x00F0      	MOVWF      R0
;__Lib_Math.c,485 :: 		
0x003F	0x307F      	MOVLW      127
0x0040	0x00F1      	MOVWF      R1
;__Lib_Math.c,486 :: 		
0x0041	0x289A      	GOTO       L_end_Div_16x16_S
;__Lib_Math.c,487 :: 		
L_Div_16x16_S1:
L_Div_16x16_S0:
;__Lib_Math.c,490 :: 		
0x0042	0x0020      	MOVLB      0
;__Lib_Math.c,491 :: 		
0x0043	0x01FD      	CLRF       R13
;__Lib_Math.c,492 :: 		
0x0044	0x01F9      	CLRF       R9
;__Lib_Math.c,493 :: 		
0x0045	0x01F8      	CLRF       R8
;__Lib_Math.c,494 :: 		
0x0046	0x0871      	MOVF       R1, 0
;__Lib_Math.c,495 :: 		
0x0047	0x0470      	IORWF       R0, 0
;__Lib_Math.c,496 :: 		
0x0048	0x1903      	BTFSC      STATUS, 2
;__Lib_Math.c,497 :: 		
0x0049	0x3400      	RETLW      0
;__Lib_Math.c,499 :: 		
0x004A	0x0871      	MOVF       R1, 0
;__Lib_Math.c,500 :: 		
0x004B	0x0675      	XORWF      R5, 0
;__Lib_Math.c,501 :: 		
0x004C	0x00FA      	MOVWF      R10
;__Lib_Math.c,502 :: 		
0x004D	0x1BFA      	BTFSC      R10, 7
;__Lib_Math.c,503 :: 		
0x004E	0x09FD      	COMF       R13, 1
;__Lib_Math.c,505 :: 		
0x004F	0x01FB      	CLRF       R11
;__Lib_Math.c,507 :: 		
0x0050	0x1FF5      	BTFSS      R5, 7
;__Lib_Math.c,508 :: 		
0x0051	0x2857      	GOTO       $+6
;__Lib_Math.c,510 :: 		
0x0052	0x09F4      	COMF       R4, 1
;__Lib_Math.c,511 :: 		
0x0053	0x09F5      	COMF       R5, 1
;__Lib_Math.c,512 :: 		
0x0054	0x0AF4      	INCF       R4, 1
;__Lib_Math.c,513 :: 		
0x0055	0x1903      	BTFSC      STATUS, 2
;__Lib_Math.c,514 :: 		
0x0056	0x0AF5      	INCF       R5, 1
;__Lib_Math.c,516 :: 		
0x0057	0x1FF1      	BTFSS      R1, 7
;__Lib_Math.c,517 :: 		
0x0058	0x285E      	GOTO       $+6
;__Lib_Math.c,519 :: 		
0x0059	0x09F0      	COMF       R0, 1
;__Lib_Math.c,520 :: 		
0x005A	0x09F1      	COMF       R1, 1
;__Lib_Math.c,521 :: 		
0x005B	0x0AF0      	INCF       R0, 1
;__Lib_Math.c,522 :: 		
0x005C	0x1903      	BTFSC      STATUS, 2
;__Lib_Math.c,523 :: 		
0x005D	0x0AF1      	INCF       R1, 1
;__Lib_Math.c,525 :: 		
0x005E	0x0871      	MOVF       R1, 0
;__Lib_Math.c,526 :: 		
0x005F	0x0475      	IORWF       R5, 0
;__Lib_Math.c,527 :: 		
0x0060	0x00FA      	MOVWF      R10
;__Lib_Math.c,528 :: 		
0x0061	0x1BFA      	BTFSC      R10, 7
;__Lib_Math.c,529 :: 		
0x0062	0x2873      	GOTO       $+17
;__Lib_Math.c,531 :: 		
0x0063	0x2009      	CALL       _Div_16x16_S_L
;__Lib_Math.c,533 :: 		
0x0064	0x187B      	BTFSC      R11, 0
;__Lib_Math.c,534 :: 		
0x0065	0x2886      	GOTO       $+33
;__Lib_Math.c,536 :: 		
0x0066	0x1FFD      	BTFSS      R13, 7
;__Lib_Math.c,537 :: 		
0x0067	0x3400      	RETLW      0
;__Lib_Math.c,539 :: 		
0x0068	0x09F0      	COMF       R0, 1
;__Lib_Math.c,540 :: 		
0x0069	0x09F1      	COMF       R1, 1
;__Lib_Math.c,541 :: 		
0x006A	0x0AF0      	INCF       R0, 1
;__Lib_Math.c,542 :: 		
0x006B	0x1903      	BTFSC      STATUS, 2
;__Lib_Math.c,543 :: 		
0x006C	0x0AF1      	INCF       R1, 1
;__Lib_Math.c,545 :: 		
0x006D	0x09F8      	COMF       R8, 1
;__Lib_Math.c,546 :: 		
0x006E	0x09F9      	COMF       R9, 1
;__Lib_Math.c,547 :: 		
0x006F	0x0AF8      	INCF       R8, 1
;__Lib_Math.c,548 :: 		
0x0070	0x1903      	BTFSC      STATUS, 2
;__Lib_Math.c,549 :: 		
0x0071	0x0AF9      	INCF       R9, 1
;__Lib_Math.c,551 :: 		
0x0072	0x3400      	RETLW      0
;__Lib_Math.c,553 :: 		
0x0073	0x1FF5      	BTFSS      R5, 7
;__Lib_Math.c,554 :: 		
0x0074	0x2882      	GOTO       $+14
;__Lib_Math.c,555 :: 		
0x0075	0x1BF1      	BTFSC      R1, 7
;__Lib_Math.c,556 :: 		
0x0076	0x287E      	GOTO       $+8
;__Lib_Math.c,557 :: 		
0x0077	0x0871      	MOVF       R1, 0
;__Lib_Math.c,558 :: 		
0x0078	0x00F9      	MOVWF      R9
;__Lib_Math.c,559 :: 		
0x0079	0x0870      	MOVF       R0, 0
;__Lib_Math.c,560 :: 		
0x007A	0x00F8      	MOVWF      R8
;__Lib_Math.c,561 :: 		
0x007B	0x01F1      	CLRF       R1
;__Lib_Math.c,562 :: 		
0x007C	0x01F0      	CLRF       R0
;__Lib_Math.c,563 :: 		
0x007D	0x2866      	GOTO       $-23
;__Lib_Math.c,564 :: 		
0x007E	0x01F1      	CLRF       R1
;__Lib_Math.c,565 :: 		
0x007F	0x01F0      	CLRF       R0
;__Lib_Math.c,566 :: 		
0x0080	0x0AF0      	INCF       R0, 1
;__Lib_Math.c,567 :: 		
0x0081	0x3400      	RETLW      0
;__Lib_Math.c,569 :: 		
0x0082	0x09F1      	COMF       R1, 1
;__Lib_Math.c,570 :: 		
0x0083	0x09F0      	COMF       R0, 1
;__Lib_Math.c,571 :: 		
0x0084	0x0AFB      	INCF       R11, 1
;__Lib_Math.c,572 :: 		
0x0085	0x2863      	GOTO       $-34
;__Lib_Math.c,574 :: 		
0x0086	0x0AF8      	INCF       R8, 1
;__Lib_Math.c,575 :: 		
0x0087	0x1903      	BTFSC      STATUS, 2
;__Lib_Math.c,576 :: 		
0x0088	0x0AF9      	INCF       R9, 1
;__Lib_Math.c,577 :: 		
0x0089	0x0874      	MOVF       R4, 0
;__Lib_Math.c,578 :: 		
0x008A	0x0278      	SUBWF      R8, 0
;__Lib_Math.c,579 :: 		
0x008B	0x1D03      	BTFSS      STATUS, 2
;__Lib_Math.c,580 :: 		
0x008C	0x2866      	GOTO       $-38
;__Lib_Math.c,581 :: 		
0x008D	0x0875      	MOVF       R5, 0
;__Lib_Math.c,582 :: 		
0x008E	0x0279      	SUBWF      R9, 0
;__Lib_Math.c,583 :: 		
0x008F	0x1D03      	BTFSS      STATUS, 2
;__Lib_Math.c,584 :: 		
0x0090	0x2866      	GOTO       $-42
;__Lib_Math.c,585 :: 		
0x0091	0x01F9      	CLRF       R9
;__Lib_Math.c,586 :: 		
0x0092	0x01F8      	CLRF       R8
;__Lib_Math.c,587 :: 		
0x0093	0x0AF0      	INCF       R0, 1
;__Lib_Math.c,588 :: 		
0x0094	0x1903      	BTFSC      STATUS, 2
;__Lib_Math.c,589 :: 		
0x0095	0x0AF1      	INCF       R1, 1
;__Lib_Math.c,590 :: 		
0x0096	0x1FF1      	BTFSS      R1, 7
;__Lib_Math.c,591 :: 		
0x0097	0x2866      	GOTO       $-49
;__Lib_Math.c,592 :: 		
0x0098	0x0000      	NOP
;__Lib_Math.c,593 :: 		
0x0099	0x34FF      	RETLW      255
;__Lib_Math.c,595 :: 		
L_end_Div_16x16_S:
0x009A	0x0008      	RETURN
; end of _Div_16x16_S
_Mul_16x16_U:
;__Lib_Math.c,136 :: 		
;__Lib_Math.c,143 :: 		
0x009B	0x0020      	MOVLB      0
;__Lib_Math.c,144 :: 		
0x009C	0x01FB      	CLRF       R11
;__Lib_Math.c,145 :: 		
0x009D	0x01FA      	CLRF       R10
;__Lib_Math.c,146 :: 		
0x009E	0x01F9      	CLRF       R9
;__Lib_Math.c,147 :: 		
0x009F	0x3080      	MOVLW      128
;__Lib_Math.c,148 :: 		
0x00A0	0x00F8      	MOVWF      R8
;__Lib_Math.c,149 :: 		
0x00A1	0x0CF1      	RRF        R1, 1
;__Lib_Math.c,150 :: 		
0x00A2	0x0CF0      	RRF        R0, 1
;__Lib_Math.c,151 :: 		
0x00A3	0x1C03      	BTFSS      STATUS, 0
;__Lib_Math.c,152 :: 		
0x00A4	0x28AE      	GOTO       $+10
;__Lib_Math.c,153 :: 		
0x00A5	0x0874      	MOVF       R4, 0
;__Lib_Math.c,154 :: 		
0x00A6	0x07F9      	ADDWF      R9, 1
;__Lib_Math.c,155 :: 		
0x00A7	0x0875      	MOVF       R5, 0
;__Lib_Math.c,156 :: 		
0x00A8	0x1803      	BTFSC      STATUS, 0
;__Lib_Math.c,157 :: 		
0x00A9	0x0F75      	INCFSZ     R5, 0
;__Lib_Math.c,158 :: 		
0x00AA	0x07FA      	ADDWF      R10, 1
;__Lib_Math.c,159 :: 		
0x00AB	0x1803      	BTFSC      STATUS, 0
;__Lib_Math.c,160 :: 		
0x00AC	0x0AFB      	INCF       R11, 1
;__Lib_Math.c,161 :: 		
0x00AD	0x1003      	BCF        STATUS, 0
;__Lib_Math.c,162 :: 		
0x00AE	0x1FF0      	BTFSS      R0, 7
;__Lib_Math.c,163 :: 		
0x00AF	0x28B6      	GOTO       $+7
;__Lib_Math.c,164 :: 		
0x00B0	0x0874      	MOVF       R4, 0
;__Lib_Math.c,165 :: 		
0x00B1	0x07FA      	ADDWF      R10, 1
;__Lib_Math.c,166 :: 		
0x00B2	0x0875      	MOVF       R5, 0
;__Lib_Math.c,167 :: 		
0x00B3	0x1803      	BTFSC      STATUS, 0
;__Lib_Math.c,168 :: 		
0x00B4	0x0F75      	INCFSZ     R5, 0
;__Lib_Math.c,169 :: 		
0x00B5	0x07FB      	ADDWF      R11, 1
;__Lib_Math.c,170 :: 		
0x00B6	0x0CFB      	RRF        R11, 1
;__Lib_Math.c,171 :: 		
0x00B7	0x0CFA      	RRF        R10, 1
;__Lib_Math.c,172 :: 		
0x00B8	0x0CF9      	RRF        R9, 1
;__Lib_Math.c,173 :: 		
0x00B9	0x0CF8      	RRF        R8, 1
;__Lib_Math.c,174 :: 		
0x00BA	0x1C03      	BTFSS      STATUS, 0
;__Lib_Math.c,175 :: 		
0x00BB	0x28A1      	GOTO       $-26
;__Lib_Math.c,176 :: 		
0x00BC	0x087B      	MOVF       R11, 0
;__Lib_Math.c,177 :: 		
0x00BD	0x00F3      	MOVWF      R3
;__Lib_Math.c,178 :: 		
0x00BE	0x087A      	MOVF       R10, 0
;__Lib_Math.c,179 :: 		
0x00BF	0x00F2      	MOVWF      R2
;__Lib_Math.c,180 :: 		
0x00C0	0x0879      	MOVF       R9, 0
;__Lib_Math.c,181 :: 		
0x00C1	0x00F1      	MOVWF      R1
;__Lib_Math.c,182 :: 		
0x00C2	0x0878      	MOVF       R8, 0
;__Lib_Math.c,183 :: 		
0x00C3	0x00F0      	MOVWF      R0
;__Lib_Math.c,186 :: 		
L_end_Mul_16x16_U:
0x00C4	0x0008      	RETURN
; end of _Mul_16x16_U
_ADC_Get_Sample:
;__Lib_ADC.c,27 :: 		
;__Lib_ADC.c,28 :: 		
0x00C5	0x3083      	MOVLW      131
0x00C6	0x0021      	MOVLB      1
0x00C7	0x059D      	ANDWF      ADCON0, 1
;__Lib_ADC.c,29 :: 		
0x00C8	0x0020      	MOVLB      0
0x00C9	0x082E      	MOVF       FARG_ADC_Get_Sample_channel, 0
0x00CA	0x00F0      	MOVWF      R0
0x00CB	0x35F0      	LSLF       R0, 1
0x00CC	0x35F0      	LSLF       R0, 1
0x00CD	0x0870      	MOVF       R0, 0
0x00CE	0x0021      	MOVLB      1
0x00CF	0x049D      	IORWF       ADCON0, 1
;__Lib_ADC.c,32 :: 		
0x00D0	0x2003      	CALL       _Delay_22us
;__Lib_ADC.c,35 :: 		
0x00D1	0x149D      	BSF        GO_NOT_DONE_bit, BitPos(GO_NOT_DONE_bit+0)
;__Lib_ADC.c,38 :: 		
L_ADC_Get_Sample0:
0x00D2	0x1C9D      	BTFSS      GO_NOT_DONE_bit, BitPos(GO_NOT_DONE_bit+0)
0x00D3	0x28D5      	GOTO       L_ADC_Get_Sample1
;__Lib_ADC.c,39 :: 		
0x00D4	0x28D2      	GOTO       L_ADC_Get_Sample0
L_ADC_Get_Sample1:
;__Lib_ADC.c,41 :: 		
0x00D5	0x081C      	MOVF       ADRESH, 0
0x00D6	0x00F1      	MOVWF      R1
0x00D7	0x01F0      	CLRF       R0
0x00D8	0x081B      	MOVF       ADRESL, 0
0x00D9	0x04F0      	IORWF       R0, 1
0x00DA	0x3000      	MOVLW      0
0x00DB	0x04F1      	IORWF       R1, 1
;__Lib_ADC.c,42 :: 		
L_end_ADC_Get_Sample:
0x00DC	0x0008      	RETURN
; end of _ADC_Get_Sample
_ADC_Init:
;__Lib_ADC.c,19 :: 		
;__Lib_ADC.c,20 :: 		
0x00DD	0x30C5      	MOVLW      _ADC_Get_Sample
0x00DE	0x0020      	MOVLB      0
0x00DF	0x00A0      	MOVWF      _ADC_Get_Sample_Ptr
0x00E0	0x3000      	MOVLW      hi_addr(_ADC_Get_Sample)
0x00E1	0x00A1      	MOVWF      _ADC_Get_Sample_Ptr+1
0x00E2	0x302E      	MOVLW      FARG_ADC_Get_Sample_channel
0x00E3	0x00A2      	MOVWF      _ADC_Get_Sample_Ptr+2
0x00E4	0x3000      	MOVLW      hi_addr(FARG_ADC_Get_Sample_channel)
0x00E5	0x00A3      	MOVWF      _ADC_Get_Sample_Ptr+3
;__Lib_ADC.c,21 :: 		
0x00E6	0x30F0      	MOVLW      240
0x00E7	0x0021      	MOVLB      1
0x00E8	0x009E      	MOVWF      ADCON1
;__Lib_ADC.c,22 :: 		
0x00E9	0x019D      	CLRF       ADCON0
;__Lib_ADC.c,23 :: 		
0x00EA	0x141D      	BSF        ADON_bit, BitPos(ADON_bit+0)
;__Lib_ADC.c,24 :: 		
L_end_ADC_Init:
0x00EB	0x0008      	RETURN
; end of _ADC_Init
_map:
;ADC.c,41 :: 		int map(int val, int from_low, int from_high, int to_low, int to_high)
;ADC.c,43 :: 		return (val - from_low) * (to_high - to_low) / (from_high - from_low) + to_low;
0x00EC	0x0020      	MOVLB      0
0x00ED	0x0826      	MOVF       FARG_map_from_low, 0
0x00EE	0x0224      	SUBWF      FARG_map_val, 0
0x00EF	0x00F4      	MOVWF      R4
0x00F0	0x0827      	MOVF       FARG_map_from_low+1, 0
0x00F1	0x3B25      	SUBWFB     FARG_map_val+1, 0
0x00F2	0x00F5      	MOVWF      R5
0x00F3	0x082A      	MOVF       FARG_map_to_low, 0
0x00F4	0x022C      	SUBWF      FARG_map_to_high, 0
0x00F5	0x00F0      	MOVWF      R0
0x00F6	0x082B      	MOVF       FARG_map_to_low+1, 0
0x00F7	0x3B2D      	SUBWFB     FARG_map_to_high+1, 0
0x00F8	0x00F1      	MOVWF      R1
0x00F9	0x209B      	CALL       _Mul_16x16_U
0x00FA	0x0826      	MOVF       FARG_map_from_low, 0
0x00FB	0x0228      	SUBWF      FARG_map_from_high, 0
0x00FC	0x00F4      	MOVWF      R4
0x00FD	0x0827      	MOVF       FARG_map_from_low+1, 0
0x00FE	0x3B29      	SUBWFB     FARG_map_from_high+1, 0
0x00FF	0x00F5      	MOVWF      R5
0x0100	0x2035      	CALL       _Div_16x16_S
0x0101	0x082A      	MOVF       FARG_map_to_low, 0
0x0102	0x07F0      	ADDWF      R0, 1
0x0103	0x082B      	MOVF       FARG_map_to_low+1, 0
0x0104	0x3DF1      	ADDWFC     R1, 1
;ADC.c,44 :: 		}
L_end_map:
0x0105	0x0008      	RETURN
; end of _map
___CC2DW:
;__Lib_System.c,71 :: 		
;__Lib_System.c,73 :: 		
_CC2DL_Loop1:
;__Lib_System.c,74 :: 		
0x0106	0x0012      	MOVIW      INDF0++ 
;__Lib_System.c,75 :: 		
0x0107	0x001E      	MOVWI      INDF1++ 
;__Lib_System.c,76 :: 		
0x0108	0x03F0      	DECF       R0, 1
;__Lib_System.c,77 :: 		
0x0109	0x1D03      	BTFSS      STATUS, 2
;__Lib_System.c,78 :: 		
0x010A	0x2906      	GOTO       _CC2DL_Loop1
;__Lib_System.c,79 :: 		
0x010B	0x03F1      	DECF       R1, 1
;__Lib_System.c,80 :: 		
0x010C	0x1D03      	BTFSS      STATUS, 2
;__Lib_System.c,81 :: 		
0x010D	0x2906      	GOTO       _CC2DL_Loop1
;__Lib_System.c,83 :: 		
L_end___CC2DW:
0x010E	0x0008      	RETURN
; end of ___CC2DW
_ADC_Read:
;__Lib_ADC.c,44 :: 		
;__Lib_ADC.c,46 :: 		
0x010F	0x20DD      	CALL       _ADC_Init
;__Lib_ADC.c,47 :: 		
0x0110	0x0020      	MOVLB      0
0x0111	0x0824      	MOVF       FARG_ADC_Read_channel, 0
0x0112	0x00AE      	MOVWF      FARG_ADC_Get_Sample_channel
0x0113	0x20C5      	CALL       _ADC_Get_Sample
;__Lib_ADC.c,48 :: 		
0x0114	0x101D      	BCF        ADON_bit, BitPos(ADON_bit+0)
;__Lib_ADC.c,49 :: 		
;__Lib_ADC.c,50 :: 		
L_end_ADC_Read:
0x0115	0x0008      	RETURN
; end of _ADC_Read
_DAC_Init:
;ADC.c,35 :: 		void DAC_Init()
;ADC.c,37 :: 		DACCON0 = 0xE0;
0x0116	0x30E0      	MOVLW      224
0x0117	0x0022      	MOVLB      2
0x0118	0x0098      	MOVWF      DACCON0
;ADC.c,38 :: 		DACCON1 = 0x00;  //(Vdd * (DACCON1 / 2^5))
0x0119	0x0199      	CLRF       DACCON1
;ADC.c,39 :: 		}
L_end_DAC_Init:
0x011A	0x0008      	RETURN
; end of _DAC_Init
_Setup:
;ADC.c,24 :: 		void Setup()
;ADC.c,26 :: 		OSCCON = 0x70;
0x011B	0x3070      	MOVLW      112
0x011C	0x0021      	MOVLB      1
0x011D	0x0099      	MOVWF      OSCCON
;ADC.c,28 :: 		ANSELA = 0x02;
0x011E	0x3002      	MOVLW      2
0x011F	0x0023      	MOVLB      3
0x0120	0x008C      	MOVWF      ANSELA
;ADC.c,30 :: 		TRISA  = 0x02;
0x0121	0x3002      	MOVLW      2
0x0122	0x0021      	MOVLB      1
0x0123	0x008C      	MOVWF      TRISA
;ADC.c,32 :: 		PORTA  = 0x00;
0x0124	0x0020      	MOVLB      0
0x0125	0x018C      	CLRF       PORTA
;ADC.c,33 :: 		}
L_end_Setup:
0x0126	0x0008      	RETURN
; end of _Setup
_Main:
;ADC.c,7 :: 		void Main()
;ADC.c,11 :: 		Setup();
0x0127	0x211B      	CALL       _Setup
;ADC.c,13 :: 		DAC_Init();
0x0128	0x2116      	CALL       _DAC_Init
;ADC.c,15 :: 		ADC_Init();
0x0129	0x20DD      	CALL       _ADC_Init
;ADC.c,17 :: 		while(1){
L_Main0:
;ADC.c,18 :: 		tmp = ADC_Read(AN_pin);
0x012A	0x3001      	MOVLW      1
0x012B	0x0020      	MOVLB      0
0x012C	0x00A4      	MOVWF      FARG_ADC_Read_channel
0x012D	0x210F      	CALL       _ADC_Read
;ADC.c,19 :: 		DACCON1 = map(tmp, 0, 1023, 0, 31);
0x012E	0x0870      	MOVF       R0, 0
0x012F	0x0020      	MOVLB      0
0x0130	0x00A4      	MOVWF      FARG_map_val
0x0131	0x0871      	MOVF       R1, 0
0x0132	0x00A5      	MOVWF      FARG_map_val+1
0x0133	0x01A6      	CLRF       FARG_map_from_low
0x0134	0x01A7      	CLRF       FARG_map_from_low+1
0x0135	0x30FF      	MOVLW      255
0x0136	0x00A8      	MOVWF      FARG_map_from_high
0x0137	0x3003      	MOVLW      3
0x0138	0x00A9      	MOVWF      FARG_map_from_high+1
0x0139	0x01AA      	CLRF       FARG_map_to_low
0x013A	0x01AB      	CLRF       FARG_map_to_low+1
0x013B	0x301F      	MOVLW      31
0x013C	0x00AC      	MOVWF      FARG_map_to_high
0x013D	0x3000      	MOVLW      0
0x013E	0x00AD      	MOVWF      FARG_map_to_high+1
0x013F	0x20EC      	CALL       _map
0x0140	0x0870      	MOVF       R0, 0
0x0141	0x0022      	MOVLB      2
0x0142	0x0099      	MOVWF      DACCON1
;ADC.c,20 :: 		Delay_us(10);
0x0143	0x3006      	MOVLW      6
0x0144	0x00FD      	MOVWF      R13
L_Main2:
0x0145	0x0BFD      	DECFSZ     R13, 1
0x0146	0x2945      	GOTO       L_Main2
0x0147	0x0000      	NOP
;ADC.c,21 :: 		}
0x0148	0x292A      	GOTO       L_Main0
;ADC.c,22 :: 		}
L_end_Main:
0x0149	0x2949      	GOTO       $+0
; end of _Main
Symbol List:
//** Routines locations **
//ADDRESS    SIZE    PROCEDURE
//----------------------------------------------
0x0003       [6]    _Delay_22us
0x0009      [44]    _Div_16x16_S_L
0x0035     [102]    _Div_16x16_S
0x009B      [42]    _Mul_16x16_U
0x00C5      [24]    _ADC_Get_Sample
0x00DD      [15]    _ADC_Init
0x00EC      [26]    _map
0x0106       [9]    ___CC2DW
0x010F       [7]    _ADC_Read
0x0116       [5]    _DAC_Init
0x011B      [12]    _Setup
0x0127      [35]    _Main
//** Variables locations ** 
//ADDRESS    SIZE    VARIABLE
//----------------------------------------------
0x0000       [1]    INDF0
0x0001       [1]    INDF1
0x0003       [1]    STATUS
0x0004       [1]    FSR0L
0x0005       [1]    FSR0H
0x0006       [1]    FSR1L
0x0007       [1]    FSR1H
0x000A       [1]    PCLATH
0x000C       [1]    PORTA
0x0020       [4]    _ADC_Get_Sample_Ptr
0x0024       [2]    FARG_map_val
0x0024       [1]    FARG_ADC_Read_channel
0x0026       [2]    FARG_map_from_low
0x0028       [2]    FARG_map_from_high
0x002A       [2]    FARG_map_to_low
0x002C       [2]    FARG_map_to_high
0x002E       [1]    FARG_ADC_Get_Sample_channel
0x0070       [1]    R0
0x0071       [1]    R1
0x0072       [1]    R2
0x0073       [1]    R3
0x0074       [1]    R4
0x0075       [1]    R5
0x0076       [1]    R6
0x0077       [1]    R7
0x0078       [1]    R8
0x0079       [1]    R9
0x007A       [1]    R10
0x007B       [1]    R11
0x007C       [1]    R12
0x007D       [1]    R13
0x007E       [1]    R14
0x007F       [1]    R15
0x008C       [1]    TRISA
0x0099       [1]    OSCCON
0x009B       [1]    ADRESL
0x009C       [1]    ADRESH
0x009D       [0]    ADON_bit
0x009D       [0]    GO_NOT_DONE_bit
0x009D       [1]    ADCON0
0x009E       [1]    ADCON1
0x0118       [1]    DACCON0
0x0119       [1]    DACCON1
0x018C       [1]    ANSELA
//** Label List: ** 
//----------------------------------------------
  L_Main0
  L_Main1
  L_Main2
  L_end_Main
  _Main
  L_end_Setup
  _Setup
  L_end_DAC_Init
  _DAC_Init
  L_end_map
  _map
  L_ADC_Get_Sample0
  L_ADC_Get_Sample1
  L_end_ADC_Init
  _ADC_Init
  L_end_ADC_Get_Sample
  _ADC_Get_Sample
  L_end_ADC_Read
  _ADC_Read
  L_Delay_10us0
  L_Delay_22us1
  L_Delay_50us2
  L_Delay_80us3
  L_Delay_500us4
  L_Delay_5500us5
  L_Delay_1ms6
  L_Delay_5ms7
  L_Delay_8ms8
  L_Delay_10ms9
  L_Delay_100ms10
  L_Delay_1sec11
  L_boot16_Delay_5ms12
  L_Delay_Cyc13
  L_Delay_Cyc14
  L_VDelay_ms15
  L_VDelay_ms16
  L_VDelay_ms17
  L_VDelay_Advanced_ms18
  L_VDelay_Advanced_ms19
  L_VDelay_Advanced_ms20
  L_end_Get_Fosc_kHz
  _Get_Fosc_kHz
  L_end_Delay_1us
  _Delay_1us
  L_end_Delay_10us
  _Delay_10us
  L_end_Delay_22us
  _Delay_22us
  L_end_Delay_50us
  _Delay_50us
  L_end_Delay_80us
  _Delay_80us
  L_end_Delay_500us
  _Delay_500us
  L_end_Delay_5500us
  _Delay_5500us
  L_end_Delay_1ms
  _Delay_1ms
  L_end_Delay_5ms
  _Delay_5ms
  L_end_Delay_8ms
  _Delay_8ms
  L_end_Delay_10ms
  _Delay_10ms
  L_end_Delay_100ms
  _Delay_100ms
  L_end_Delay_1sec
  _Delay_1sec
  L_end_boot16_Delay_5ms
  _boot16_Delay_5ms
  L_end_Delay_Cyc
  _Delay_Cyc
  L_end_VDelay_ms
  _VDelay_ms
  L__VDelay_ms38
  L__VDelay_ms39
  L__VDelay_ms40
  L_end_VDelay_Advanced_ms
  _VDelay_Advanced_ms
  L__VDelay_Advanced_ms42
  L__VDelay_Advanced_ms43
  L__VDelay_Advanced_ms44
  L_Div_16x16_S0
  L_Div_16x16_S1
  LOOPS3232A
  SADD22LA
  SOK22LA
  SADD22L8
  SOK22L8
  LOOPS3232B
  SADD22LB
  SOK22LB
  SADD22L16
  SOK22L16
  LOOPS3232C
  SADD22LC
  SOK22LC
  SADD22L24
  SOK22L24
  LOOPS3232D
  SADD22LD
  SOK22LD
  SOK22L
  L_Div_32x32_S6
  L_Div_32x32_S7
  L_Div_32x32_S8
  L_Div_32x32_S9
  FXD3232S
  END_ALL
  CA3232S
  C3232SX
  C3232SX1
  C3232S
  C3232S2
  C3232SX4
  C3232SOK
  C3232SX3
  C3232SX2
  avoid_comfrem
  LOOPU3232A
  UADD22LA
  UOK22LA
  UADD22L8
  UOK22L8
  LOOPU3232B
  UADD22LB
  UOK22LB
  UADD22L16
  UOK22L16
  LOOPU3232C
  UADD22LC
  UOK22LC
  UADD22L24
  UOK22L24
  LOOPU3232D
  UADD22LD
  UOK22LD
  UOK22L
  _NEXT
  _EXIT2
  _LOOP
  _EXIT1
  _IF_FIRST
  _IF_SECOND
  _INVERCE_FIRST
  _MULT
  _INBERSE_SECOND
  _EXIT
  L_end_Mul_8x8_U
  _Mul_8x8_U
  L_end_Mul_16x16_U
  _Mul_16x16_U
  L_end_Div_8x8_U
  _Div_8x8_U
  L_end_Div_16x16_U
  _Div_16x16_U
  L_end_Mul_8x8_S
  _Mul_8x8_S
  L_end_Mul_16x16_S
  _Mul_16x16_S
  L_end_Div_16x16_S_L
  _Div_16x16_S_L
  L_end_Div_16x16_S
  _Div_16x16_S
  L_end_Div_8x8_S
  _Div_8x8_S
  L_end_SDIV3232L
  _SDIV3232L
  L_end_COMFREM
  _COMFREM
  L_end_Div_32x32_S
  _Div_32x32_S
  L_end_Div_32x32_U
  _Div_32x32_U
  L_end_Mul_32x32_U
  _Mul_32x32_U
  L_end_Mul_32x32_S
  _Mul_32x32_S
  L_CA2A_Loop
  L_CA2AW_Loop
  L_CS2S_Loop
  L_CS2S_End
  L_FZinS_Loop
  L_FZinS_End
  _CC2D_Loop1
  _CC2DL_Loop1
  L_end_____DoIFC
  _____DoIFC
  L_end___CA2A
  ___CA2A
  L_end___CA2AW
  ___CA2AW
  L_end___CS2S
  ___CS2S
  L_end___FZinS
  ___FZinS
  L_end___CC2D
  ___CC2D
  L_end___CC2DW
  ___CC2DW
  L_end_Swap
  _Swap
