;  LST file generated by mikroListExporter - v.2.0 
; Date/Time: 2014/10/07 23:24:55
;----------------------------------------------

;Address Opcode 	ASM
0x0000	0x2911      	GOTO       273
_UART1_Write:
;__Lib_UART_c67.c,54 :: 		
;__Lib_UART_c67.c,55 :: 		
L_UART1_Write3:
0x0003	0x0023      	MOVLB      3
0x0004	0x189E      	BTFSC      TXSTA, 1
0x0005	0x2808      	GOTO       L_UART1_Write4
;__Lib_UART_c67.c,56 :: 		
0x0006	0x0000      	NOP
0x0007	0x2803      	GOTO       L_UART1_Write3
L_UART1_Write4:
;__Lib_UART_c67.c,57 :: 		
0x0008	0x0020      	MOVLB      0
0x0009	0x0836      	MOVF       FARG_UART1_Write_data_, 0
0x000A	0x0023      	MOVLB      3
0x000B	0x009A      	MOVWF      TXREG
;__Lib_UART_c67.c,58 :: 		
L_end_UART1_Write:
0x000C	0x0008      	RETURN
; end of _UART1_Write
_UART1_Init:
;__Lib_UART_c67.c,12 :: 		
;__Lib_UART_c67.c,15 :: 		
0x000D	0x3003      	MOVLW      _UART1_Write
0x000E	0x0020      	MOVLB      0
0x000F	0x00A8      	MOVWF      _UART_Wr_Ptr
0x0010	0x3000      	MOVLW      hi_addr(_UART1_Write)
0x0011	0x00A9      	MOVWF      _UART_Wr_Ptr+1
0x0012	0x3036      	MOVLW      FARG_UART1_Write_data_
0x0013	0x00AA      	MOVWF      _UART_Wr_Ptr+2
0x0014	0x3000      	MOVLW      hi_addr(FARG_UART1_Write_data_)
0x0015	0x00AB      	MOVWF      _UART_Wr_Ptr+3
;__Lib_UART_c67.c,16 :: 		
0x0016	0x30FF      	MOVLW      _UART1_Read
0x0017	0x00A4      	MOVWF      _UART_Rd_Ptr
0x0018	0x30FF      	MOVLW      hi_addr(_UART1_Read)
0x0019	0x00A5      	MOVWF      _UART_Rd_Ptr+1
0x001A	0x3000      	MOVLW      0
0x001B	0x00A6      	MOVWF      _UART_Rd_Ptr+2
0x001C	0x3000      	MOVLW      0
0x001D	0x00A7      	MOVWF      _UART_Rd_Ptr+3
;__Lib_UART_c67.c,17 :: 		
0x001E	0x30FF      	MOVLW      _UART1_Data_Ready
0x001F	0x00A0      	MOVWF      _UART_Rdy_Ptr
0x0020	0x30FF      	MOVLW      hi_addr(_UART1_Data_Ready)
0x0021	0x00A1      	MOVWF      _UART_Rdy_Ptr+1
0x0022	0x3000      	MOVLW      0
0x0023	0x00A2      	MOVWF      _UART_Rdy_Ptr+2
0x0024	0x3000      	MOVLW      0
0x0025	0x00A3      	MOVWF      _UART_Rdy_Ptr+3
;__Lib_UART_c67.c,18 :: 		
0x0026	0x30FF      	MOVLW      _UART1_Tx_Idle
0x0027	0x00AC      	MOVWF      _UART_Tx_Idle_Ptr
0x0028	0x30FF      	MOVLW      hi_addr(_UART1_Tx_Idle)
0x0029	0x00AD      	MOVWF      _UART_Tx_Idle_Ptr+1
0x002A	0x3000      	MOVLW      0
0x002B	0x00AE      	MOVWF      _UART_Tx_Idle_Ptr+2
0x002C	0x3000      	MOVLW      0
0x002D	0x00AF      	MOVWF      _UART_Tx_Idle_Ptr+3
;__Lib_UART_c67.c,20 :: 		
0x002E	0x0023      	MOVLB      3
0x002F	0x169E      	BSF        TXSTA, 5
;__Lib_UART_c67.c,21 :: 		
0x0030	0x3090      	MOVLW      144
0x0031	0x009D      	MOVWF      RCSTA
;__Lib_UART_c67.c,22 :: 		
0x0032	0x0021      	MOVLB      1
0x0033	0x178E      	BSF        TRISC7_bit, BitPos(TRISC7_bit+0)
;__Lib_UART_c67.c,23 :: 		
0x0034	0x130E      	BCF        TRISC6_bit, BitPos(TRISC6_bit+0)
;__Lib_UART_c67.c,25 :: 		
L_UART1_Init0:
0x0035	0x0020      	MOVLB      0
0x0036	0x1E91      	BTFSS      PIR1, 5
0x0037	0x283C      	GOTO       L_UART1_Init1
;__Lib_UART_c67.c,26 :: 		
0x0038	0x0023      	MOVLB      3
0x0039	0x0819      	MOVF       RCREG, 0
0x003A	0x00F0      	MOVWF      R0
0x003B	0x2835      	GOTO       L_UART1_Init0
L_UART1_Init1:
;__Lib_UART_c67.c,27 :: 		
L_end_UART1_Init:
0x003C	0x0008      	RETURN
; end of _UART1_Init
_ParityCheck:
;arm_v2.c,68 :: 		char ParityCheck(unsigned char _data)
;arm_v2.c,70 :: 		return ((_data & 0b10000000) >> 7) ^
0x003D	0x3080      	MOVLW      128
0x003E	0x0020      	MOVLB      0
0x003F	0x0536      	ANDWF      FARG_ParityCheck__data, 0
0x0040	0x00F1      	MOVWF      R1
0x0041	0x3007      	MOVLW      7
0x0042	0x00F0      	MOVWF      R0
0x0043	0x0871      	MOVF       R1, 0
0x0044	0x00F3      	MOVWF      R3
0x0045	0x0870      	MOVF       R0, 0
L__ParityCheck18:
0x0046	0x1903      	BTFSC      STATUS, 2
0x0047	0x284B      	GOTO       L__ParityCheck19
0x0048	0x36F3      	LSRF       R3, 1
0x0049	0x3EFF      	ADDLW      255
0x004A	0x2846      	GOTO       L__ParityCheck18
L__ParityCheck19:
;arm_v2.c,71 :: 		((_data & 0b01000000) >> 6) ^
0x004B	0x3040      	MOVLW      64
0x004C	0x0536      	ANDWF      FARG_ParityCheck__data, 0
0x004D	0x00F2      	MOVWF      R2
0x004E	0x3006      	MOVLW      6
0x004F	0x00F1      	MOVWF      R1
0x0050	0x0872      	MOVF       R2, 0
0x0051	0x00F0      	MOVWF      R0
0x0052	0x0871      	MOVF       R1, 0
L__ParityCheck20:
0x0053	0x1903      	BTFSC      STATUS, 2
0x0054	0x2858      	GOTO       L__ParityCheck21
0x0055	0x36F0      	LSRF       R0, 1
0x0056	0x3EFF      	ADDLW      255
0x0057	0x2853      	GOTO       L__ParityCheck20
L__ParityCheck21:
0x0058	0x0870      	MOVF       R0, 0
0x0059	0x06F3      	XORWF      R3, 1
;arm_v2.c,72 :: 		((_data & 0b00100000) >> 5) ^
0x005A	0x3020      	MOVLW      32
0x005B	0x0536      	ANDWF      FARG_ParityCheck__data, 0
0x005C	0x00F2      	MOVWF      R2
0x005D	0x3005      	MOVLW      5
0x005E	0x00F1      	MOVWF      R1
0x005F	0x0872      	MOVF       R2, 0
0x0060	0x00F0      	MOVWF      R0
0x0061	0x0871      	MOVF       R1, 0
L__ParityCheck22:
0x0062	0x1903      	BTFSC      STATUS, 2
0x0063	0x2867      	GOTO       L__ParityCheck23
0x0064	0x36F0      	LSRF       R0, 1
0x0065	0x3EFF      	ADDLW      255
0x0066	0x2862      	GOTO       L__ParityCheck22
L__ParityCheck23:
0x0067	0x0870      	MOVF       R0, 0
0x0068	0x06F3      	XORWF      R3, 1
;arm_v2.c,73 :: 		((_data & 0b00010000) >> 4) ^
0x0069	0x3010      	MOVLW      16
0x006A	0x0536      	ANDWF      FARG_ParityCheck__data, 0
0x006B	0x00F2      	MOVWF      R2
0x006C	0x0872      	MOVF       R2, 0
0x006D	0x00F0      	MOVWF      R0
0x006E	0x36F0      	LSRF       R0, 1
0x006F	0x36F0      	LSRF       R0, 1
0x0070	0x36F0      	LSRF       R0, 1
0x0071	0x36F0      	LSRF       R0, 1
0x0072	0x0870      	MOVF       R0, 0
0x0073	0x06F3      	XORWF      R3, 1
;arm_v2.c,74 :: 		((_data & 0b00001000) >> 3) ^
0x0074	0x3008      	MOVLW      8
0x0075	0x0536      	ANDWF      FARG_ParityCheck__data, 0
0x0076	0x00F2      	MOVWF      R2
0x0077	0x0872      	MOVF       R2, 0
0x0078	0x00F0      	MOVWF      R0
0x0079	0x36F0      	LSRF       R0, 1
0x007A	0x36F0      	LSRF       R0, 1
0x007B	0x36F0      	LSRF       R0, 1
0x007C	0x0870      	MOVF       R0, 0
0x007D	0x06F3      	XORWF      R3, 1
;arm_v2.c,75 :: 		((_data & 0b00000100) >> 2) ^
0x007E	0x3004      	MOVLW      4
0x007F	0x0536      	ANDWF      FARG_ParityCheck__data, 0
0x0080	0x00F2      	MOVWF      R2
0x0081	0x0872      	MOVF       R2, 0
0x0082	0x00F0      	MOVWF      R0
0x0083	0x36F0      	LSRF       R0, 1
0x0084	0x36F0      	LSRF       R0, 1
0x0085	0x0870      	MOVF       R0, 0
0x0086	0x06F3      	XORWF      R3, 1
;arm_v2.c,76 :: 		((_data & 0b00000010) >> 1) ^
0x0087	0x3002      	MOVLW      2
0x0088	0x0536      	ANDWF      FARG_ParityCheck__data, 0
0x0089	0x00F2      	MOVWF      R2
0x008A	0x0872      	MOVF       R2, 0
0x008B	0x00F0      	MOVWF      R0
0x008C	0x36F0      	LSRF       R0, 1
0x008D	0x0870      	MOVF       R0, 0
0x008E	0x0673      	XORWF      R3, 0
0x008F	0x00F1      	MOVWF      R1
;arm_v2.c,77 :: 		(_data & 0b00000001);
0x0090	0x3001      	MOVLW      1
0x0091	0x0536      	ANDWF      FARG_ParityCheck__data, 0
0x0092	0x00F0      	MOVWF      R0
0x0093	0x0871      	MOVF       R1, 0
0x0094	0x06F0      	XORWF      R0, 1
;arm_v2.c,78 :: 		}
L_end_ParityCheck:
0x0095	0x0008      	RETURN
; end of _ParityCheck
___CC2DW:
;__Lib_System.c,71 :: 		
;__Lib_System.c,73 :: 		
_CC2DL_Loop1:
;__Lib_System.c,74 :: 		
0x0096	0x0012      	MOVIW      INDF0++ 
;__Lib_System.c,75 :: 		
0x0097	0x001E      	MOVWI      INDF1++ 
;__Lib_System.c,76 :: 		
0x0098	0x03F0      	DECF       R0, 1
;__Lib_System.c,77 :: 		
0x0099	0x1D03      	BTFSS      STATUS, 2
;__Lib_System.c,78 :: 		
0x009A	0x2896      	GOTO       _CC2DL_Loop1
;__Lib_System.c,79 :: 		
0x009B	0x03F1      	DECF       R1, 1
;__Lib_System.c,80 :: 		
0x009C	0x1D03      	BTFSS      STATUS, 2
;__Lib_System.c,81 :: 		
0x009D	0x2896      	GOTO       _CC2DL_Loop1
;__Lib_System.c,83 :: 		
L_end___CC2DW:
0x009E	0x0008      	RETURN
; end of ___CC2DW
_SetUp:
;arm_v2.c,22 :: 		void SetUp()
;arm_v2.c,24 :: 		OSCCON = 0x70;
0x009F	0x3070      	MOVLW      112
0x00A0	0x0021      	MOVLB      1
0x00A1	0x0099      	MOVWF      OSCCON
;arm_v2.c,26 :: 		TXSTA.TX9 = 1;
0x00A2	0x0023      	MOVLB      3
0x00A3	0x171E      	BSF        TXSTA, 6
;arm_v2.c,28 :: 		ANSELA = 0x00;
0x00A4	0x018C      	CLRF       ANSELA
;arm_v2.c,29 :: 		ANSELB = 0x00;
0x00A5	0x018D      	CLRF       ANSELB
;arm_v2.c,30 :: 		ANSELD = 0x00;
0x00A6	0x018F      	CLRF       ANSELD
;arm_v2.c,31 :: 		ANSELE = 0x00;
0x00A7	0x0190      	CLRF       ANSELE
;arm_v2.c,33 :: 		TRISA  = 0x00;
0x00A8	0x0021      	MOVLB      1
0x00A9	0x018C      	CLRF       TRISA
;arm_v2.c,34 :: 		TRISB  = 0x00;
0x00AA	0x018D      	CLRF       TRISB
;arm_v2.c,35 :: 		TRISC  = 0x00;
0x00AB	0x018E      	CLRF       TRISC
;arm_v2.c,36 :: 		TRISD  = 0x00;
0x00AC	0x018F      	CLRF       TRISD
;arm_v2.c,37 :: 		TRISE  = 0x00;
0x00AD	0x0190      	CLRF       TRISE
;arm_v2.c,39 :: 		PORTA  = 0x00;
0x00AE	0x0020      	MOVLB      0
0x00AF	0x018C      	CLRF       PORTA
;arm_v2.c,40 :: 		PORTB  = 0x00;
0x00B0	0x018D      	CLRF       PORTB
;arm_v2.c,41 :: 		PORTC  = 0x00;
0x00B1	0x018E      	CLRF       PORTC
;arm_v2.c,42 :: 		PORTD  = 0x00;
0x00B2	0x018F      	CLRF       PORTD
;arm_v2.c,43 :: 		PORTE  = 0x00;
0x00B3	0x0190      	CLRF       PORTE
;arm_v2.c,45 :: 		UART1_Init(115200);
0x00B4	0x0023      	MOVLB      3
0x00B5	0x159F      	BSF        BAUDCON, 3
0x00B6	0x3010      	MOVLW      16
0x00B7	0x009B      	MOVWF      SPBRG
0x00B8	0x3000      	MOVLW      0
0x00B9	0x009C      	MOVWF      SPBRG+1
0x00BA	0x151E      	BSF        TXSTA, 2
0x00BB	0x200D      	CALL       _UART1_Init
;arm_v2.c,47 :: 		Delay_ms(10);
0x00BC	0x301A      	MOVLW      26
0x00BD	0x00FC      	MOVWF      R12
0x00BE	0x30F8      	MOVLW      248
0x00BF	0x00FD      	MOVWF      R13
L_SetUp4:
0x00C0	0x0BFD      	DECFSZ     R13, 1
0x00C1	0x28C0      	GOTO       L_SetUp4
0x00C2	0x0BFC      	DECFSZ     R12, 1
0x00C3	0x28C0      	GOTO       L_SetUp4
0x00C4	0x0000      	NOP
;arm_v2.c,48 :: 		}
L_end_SetUp:
0x00C5	0x0008      	RETURN
; end of _SetUp
_SetPosition:
;arm_v2.c,50 :: 		void SetPosition(unsigned char id, int position)
;arm_v2.c,54 :: 		cmd   = 0x80 | id;
0x00C6	0x3080      	MOVLW      128
0x00C7	0x0020      	MOVLB      0
0x00C8	0x0430      	IORWF       FARG_SetPosition_id, 0
0x00C9	0x00F3      	MOVWF      R3
0x00CA	0x0873      	MOVF       R3, 0
0x00CB	0x00B3      	MOVWF      SetPosition_cmd_L0
;arm_v2.c,55 :: 		pos_h = (unsigned char)((position >> 7) & 0x7F);
0x00CC	0x3007      	MOVLW      7
0x00CD	0x00F2      	MOVWF      R2
0x00CE	0x0831      	MOVF       FARG_SetPosition_position, 0
0x00CF	0x00F0      	MOVWF      R0
0x00D0	0x0832      	MOVF       FARG_SetPosition_position+1, 0
0x00D1	0x00F1      	MOVWF      R1
0x00D2	0x0872      	MOVF       R2, 0
L__SetPosition9:
0x00D3	0x1903      	BTFSC      STATUS, 2
0x00D4	0x28D9      	GOTO       L__SetPosition10
0x00D5	0x37F1      	ASRF       R1, 1
0x00D6	0x0CF0      	RRF        R0, 1
0x00D7	0x3EFF      	ADDLW      255
0x00D8	0x28D3      	GOTO       L__SetPosition9
L__SetPosition10:
0x00D9	0x307F      	MOVLW      127
0x00DA	0x0570      	ANDWF      R0, 0
0x00DB	0x00B4      	MOVWF      SetPosition_pos_h_L0
;arm_v2.c,56 :: 		pos_l = (unsigned char)(position & 0x7F);
0x00DC	0x307F      	MOVLW      127
0x00DD	0x0531      	ANDWF      FARG_SetPosition_position, 0
0x00DE	0x00B5      	MOVWF      SetPosition_pos_l_L0
;arm_v2.c,58 :: 		TXSTA.TX9D = ParityCheck(cmd);
0x00DF	0x0873      	MOVF       R3, 0
0x00E0	0x00B6      	MOVWF      FARG_ParityCheck__data
0x00E1	0x203D      	CALL       _ParityCheck
0x00E2	0x1870      	BTFSC      R0, 0
0x00E3	0x28E7      	GOTO       L__SetPosition11
0x00E4	0x0023      	MOVLB      3
0x00E5	0x101E      	BCF        TXSTA, 0
0x00E6	0x28E9      	GOTO       L__SetPosition12
L__SetPosition11:
0x00E7	0x0023      	MOVLB      3
0x00E8	0x141E      	BSF        TXSTA, 0
L__SetPosition12:
;arm_v2.c,59 :: 		UART1_Write(cmd);
0x00E9	0x0020      	MOVLB      0
0x00EA	0x0833      	MOVF       SetPosition_cmd_L0, 0
0x00EB	0x00B6      	MOVWF      FARG_UART1_Write_data_
0x00EC	0x2003      	CALL       _UART1_Write
;arm_v2.c,60 :: 		TXSTA.TX9D = ParityCheck(pos_h);
0x00ED	0x0020      	MOVLB      0
0x00EE	0x0834      	MOVF       SetPosition_pos_h_L0, 0
0x00EF	0x00B6      	MOVWF      FARG_ParityCheck__data
0x00F0	0x203D      	CALL       _ParityCheck
0x00F1	0x1870      	BTFSC      R0, 0
0x00F2	0x28F6      	GOTO       L__SetPosition13
0x00F3	0x0023      	MOVLB      3
0x00F4	0x101E      	BCF        TXSTA, 0
0x00F5	0x28F8      	GOTO       L__SetPosition14
L__SetPosition13:
0x00F6	0x0023      	MOVLB      3
0x00F7	0x141E      	BSF        TXSTA, 0
L__SetPosition14:
;arm_v2.c,61 :: 		UART1_Write(pos_h);
0x00F8	0x0020      	MOVLB      0
0x00F9	0x0834      	MOVF       SetPosition_pos_h_L0, 0
0x00FA	0x00B6      	MOVWF      FARG_UART1_Write_data_
0x00FB	0x2003      	CALL       _UART1_Write
;arm_v2.c,62 :: 		TXSTA.TX9D = ParityCheck(pos_l);
0x00FC	0x0020      	MOVLB      0
0x00FD	0x0835      	MOVF       SetPosition_pos_l_L0, 0
0x00FE	0x00B6      	MOVWF      FARG_ParityCheck__data
0x00FF	0x203D      	CALL       _ParityCheck
0x0100	0x1870      	BTFSC      R0, 0
0x0101	0x2905      	GOTO       L__SetPosition15
0x0102	0x0023      	MOVLB      3
0x0103	0x101E      	BCF        TXSTA, 0
0x0104	0x2907      	GOTO       L__SetPosition16
L__SetPosition15:
0x0105	0x0023      	MOVLB      3
0x0106	0x141E      	BSF        TXSTA, 0
L__SetPosition16:
;arm_v2.c,63 :: 		UART1_Write(pos_l);
0x0107	0x0020      	MOVLB      0
0x0108	0x0835      	MOVF       SetPosition_pos_l_L0, 0
0x0109	0x00B6      	MOVWF      FARG_UART1_Write_data_
0x010A	0x2003      	CALL       _UART1_Write
;arm_v2.c,65 :: 		Delay_us(100);
0x010B	0x3042      	MOVLW      66
0x010C	0x00FD      	MOVWF      R13
L_SetPosition5:
0x010D	0x0BFD      	DECFSZ     R13, 1
0x010E	0x290D      	GOTO       L_SetPosition5
0x010F	0x0000      	NOP
;arm_v2.c,66 :: 		}
L_end_SetPosition:
0x0110	0x0008      	RETURN
; end of _SetPosition
_Main:
;arm_v2.c,10 :: 		void Main()
;arm_v2.c,12 :: 		SetUp();
0x0111	0x209F      	CALL       _SetUp
;arm_v2.c,14 :: 		while(1){
L_Main0:
;arm_v2.c,15 :: 		SetPosition(ROLL_ID,  ROLL_CENTER);
0x0112	0x3001      	MOVLW      1
0x0113	0x0020      	MOVLB      0
0x0114	0x00B0      	MOVWF      FARG_SetPosition_id
0x0115	0x3004      	MOVLW      4
0x0116	0x00B1      	MOVWF      FARG_SetPosition_position
0x0117	0x3029      	MOVLW      41
0x0118	0x00B2      	MOVWF      FARG_SetPosition_position+1
0x0119	0x20C6      	CALL       _SetPosition
;arm_v2.c,16 :: 		Delay_ms(1000);
0x011A	0x300B      	MOVLW      11
0x011B	0x00FB      	MOVWF      R11
0x011C	0x3026      	MOVLW      38
0x011D	0x00FC      	MOVWF      R12
0x011E	0x305D      	MOVLW      93
0x011F	0x00FD      	MOVWF      R13
L_Main2:
0x0120	0x0BFD      	DECFSZ     R13, 1
0x0121	0x2920      	GOTO       L_Main2
0x0122	0x0BFC      	DECFSZ     R12, 1
0x0123	0x2920      	GOTO       L_Main2
0x0124	0x0BFB      	DECFSZ     R11, 1
0x0125	0x2920      	GOTO       L_Main2
0x0126	0x0000      	NOP
0x0127	0x0000      	NOP
;arm_v2.c,17 :: 		SetPosition(PITCH_ID, PITCH_CENTER);
0x0128	0x0020      	MOVLB      0
0x0129	0x01B0      	CLRF       FARG_SetPosition_id
0x012A	0x30C0      	MOVLW      192
0x012B	0x00B1      	MOVWF      FARG_SetPosition_position
0x012C	0x3012      	MOVLW      18
0x012D	0x00B2      	MOVWF      FARG_SetPosition_position+1
0x012E	0x20C6      	CALL       _SetPosition
;arm_v2.c,18 :: 		Delay_ms(1000);
0x012F	0x300B      	MOVLW      11
0x0130	0x00FB      	MOVWF      R11
0x0131	0x3026      	MOVLW      38
0x0132	0x00FC      	MOVWF      R12
0x0133	0x305D      	MOVLW      93
0x0134	0x00FD      	MOVWF      R13
L_Main3:
0x0135	0x0BFD      	DECFSZ     R13, 1
0x0136	0x2935      	GOTO       L_Main3
0x0137	0x0BFC      	DECFSZ     R12, 1
0x0138	0x2935      	GOTO       L_Main3
0x0139	0x0BFB      	DECFSZ     R11, 1
0x013A	0x2935      	GOTO       L_Main3
0x013B	0x0000      	NOP
0x013C	0x0000      	NOP
;arm_v2.c,19 :: 		}
0x013D	0x2912      	GOTO       L_Main0
;arm_v2.c,20 :: 		}
L_end_Main:
0x013E	0x293E      	GOTO       $+0
; end of _Main
Symbol List:
//** Routines locations **
//ADDRESS    SIZE    PROCEDURE
//----------------------------------------------
0x0003      [10]    _UART1_Write
0x000D      [48]    _UART1_Init
0x003D      [89]    _ParityCheck
0x0096       [9]    ___CC2DW
0x009F      [39]    _SetUp
0x00C6      [75]    _SetPosition
0x0111      [46]    _Main
//** Variables locations ** 
//ADDRESS    SIZE    VARIABLE
//----------------------------------------------
0x0000       [1]    INDF0
0x0001       [1]    INDF1
0x0003       [1]    STATUS
0x0004       [1]    FSR0L
0x0005       [1]    FSR0H
0x0006       [1]    FSR1L
0x0007       [1]    FSR1H
0x000A       [1]    PCLATH
0x000C       [1]    PORTA
0x000D       [1]    PORTB
0x000E       [1]    PORTC
0x000F       [1]    PORTD
0x0010       [1]    PORTE
0x0011       [1]    PIR1
0x0020       [4]    _UART_Rdy_Ptr
0x0024       [4]    _UART_Rd_Ptr
0x0028       [4]    _UART_Wr_Ptr
0x002C       [4]    _UART_Tx_Idle_Ptr
0x0030       [1]    FARG_SetPosition_id
0x0031       [2]    FARG_SetPosition_position
0x0033       [1]    SetPosition_cmd_L0
0x0034       [1]    SetPosition_pos_h_L0
0x0035       [1]    SetPosition_pos_l_L0
0x0036       [1]    FARG_UART1_Write_data_
0x0036       [1]    FARG_ParityCheck__data
0x0070       [1]    R0
0x0071       [1]    R1
0x0072       [1]    R2
0x0073       [1]    R3
0x0074       [1]    R4
0x0075       [1]    R5
0x0076       [1]    R6
0x0077       [1]    R7
0x0078       [1]    R8
0x0079       [1]    R9
0x007A       [1]    R10
0x007B       [1]    R11
0x007C       [1]    R12
0x007D       [1]    R13
0x007E       [1]    R14
0x007F       [1]    R15
0x008C       [1]    TRISA
0x008D       [1]    TRISB
0x008E       [1]    TRISC
0x008E       [0]    TRISC6_bit
0x008E       [0]    TRISC7_bit
0x008F       [1]    TRISD
0x0090       [1]    TRISE
0x0099       [1]    OSCCON
0x018C       [1]    ANSELA
0x018D       [1]    ANSELB
0x018F       [1]    ANSELD
0x0190       [1]    ANSELE
0x0199       [1]    RCREG
0x019A       [1]    TXREG
0x019B       [2]    SPBRG
0x019C       [1]    SPBRGH
0x019D       [1]    RCSTA
0x019E       [1]    TXSTA
0x019F       [1]    BAUDCON
//** Label List: ** 
//----------------------------------------------
  L_Main0
  L_Main1
  L_Main2
  L_Main3
  L_SetUp4
  L_SetPosition5
  L_end_Main
  _Main
  L_end_SetUp
  _SetUp
  L_end_SetPosition
  _SetPosition
  L__SetPosition9
  L__SetPosition10
  L__SetPosition11
  L__SetPosition12
  L__SetPosition13
  L__SetPosition14
  L__SetPosition15
  L__SetPosition16
  L_end_ParityCheck
  _ParityCheck
  L__ParityCheck18
  L__ParityCheck19
  L__ParityCheck20
  L__ParityCheck21
  L__ParityCheck22
  L__ParityCheck23
  L_CA2A_Loop
  L_CA2AW_Loop
  L_CS2S_Loop
  L_CS2S_End
  L_FZinS_Loop
  L_FZinS_End
  _CC2D_Loop1
  _CC2DL_Loop1
  L_end_____DoIFC
  _____DoIFC
  L_end___CA2A
  ___CA2A
  L_end___CA2AW
  ___CA2AW
  L_end___CS2S
  ___CS2S
  L_end___FZinS
  ___FZinS
  L_end___CC2D
  ___CC2D
  L_end___CC2DW
  ___CC2DW
  L_end_Swap
  _Swap
  L_UART1_Init0
  L_UART1_Init1
  L_UART1_Read2
  L_UART1_Write3
  L_UART1_Write4
  L_UART1_Write_Text5
  L_UART1_Write_Text6
  L_UART1_Read_Text7
  L_UART1_Read_Text8
  L_UART1_Read_Text9
  L_UART1_Read_Text10
  L_UART1_Read_Text11
  L_UART1_Read_Text12
  L_UART1_Read_Text13
  L_UART1_Read_Text14
  L_UART1_Read_Text15
  L_UART_Write_Text16
  L_UART_Write_Text17
  L_UART_Read_Text18
  L_UART_Read_Text19
  L_UART_Read_Text20
  L_UART_Read_Text21
  L_UART_Read_Text22
  L_UART_Read_Text23
  L_UART_Read_Text24
  L_UART_Read_Text25
  L_UART_Read_Text26
  L_end_UART1_Init
  _UART1_Init
  L_end_UART1_Data_Ready
  _UART1_Data_Ready
  L_end_UART1_Read
  _UART1_Read
  L_end_UART1_Tx_Idle
  _UART1_Tx_Idle
  L_end_UART1_Write
  _UART1_Write
  L_end_UART1_Write_Text
  _UART1_Write_Text
  L_end_UART1_Read_Text
  _UART1_Read_Text
  L_end_UART_Set_Active
  _UART_Set_Active
  L_end_UART_Write
  _UART_Write
  L_end_UART_Write_Text
  _UART_Write_Text
  L_end_UART_Read
  _UART_Read
  L_end_UART_Data_Ready
  _UART_Data_Ready
  L_end_UART_Read_Text
  _UART_Read_Text
  L_end_UART_Tx_Idle
  _UART_Tx_Idle
