;  LST file generated by mikroListExporter - v.2.0 
; Date/Time: 2014/08/09 13:43:30
;----------------------------------------------

;Address Opcode 	ASM
0x0000	0x28B5      	GOTO       181
_Interrupt:
0x0004	0x018A      	CLRF       PCLATH
0x0005	0x0183      	CLRF       STATUS
;I2C_slave.c,11 :: 		void Interrupt()
;I2C_slave.c,16 :: 		if(INTCON.SSP1IF == 1){
0x0006	0x1D8B      	BTFSS      INTCON, 3
0x0007	0x2867      	GOTO       L_Interrupt0
;I2C_slave.c,18 :: 		if(SSP1STAT.R_NOT_W == 0){
0x0008	0x0024      	MOVLB      4
0x0009	0x1914      	BTFSC      SSP1STAT, 2
0x000A	0x2828      	GOTO       L_Interrupt1
;I2C_slave.c,20 :: 		if(SSP1STAT.D_NOT_A == 0){
0x000B	0x1A94      	BTFSC      SSP1STAT, 5
0x000C	0x2815      	GOTO       L_Interrupt2
;I2C_slave.c,21 :: 		rdtp = (char *)rcv_data;
0x000D	0x3020      	MOVLW      _rcv_data
0x000E	0x0020      	MOVLB      0
0x000F	0x00B0      	MOVWF      _rdtp
0x0010	0x3000      	MOVLW      hi_addr(_rcv_data)
0x0011	0x00B1      	MOVWF      _rdtp+1
;I2C_slave.c,23 :: 		rcv_flg = 0;
0x0012	0x01B2      	CLRF       _rcv_flg
0x0013	0x01B3      	CLRF       _rcv_flg+1
;I2C_slave.c,24 :: 		}
0x0014	0x2824      	GOTO       L_Interrupt3
L_Interrupt2:
0x0015	0x0020      	MOVLB      0
;I2C_slave.c,27 :: 		*rdtp = SSP1BUF;
0x0016	0x0830      	MOVF       _rdtp, 0
0x0017	0x0086      	MOVWF      FSR1
0x0018	0x0831      	MOVF       _rdtp+1, 0
0x0019	0x0087      	MOVWF      FSR1H
0x001A	0x0024      	MOVLB      4
0x001B	0x0811      	MOVF       SSP1BUF, 0
0x001C	0x0081      	MOVWF      INDF1
;I2C_slave.c,28 :: 		rdtp ++;
0x001D	0x0020      	MOVLB      0
0x001E	0x0AB0      	INCF       _rdtp, 1
0x001F	0x1903      	BTFSC      STATUS, 2
0x0020	0x0AB1      	INCF       _rdtp+1, 1
;I2C_slave.c,29 :: 		rcv_flg ++;
0x0021	0x0AB2      	INCF       _rcv_flg, 1
0x0022	0x1903      	BTFSC      STATUS, 2
0x0023	0x0AB3      	INCF       _rcv_flg+1, 1
;I2C_slave.c,30 :: 		}
L_Interrupt3:
;I2C_slave.c,32 :: 		INTCON.SSP1IF = 0;
0x0024	0x118B      	BCF        INTCON, 3
;I2C_slave.c,33 :: 		SSP1CON1.CKP = 1;
0x0025	0x0024      	MOVLB      4
0x0026	0x1615      	BSF        SSP1CON1, 4
;I2C_slave.c,34 :: 		}
0x0027	0x2867      	GOTO       L_Interrupt4
L_Interrupt1:
;I2C_slave.c,38 :: 		if(SSP1STAT.BF == 1){
0x0028	0x1C14      	BTFSS      SSP1STAT, 0
0x0029	0x284A      	GOTO       L_Interrupt5
;I2C_slave.c,39 :: 		sdtp = (char *)snd_data;
0x002A	0x3028      	MOVLW      _snd_data
0x002B	0x0020      	MOVLB      0
0x002C	0x00B4      	MOVWF      _sdtp
0x002D	0x3000      	MOVLW      hi_addr(_snd_data)
0x002E	0x00B5      	MOVWF      _sdtp+1
;I2C_slave.c,42 :: 		while(SSP1CON1.CKP | SSP1STAT.BF);
L_Interrupt6:
0x002F	0x0024      	MOVLB      4
0x0030	0x1A15      	BTFSC      SSP1CON1, 4
0x0031	0x2836      	GOTO       L__Interrupt25
0x0032	0x1814      	BTFSC      SSP1STAT, 0
0x0033	0x2836      	GOTO       L__Interrupt25
0x0034	0x1003      	BCF        STATUS, 0
0x0035	0x2837      	GOTO       L__Interrupt26
L__Interrupt25:
0x0036	0x1403      	BSF        STATUS, 0
L__Interrupt26:
0x0037	0x1C03      	BTFSS      STATUS, 0
0x0038	0x283A      	GOTO       L_Interrupt7
0x0039	0x282F      	GOTO       L_Interrupt6
L_Interrupt7:
;I2C_slave.c,44 :: 		SSP1BUF = *sdtp;
0x003A	0x0020      	MOVLB      0
0x003B	0x0834      	MOVF       _sdtp, 0
0x003C	0x0084      	MOVWF      FSR0
0x003D	0x0835      	MOVF       _sdtp+1, 0
0x003E	0x0085      	MOVWF      FSR0H
0x003F	0x0800      	MOVF       INDF0, 0
0x0040	0x0024      	MOVLB      4
0x0041	0x0091      	MOVWF      SSP1BUF
;I2C_slave.c,45 :: 		sdtp ++;
0x0042	0x0020      	MOVLB      0
0x0043	0x0AB4      	INCF       _sdtp, 1
0x0044	0x1903      	BTFSC      STATUS, 2
0x0045	0x0AB5      	INCF       _sdtp+1, 1
;I2C_slave.c,47 :: 		INTCON.SSP1IF = 0;
0x0046	0x118B      	BCF        INTCON, 3
;I2C_slave.c,48 :: 		SSP1CON1.CKP = 1;
0x0047	0x0024      	MOVLB      4
0x0048	0x1615      	BSF        SSP1CON1, 4
;I2C_slave.c,49 :: 		}
0x0049	0x2867      	GOTO       L_Interrupt8
L_Interrupt5:
;I2C_slave.c,51 :: 		if(SSP1CON2.ACKSTAT == 0){
0x004A	0x1B16      	BTFSC      SSP1CON2, 6
0x004B	0x2866      	GOTO       L_Interrupt9
;I2C_slave.c,52 :: 		while(SSP1CON1.CKP | SSP1STAT.BF);
L_Interrupt10:
0x004C	0x1A15      	BTFSC      SSP1CON1, 4
0x004D	0x2852      	GOTO       L__Interrupt27
0x004E	0x1814      	BTFSC      SSP1STAT, 0
0x004F	0x2852      	GOTO       L__Interrupt27
0x0050	0x1003      	BCF        STATUS, 0
0x0051	0x2853      	GOTO       L__Interrupt28
L__Interrupt27:
0x0052	0x1403      	BSF        STATUS, 0
L__Interrupt28:
0x0053	0x1C03      	BTFSS      STATUS, 0
0x0054	0x2856      	GOTO       L_Interrupt11
0x0055	0x284C      	GOTO       L_Interrupt10
L_Interrupt11:
;I2C_slave.c,54 :: 		SSP1BUF = *sdtp;
0x0056	0x0020      	MOVLB      0
0x0057	0x0834      	MOVF       _sdtp, 0
0x0058	0x0084      	MOVWF      FSR0
0x0059	0x0835      	MOVF       _sdtp+1, 0
0x005A	0x0085      	MOVWF      FSR0H
0x005B	0x0800      	MOVF       INDF0, 0
0x005C	0x0024      	MOVLB      4
0x005D	0x0091      	MOVWF      SSP1BUF
;I2C_slave.c,55 :: 		sdtp ++;
0x005E	0x0020      	MOVLB      0
0x005F	0x0AB4      	INCF       _sdtp, 1
0x0060	0x1903      	BTFSC      STATUS, 2
0x0061	0x0AB5      	INCF       _sdtp+1, 1
;I2C_slave.c,57 :: 		INTCON.SSP1IF = 0;
0x0062	0x118B      	BCF        INTCON, 3
;I2C_slave.c,58 :: 		SSP1CON1.CKP = 1;
0x0063	0x0024      	MOVLB      4
0x0064	0x1615      	BSF        SSP1CON1, 4
;I2C_slave.c,59 :: 		}
0x0065	0x2867      	GOTO       L_Interrupt12
L_Interrupt9:
;I2C_slave.c,61 :: 		INTCON.SSP1IF = 0;
0x0066	0x118B      	BCF        INTCON, 3
;I2C_slave.c,62 :: 		}
L_Interrupt12:
;I2C_slave.c,63 :: 		}
L_Interrupt8:
;I2C_slave.c,64 :: 		}
L_Interrupt4:
;I2C_slave.c,65 :: 		}
L_Interrupt0:
;I2C_slave.c,69 :: 		if(INTCON.BCL1IF == 1){
0x0067	0x1D8B      	BTFSS      INTCON, 3
0x0068	0x286A      	GOTO       L_Interrupt13
;I2C_slave.c,70 :: 		INTCON.BCL1IF = 0;
0x0069	0x118B      	BCF        INTCON, 3
;I2C_slave.c,71 :: 		}
L_Interrupt13:
;I2C_slave.c,72 :: 		}
L_end_Interrupt:
L__Interrupt24:
0x006A	0x0009      	RETFIE     %s
; end of _Interrupt
_Setup:
;I2C_slave.c,94 :: 		void Setup()
;I2C_slave.c,96 :: 		OSCCON = 0x70;
0x006B	0x3070      	MOVLW      112
0x006C	0x0021      	MOVLB      1
0x006D	0x0099      	MOVWF      OSCCON
;I2C_slave.c,98 :: 		ANSELA = 0x00;
0x006E	0x0023      	MOVLB      3
0x006F	0x018C      	CLRF       ANSELA
;I2C_slave.c,100 :: 		TRISA  = 0x06;
0x0070	0x3006      	MOVLW      6
0x0071	0x0021      	MOVLB      1
0x0072	0x008C      	MOVWF      TRISA
;I2C_slave.c,102 :: 		PORTA  = 0x00;
0x0073	0x0020      	MOVLB      0
0x0074	0x018C      	CLRF       PORTA
;I2C_slave.c,103 :: 		}
L_end_Setup:
0x0075	0x0008      	RETURN
; end of _Setup
___CC2DW:
;__Lib_System.c,71 :: 		
;__Lib_System.c,73 :: 		
_CC2DL_Loop1:
;__Lib_System.c,74 :: 		
0x0076	0x0012      	MOVIW      INDF0++ 
;__Lib_System.c,75 :: 		
0x0077	0x001E      	MOVWI      INDF1++ 
;__Lib_System.c,76 :: 		
0x0078	0x03F0      	DECF       R0, 1
;__Lib_System.c,77 :: 		
0x0079	0x1D03      	BTFSS      STATUS, 2
;__Lib_System.c,78 :: 		
0x007A	0x2876      	GOTO       _CC2DL_Loop1
;__Lib_System.c,79 :: 		
0x007B	0x03F1      	DECF       R1, 1
;__Lib_System.c,80 :: 		
0x007C	0x1D03      	BTFSS      STATUS, 2
;__Lib_System.c,81 :: 		
0x007D	0x2876      	GOTO       _CC2DL_Loop1
;__Lib_System.c,83 :: 		
L_end___CC2DW:
0x007E	0x0008      	RETURN
; end of ___CC2DW
_I2C_Slave_Init:
;I2C_slave.c,105 :: 		void I2C_Slave_Init(char address)
;I2C_slave.c,107 :: 		SSP1STAT      = 0x80;
0x007F	0x3080      	MOVLW      128
0x0080	0x0024      	MOVLB      4
0x0081	0x0094      	MOVWF      SSP1STAT
;I2C_slave.c,108 :: 		SSP1CON1      = 0x26;
0x0082	0x3026      	MOVLW      38
0x0083	0x0095      	MOVWF      SSP1CON1
;I2C_slave.c,109 :: 		SSP1CON2.SEN  = 1;
0x0084	0x1416      	BSF        SSP1CON2, 0
;I2C_slave.c,110 :: 		SSP1ADD       = address << 1;
0x0085	0x0020      	MOVLB      0
0x0086	0x0836      	MOVF       FARG_I2C_Slave_Init_address, 0
0x0087	0x00F0      	MOVWF      R0
0x0088	0x35F0      	LSLF       R0, 1
0x0089	0x0870      	MOVF       R0, 0
0x008A	0x0024      	MOVLB      4
0x008B	0x0092      	MOVWF      SSP1ADD
;I2C_slave.c,111 :: 		SSP1MSK       = 0xFE;
0x008C	0x30FE      	MOVLW      254
0x008D	0x0093      	MOVWF      SSP1MSK
;I2C_slave.c,112 :: 		INTCON.SSP1IE = 1;
0x008E	0x158B      	BSF        INTCON, 3
;I2C_slave.c,113 :: 		INTCON.BCL1IE = 1;
0x008F	0x158B      	BSF        INTCON, 3
;I2C_slave.c,114 :: 		INTCON.PEIE   = 1;
0x0090	0x170B      	BSF        INTCON, 6
;I2C_slave.c,115 :: 		INTCON.GIE    = 1;
0x0091	0x178B      	BSF        INTCON, 7
;I2C_slave.c,116 :: 		INTCON.SSP1IF = 0;
0x0092	0x118B      	BCF        INTCON, 3
;I2C_slave.c,117 :: 		INTCON.BCL1IF = 0;
0x0093	0x118B      	BCF        INTCON, 3
;I2C_slave.c,119 :: 		rcv_flg = 0;
0x0094	0x0020      	MOVLB      0
0x0095	0x01B2      	CLRF       _rcv_flg
0x0096	0x01B3      	CLRF       _rcv_flg+1
;I2C_slave.c,120 :: 		}
L_end_I2C_Slave_Init:
0x0097	0x0008      	RETURN
; end of _I2C_Slave_Init
_I2C_Receive_Check:
;I2C_slave.c,122 :: 		int I2C_Receive_Check()
;I2C_slave.c,124 :: 		int ans = 0;
0x0098	0x0020      	MOVLB      0
0x0099	0x01B6      	CLRF       I2C_Receive_Check_ans_L0
0x009A	0x01B7      	CLRF       I2C_Receive_Check_ans_L0+1
;I2C_slave.c,126 :: 		if(rcv_flg != 0){
0x009B	0x3000      	MOVLW      0
0x009C	0x0633      	XORWF      _rcv_flg+1, 0
0x009D	0x1D03      	BTFSS      STATUS, 2
0x009E	0x28A1      	GOTO       L__I2C_Receive_Check34
0x009F	0x3000      	MOVLW      0
0x00A0	0x0632      	XORWF      _rcv_flg, 0
L__I2C_Receive_Check34:
0x00A1	0x1903      	BTFSC      STATUS, 2
0x00A2	0x28AF      	GOTO       L_I2C_Receive_Check18
;I2C_slave.c,127 :: 		if(SSP1STAT.S == 0 && SSP1STAT.P == 1){
0x00A3	0x0024      	MOVLB      4
0x00A4	0x1994      	BTFSC      SSP1STAT, 3
0x00A5	0x28AF      	GOTO       L_I2C_Receive_Check21
0x00A6	0x1E14      	BTFSS      SSP1STAT, 4
0x00A7	0x28AF      	GOTO       L_I2C_Receive_Check21
L__I2C_Receive_Check22:
;I2C_slave.c,128 :: 		ans = rcv_flg;
0x00A8	0x0020      	MOVLB      0
0x00A9	0x0832      	MOVF       _rcv_flg, 0
0x00AA	0x00B6      	MOVWF      I2C_Receive_Check_ans_L0
0x00AB	0x0833      	MOVF       _rcv_flg+1, 0
0x00AC	0x00B7      	MOVWF      I2C_Receive_Check_ans_L0+1
;I2C_slave.c,129 :: 		rcv_flg = 0;
0x00AD	0x01B2      	CLRF       _rcv_flg
0x00AE	0x01B3      	CLRF       _rcv_flg+1
;I2C_slave.c,130 :: 		}
L_I2C_Receive_Check21:
;I2C_slave.c,131 :: 		}
L_I2C_Receive_Check18:
0x00AF	0x0020      	MOVLB      0
;I2C_slave.c,133 :: 		return ans;
0x00B0	0x0836      	MOVF       I2C_Receive_Check_ans_L0, 0
0x00B1	0x00F0      	MOVWF      R0
0x00B2	0x0837      	MOVF       I2C_Receive_Check_ans_L0+1, 0
0x00B3	0x00F1      	MOVWF      R1
;I2C_slave.c,134 :: 		}
L_end_I2C_Receive_Check:
0x00B4	0x0008      	RETURN
; end of _I2C_Receive_Check
_Main:
0x00B5	0x0020      	MOVLB      0
0x00B6	0x01A0      	CLRF       _rcv_data
0x00B7	0x01A1      	CLRF       33
0x00B8	0x01A2      	CLRF       34
0x00B9	0x01A3      	CLRF       35
0x00BA	0x01A4      	CLRF       36
0x00BB	0x01A5      	CLRF       37
0x00BC	0x01A6      	CLRF       38
0x00BD	0x01A7      	CLRF       39
0x00BE	0x01A8      	CLRF       _snd_data
0x00BF	0x01A9      	CLRF       41
0x00C0	0x01AA      	CLRF       42
0x00C1	0x01AB      	CLRF       43
0x00C2	0x01AC      	CLRF       44
0x00C3	0x01AD      	CLRF       45
0x00C4	0x01AE      	CLRF       46
0x00C5	0x01AF      	CLRF       47
;I2C_slave.c,74 :: 		void Main()
;I2C_slave.c,78 :: 		Setup();
0x00C6	0x206B      	CALL       _Setup
;I2C_slave.c,80 :: 		I2C_Slave_Init(8);
0x00C7	0x3008      	MOVLW      8
0x00C8	0x00B6      	MOVWF      FARG_I2C_Slave_Init_address
0x00C9	0x207F      	CALL       _I2C_Slave_Init
;I2C_slave.c,82 :: 		Delay_ms(500);
0x00CA	0x3006      	MOVLW      6
0x00CB	0x00FB      	MOVWF      R11
0x00CC	0x3013      	MOVLW      19
0x00CD	0x00FC      	MOVWF      R12
0x00CE	0x30AD      	MOVLW      173
0x00CF	0x00FD      	MOVWF      R13
L_Main14:
0x00D0	0x0BFD      	DECFSZ     R13, 1
0x00D1	0x28D0      	GOTO       L_Main14
0x00D2	0x0BFC      	DECFSZ     R12, 1
0x00D3	0x28D0      	GOTO       L_Main14
0x00D4	0x0BFB      	DECFSZ     R11, 1
0x00D5	0x28D0      	GOTO       L_Main14
0x00D6	0x0000      	NOP
0x00D7	0x0000      	NOP
;I2C_slave.c,84 :: 		while(1){
L_Main15:
;I2C_slave.c,85 :: 		ans = I2C_Receive_Check();
0x00D8	0x2098      	CALL       _I2C_Receive_Check
;I2C_slave.c,87 :: 		if(ans != 0){
0x00D9	0x3000      	MOVLW      0
0x00DA	0x0671      	XORWF      R1, 0
0x00DB	0x1D03      	BTFSS      STATUS, 2
0x00DC	0x28DF      	GOTO       L__Main30
0x00DD	0x3000      	MOVLW      0
0x00DE	0x0670      	XORWF      R0, 0
L__Main30:
0x00DF	0x1903      	BTFSC      STATUS, 2
0x00E0	0x28E2      	GOTO       L_Main17
;I2C_slave.c,89 :: 		PORTA.B5 = 1;
0x00E1	0x168C      	BSF        PORTA, 5
;I2C_slave.c,90 :: 		}
L_Main17:
;I2C_slave.c,91 :: 		}
0x00E2	0x28D8      	GOTO       L_Main15
;I2C_slave.c,92 :: 		}
L_end_Main:
0x00E3	0x28E3      	GOTO       $+0
; end of _Main
Symbol List:
//** Routines locations **
//ADDRESS    SIZE    PROCEDURE
//----------------------------------------------
0x0004     [103]    _Interrupt
0x006B      [11]    _Setup
0x0076       [9]    ___CC2DW
0x007F      [25]    _I2C_Slave_Init
0x0098      [29]    _I2C_Receive_Check
0x00B5      [47]    _Main
//** Variables locations ** 
//ADDRESS    SIZE    VARIABLE
//----------------------------------------------
0x0000       [1]    INDF0
0x0001       [1]    INDF1
0x0003       [1]    STATUS
0x0004       [1]    FSR0L
0x0005       [1]    FSR0H
0x0006       [1]    FSR1L
0x0007       [1]    FSR1H
0x000A       [1]    PCLATH
0x000B       [1]    INTCON
0x000C       [1]    PORTA
0x0020       [8]    _rcv_data
0x0028       [8]    _snd_data
0x0030       [2]    _rdtp
0x0032       [2]    _rcv_flg
0x0034       [2]    _sdtp
0x0036       [2]    I2C_Receive_Check_ans_L0
0x0036       [1]    FARG_I2C_Slave_Init_address
0x0070       [1]    R0
0x0071       [1]    R1
0x0072       [1]    R2
0x0073       [1]    R3
0x0074       [1]    R4
0x0075       [1]    R5
0x0076       [1]    R6
0x0077       [1]    R7
0x0078       [1]    R8
0x0079       [1]    R9
0x007A       [1]    R10
0x007B       [1]    R11
0x007C       [1]    R12
0x007D       [1]    R13
0x007E       [1]    R14
0x007F       [1]    R15
0x008C       [1]    TRISA
0x0099       [1]    OSCCON
0x018C       [1]    ANSELA
0x0211       [1]    SSP1BUF
0x0212       [1]    SSP1ADD
0x0213       [1]    SSP1MSK
0x0214       [1]    SSP1STAT
0x0215       [1]    SSP1CON1
0x0216       [1]    SSP1CON2
//** Label List: ** 
//----------------------------------------------
  L_Interrupt0
  L_Interrupt1
  L_Interrupt2
  L_Interrupt3
  L_Interrupt4
  L_Interrupt5
  L_Interrupt6
  L_Interrupt7
  L_Interrupt8
  L_Interrupt9
  L_Interrupt10
  L_Interrupt11
  L_Interrupt12
  L_Interrupt13
  L_Main14
  L_Main15
  L_Main16
  L_Main17
  L_I2C_Receive_Check18
  L_I2C_Receive_Check19
  L_I2C_Receive_Check20
  L_I2C_Receive_Check21
  L__I2C_Receive_Check22
  L_end_Interrupt
  _Interrupt
  L__Interrupt24
  L__Interrupt25
  L__Interrupt26
  L__Interrupt27
  L__Interrupt28
  L_end_Main
  _Main
  L__Main30
  L_end_Setup
  _Setup
  L_end_I2C_Slave_Init
  _I2C_Slave_Init
  L_end_I2C_Receive_Check
  _I2C_Receive_Check
  L__I2C_Receive_Check34
  L_CA2A_Loop
  L_CA2AW_Loop
  L_CS2S_Loop
  L_CS2S_End
  L_FZinS_Loop
  L_FZinS_End
  _CC2D_Loop1
  _CC2DL_Loop1
  L_end_____DoIFC
  _____DoIFC
  L_end___CA2A
  ___CA2A
  L_end___CA2AW
  ___CA2AW
  L_end___CS2S
  ___CS2S
  L_end___FZinS
  ___FZinS
  L_end___CC2D
  ___CC2D
  L_end___CC2DW
  ___CC2DW
  L_end_Swap
  _Swap
  L_Interrupt0
  L_Interrupt1
  L_Interrupt2
  L_Interrupt3
  L_Interrupt4
  L_Interrupt5
  L_Interrupt6
  L_Interrupt7
  L_Interrupt8
  L_Interrupt9
  L_Interrupt10
  L_Interrupt11
  L_Interrupt12
  L_Interrupt13
  L_Main14
  L_Main15
  L_Main16
  L_Main17
  L_I2C_Receive_Check18
  L_I2C_Receive_Check19
  L_I2C_Receive_Check20
  L_I2C_Receive_Check21
  L__I2C_Receive_Check22
  L_end_Interrupt
  _Interrupt
  L__Interrupt24
  L__Interrupt25
  L__Interrupt26
  L__Interrupt27
  L__Interrupt28
  L_end_Main
  _Main
  L__Main30
  L_end_Setup
  _Setup
  L_end_I2C_Slave_Init
  _I2C_Slave_Init
  L_end_I2C_Receive_Check
  _I2C_Receive_Check
  L__I2C_Receive_Check34
