0	1	mikroCPIC1618.exe -MSF -DBG -pP16F1937 -RA -DL -O11111114 -fo8 -N"C:\Users\i121326\Documents\workspace\robot\jyro_accelerometer\angle_v2\angle_v2.mcppi" -SP"C:\Mikroelektronika\mikroC PRO for PIC\defs\" -SP"C:\Mikroelektronika\mikroC PRO for PIC\Uses\P16_Enh\" -SP"C:\Users\i121326\Documents\workspace\robot\jyro_accelerometer\angle_v2\" "angle_v2.c" "__Lib_Math.mcl" "__Lib_MathDouble.mcl" "__Lib_System.mcl" "__Lib_Delays.mcl" "__Lib_CType.mcl" "__Lib_CString.mcl" "__Lib_CStdlib.mcl" "__Lib_CMath.mcl" "__Lib_MemManager.mcl" "__Lib_Conversions.mcl" "__Lib_Sprinti.mcl" "__Lib_Sprintl.mcl" "__Lib_Time.mcl" "__Lib_Trigonometry.mcl" "__Lib_Button.mcl" "__Lib_Keypad4x4.mcl" "__Lib_Manchester.mcl" "__Lib_OneWire.mcl" "__Lib_PS2.mcl" "__Lib_Sound.mcl" "__Lib_SoftI2C.mcl" "__Lib_SoftSPI.mcl" "__Lib_SoftUART.mcl" "__Lib_ADC.mcl" "__Lib_EEPROM.mcl" "__Lib_FLASH_rwe.mcl" "__Lib_I2C_c34.mcl" "__Lib_PWM_c21e0d1e2.mcl" "__Lib_SPI_c345.mcl" "__Lib_UART_c67.mcl" "__Lib_PortExpander.mcl" "__Lib_CANSPI.mcl" "__Lib_CF.mcl" "__Lib_GlcdFonts.mcl" "__Lib_Glcd.mcl" "__Lib_LcdConsts.mcl" "__Lib_Lcd.mcl" "__Lib_RS485.mcl" "__Lib_S1D13700.mcl" "__Lib_T6963C.mcl" "__Lib_SPIGlcd.mcl" "__Lib_SPILcd.mcl" "__Lib_SPILcd8.mcl" "__Lib_SPIT6963C.mcl" "__Lib_EthEnc28j60.mcl" "__Lib_EthEnc24j600.mcl" "__Lib_TouchPanel.mcl"	 
hint: 0	1139	Available RAM: 508 [bytes], Available ROM: 8192 [bytes]	 
diagnostics: 0	122	Compilation Started	P16F1937.c
diagnostics: 1870	123	Compiled Successfully	P16F1937.c
diagnostics: 0	122	Compilation Started	__Lib_Delays.c
diagnostics: 123	123	Compiled Successfully	__Lib_Delays.c
diagnostics: 0	122	Compilation Started	__Lib_MemManager.c
warning: 34	1508	Implicit conversion of int to ptr	__Lib_MemManager.c
diagnostics: 231	123	Compiled Successfully	__Lib_MemManager.c
diagnostics: 0	122	Compilation Started	__Lib_GlcdFonts.c
diagnostics: 1207	123	Compiled Successfully	__Lib_GlcdFonts.c
diagnostics: 0	126	All files Preprocessed in 63 ms	 
diagnostics: 0	122	Compilation Started	angle_v2.c
warning: 303	1509	Generated baud rate is 9615 bps (error = 0.16 percent)	angle_v2.c
diagnostics: 373	123	Compiled Successfully	angle_v2.c
diagnostics: 0	127	All files Compiled in 78 ms	 
hint: 0	1144	Used RAM (bytes): 115 (23%)  Free RAM (bytes): 393 (77%)	Used RAM (bytes): 115 (23%)  Free RAM (bytes): 393 (77%)
hint: 0	1144	Used ROM (program words): 4645 (57%)  Free ROM (program words): 3547 (43%)	Used ROM (program words): 4645 (57%)  Free ROM (program words): 3547 (43%)
diagnostics: 0	125	Project Linked Successfully	angle_v2.mcppi
diagnostics: 0	128	Linked in 156 ms	 
diagnostics: 0	129	Project 'angle_v2.mcppi' completed: 624 ms	 
diagnostics: 0	103	Finished successfully: 15 7 2014, 17:57:49	angle_v2.mcppi
