0	1	mikroCPIC1618.exe -MSF -DBG -pP16F1827 -RA -DL -O11111114 -fo8 -N"C:\Users\i121326\Documents\workspace\robot\controller\A_controller\A_controller.mcppi" -SP"C:\Mikroelektronika\mikroC PRO for PIC\defs\" -SP"C:\Mikroelektronika\mikroC PRO for PIC\Uses\P16_Enh\" -SP"C:\Users\i121326\Documents\workspace\robot\controller\A_controller\" "A_controller.c" "__Lib_Math.mcl" "__Lib_MathDouble.mcl" "__Lib_System.mcl" "__Lib_Delays.mcl" "__Lib_CType.mcl" "__Lib_CString.mcl" "__Lib_CStdlib.mcl" "__Lib_CMath.mcl" "__Lib_MemManager.mcl" "__Lib_Conversions.mcl" "__Lib_Sprinti.mcl" "__Lib_Sprintl.mcl" "__Lib_Time.mcl" "__Lib_Trigonometry.mcl" "__Lib_Button.mcl" "__Lib_Keypad4x4.mcl" "__Lib_Manchester.mcl" "__Lib_OneWire.mcl" "__Lib_PS2.mcl" "__Lib_Sound.mcl" "__Lib_SoftI2C.mcl" "__Lib_SoftSPI.mcl" "__Lib_SoftUART.mcl" "__Lib_ADC.mcl" "__Lib_EEPROM.mcl" "__Lib_FLASH_rwe.mcl" "__Lib_I2C_b14b25.mcl" "__Lib_PWM_b36a34.mcl" "__Lib_SPI_b412_b52a0.mcl" "__Lib_UART_b21.mcl" "__Lib_PortExpander.mcl" "__Lib_CANSPI.mcl" "__Lib_CF.mcl" "__Lib_GlcdFonts.mcl" "__Lib_Glcd.mcl" "__Lib_LcdConsts.mcl" "__Lib_Lcd.mcl" "__Lib_RS485.mcl" "__Lib_S1D13700.mcl" "__Lib_T6963C.mcl" "__Lib_SPIGlcd.mcl" "__Lib_SPILcd.mcl" "__Lib_SPILcd8.mcl" "__Lib_SPIT6963C.mcl" "__Lib_TouchPanel.mcl"	 
hint: 0	1139	Available RAM: 368 [bytes], Available ROM: 4096 [bytes]	 
diagnostics: 0	122	Compilation Started	P16F1827.c
diagnostics: 1396	123	Compiled Successfully	P16F1827.c
diagnostics: 0	122	Compilation Started	__Lib_Delays.c
diagnostics: 123	123	Compiled Successfully	__Lib_Delays.c
diagnostics: 0	122	Compilation Started	__Lib_MemManager.c
warning: 34	1508	Implicit conversion of int to ptr	__Lib_MemManager.c
diagnostics: 231	123	Compiled Successfully	__Lib_MemManager.c
diagnostics: 0	122	Compilation Started	__Lib_GlcdFonts.c
diagnostics: 1207	123	Compiled Successfully	__Lib_GlcdFonts.c
diagnostics: 0	126	All files Preprocessed in 63 ms	 
diagnostics: 0	122	Compilation Started	A_controller.c
diagnostics: 204	123	Compiled Successfully	A_controller.c
diagnostics: 0	127	All files Compiled in 46 ms	 
hint: 0	1144	Used RAM (bytes): 46 (12%)  Free RAM (bytes): 322 (88%)	Used RAM (bytes): 46 (12%)  Free RAM (bytes): 322 (88%)
hint: 0	1144	Used ROM (program words): 2331 (57%)  Free ROM (program words): 1765 (43%)	Used ROM (program words): 2331 (57%)  Free ROM (program words): 1765 (43%)
diagnostics: 0	125	Project Linked Successfully	A_controller.mcppi
diagnostics: 0	128	Linked in 110 ms	 
diagnostics: 0	129	Project 'A_controller.mcppi' completed: 609 ms	 
diagnostics: 0	103	Finished successfully: 14 9 2014, 17:13:13	A_controller.mcppi
