;  LST file generated by mikroListExporter - v.2.0 
; Date/Time: 2014/10/21 8:38:48
;----------------------------------------------

;Address Opcode 	ASM
0x0000	0x281B      	GOTO       27
_Setup:
;DAC.c,26 :: 		void Setup()
;DAC.c,28 :: 		OSCCON = 0x70;
0x0003	0x3070      	MOVLW      112
0x0004	0x0021      	MOVLB      1
0x0005	0x0099      	MOVWF      OSCCON
;DAC.c,30 :: 		ANSELA = 0x00;
0x0006	0x0023      	MOVLB      3
0x0007	0x018C      	CLRF       ANSELA
;DAC.c,32 :: 		TRISA  = 0x00;
0x0008	0x0021      	MOVLB      1
0x0009	0x018C      	CLRF       TRISA
;DAC.c,34 :: 		PORTA  = 0x00;
0x000A	0x0020      	MOVLB      0
0x000B	0x018C      	CLRF       PORTA
;DAC.c,35 :: 		}
L_end_Setup:
0x000C	0x0008      	RETURN
; end of _Setup
___CC2DW:
;__Lib_System.c,71 :: 		
;__Lib_System.c,73 :: 		
_CC2DL_Loop1:
;__Lib_System.c,74 :: 		
0x000D	0x0012      	MOVIW      INDF0++ 
;__Lib_System.c,75 :: 		
0x000E	0x001E      	MOVWI      INDF1++ 
;__Lib_System.c,76 :: 		
0x000F	0x03F0      	DECF       R0, 1
;__Lib_System.c,77 :: 		
0x0010	0x1D03      	BTFSS      STATUS, 2
;__Lib_System.c,78 :: 		
0x0011	0x280D      	GOTO       _CC2DL_Loop1
;__Lib_System.c,79 :: 		
0x0012	0x03F1      	DECF       R1, 1
;__Lib_System.c,80 :: 		
0x0013	0x1D03      	BTFSS      STATUS, 2
;__Lib_System.c,81 :: 		
0x0014	0x280D      	GOTO       _CC2DL_Loop1
;__Lib_System.c,83 :: 		
L_end___CC2DW:
0x0015	0x0008      	RETURN
; end of ___CC2DW
_DAC_Init:
;DAC.c,37 :: 		void DAC_Init()
;DAC.c,39 :: 		DACCON0 = 0xE0;
0x0016	0x30E0      	MOVLW      224
0x0017	0x0022      	MOVLB      2
0x0018	0x0098      	MOVWF      DACCON0
;DAC.c,40 :: 		DACCON1 = 0x00;  //(Vdd * (DACCON1 / 2^5))
0x0019	0x0199      	CLRF       DACCON1
;DAC.c,41 :: 		}
L_end_DAC_Init:
0x001A	0x0008      	RETURN
; end of _DAC_Init
_Main:
;DAC.c,4 :: 		void Main()
;DAC.c,8 :: 		Setup();
0x001B	0x2003      	CALL       _Setup
;DAC.c,10 :: 		DAC_Init();
0x001C	0x2016      	CALL       _DAC_Init
;DAC.c,12 :: 		while(1){
L_Main0:
;DAC.c,15 :: 		for(i = 15; i < 32; i ++){
0x001D	0x300F      	MOVLW      15
0x001E	0x0020      	MOVLB      0
0x001F	0x00A0      	MOVWF      Main_i_L0
0x0020	0x3000      	MOVLW      0
0x0021	0x00A1      	MOVWF      Main_i_L0+1
L_Main2:
0x0022	0x3080      	MOVLW      128
0x0023	0x0621      	XORWF      Main_i_L0+1, 0
0x0024	0x00F0      	MOVWF      R0
0x0025	0x3080      	MOVLW      128
0x0026	0x0270      	SUBWF      R0, 0
0x0027	0x1D03      	BTFSS      STATUS, 2
0x0028	0x282B      	GOTO       L__Main11
0x0029	0x3020      	MOVLW      32
0x002A	0x0220      	SUBWF      Main_i_L0, 0
L__Main11:
0x002B	0x1803      	BTFSC      STATUS, 0
0x002C	0x283F      	GOTO       L_Main3
;DAC.c,16 :: 		DACCON1 = i;
0x002D	0x0820      	MOVF       Main_i_L0, 0
0x002E	0x0022      	MOVLB      2
0x002F	0x0099      	MOVWF      DACCON1
;DAC.c,17 :: 		Delay_ms(80);
0x0030	0x30D0      	MOVLW      208
0x0031	0x00FC      	MOVWF      R12
0x0032	0x30C9      	MOVLW      201
0x0033	0x00FD      	MOVWF      R13
L_Main5:
0x0034	0x0BFD      	DECFSZ     R13, 1
0x0035	0x2834      	GOTO       L_Main5
0x0036	0x0BFC      	DECFSZ     R12, 1
0x0037	0x2834      	GOTO       L_Main5
0x0038	0x0000      	NOP
0x0039	0x0000      	NOP
;DAC.c,15 :: 		for(i = 15; i < 32; i ++){
0x003A	0x0020      	MOVLB      0
0x003B	0x0AA0      	INCF       Main_i_L0, 1
0x003C	0x1903      	BTFSC      STATUS, 2
0x003D	0x0AA1      	INCF       Main_i_L0+1, 1
;DAC.c,18 :: 		}
0x003E	0x2822      	GOTO       L_Main2
L_Main3:
;DAC.c,19 :: 		for(i = 31; i > 15; i --){
0x003F	0x301F      	MOVLW      31
0x0040	0x00A0      	MOVWF      Main_i_L0
0x0041	0x3000      	MOVLW      0
0x0042	0x00A1      	MOVWF      Main_i_L0+1
L_Main6:
0x0043	0x3080      	MOVLW      128
0x0044	0x00F0      	MOVWF      R0
0x0045	0x3080      	MOVLW      128
0x0046	0x0621      	XORWF      Main_i_L0+1, 0
0x0047	0x0270      	SUBWF      R0, 0
0x0048	0x1D03      	BTFSS      STATUS, 2
0x0049	0x284C      	GOTO       L__Main12
0x004A	0x0820      	MOVF       Main_i_L0, 0
0x004B	0x3C0F      	SUBLW      15
L__Main12:
0x004C	0x1803      	BTFSC      STATUS, 0
0x004D	0x2861      	GOTO       L_Main7
;DAC.c,20 :: 		DACCON1 = i;
0x004E	0x0820      	MOVF       Main_i_L0, 0
0x004F	0x0022      	MOVLB      2
0x0050	0x0099      	MOVWF      DACCON1
;DAC.c,21 :: 		Delay_ms(80);
0x0051	0x30D0      	MOVLW      208
0x0052	0x00FC      	MOVWF      R12
0x0053	0x30C9      	MOVLW      201
0x0054	0x00FD      	MOVWF      R13
L_Main9:
0x0055	0x0BFD      	DECFSZ     R13, 1
0x0056	0x2855      	GOTO       L_Main9
0x0057	0x0BFC      	DECFSZ     R12, 1
0x0058	0x2855      	GOTO       L_Main9
0x0059	0x0000      	NOP
0x005A	0x0000      	NOP
;DAC.c,19 :: 		for(i = 31; i > 15; i --){
0x005B	0x3001      	MOVLW      1
0x005C	0x0020      	MOVLB      0
0x005D	0x02A0      	SUBWF      Main_i_L0, 1
0x005E	0x3000      	MOVLW      0
0x005F	0x3BA1      	SUBWFB     Main_i_L0+1, 1
;DAC.c,22 :: 		}
0x0060	0x2843      	GOTO       L_Main6
L_Main7:
;DAC.c,23 :: 		}
0x0061	0x281D      	GOTO       L_Main0
;DAC.c,24 :: 		}
L_end_Main:
0x0062	0x2862      	GOTO       $+0
; end of _Main
Symbol List:
//** Routines locations **
//ADDRESS    SIZE    PROCEDURE
//----------------------------------------------
0x0003      [10]    _Setup
0x000D       [9]    ___CC2DW
0x0016       [5]    _DAC_Init
0x001B      [72]    _Main
//** Variables locations ** 
//ADDRESS    SIZE    VARIABLE
//----------------------------------------------
0x0000       [1]    INDF0
0x0001       [1]    INDF1
0x0003       [1]    STATUS
0x0004       [1]    FSR0L
0x0005       [1]    FSR0H
0x0006       [1]    FSR1L
0x0007       [1]    FSR1H
0x000A       [1]    PCLATH
0x000C       [1]    PORTA
0x0020       [2]    Main_i_L0
0x0070       [1]    R0
0x0071       [1]    R1
0x0072       [1]    R2
0x0073       [1]    R3
0x0074       [1]    R4
0x0075       [1]    R5
0x0076       [1]    R6
0x0077       [1]    R7
0x0078       [1]    R8
0x0079       [1]    R9
0x007A       [1]    R10
0x007B       [1]    R11
0x007C       [1]    R12
0x007D       [1]    R13
0x007E       [1]    R14
0x007F       [1]    R15
0x008C       [1]    TRISA
0x0099       [1]    OSCCON
0x0118       [1]    DACCON0
0x0119       [1]    DACCON1
0x018C       [1]    ANSELA
//** Label List: ** 
//----------------------------------------------
  L_Main0
  L_Main1
  L_Main2
  L_Main3
  L_Main4
  L_Main5
  L_Main6
  L_Main7
  L_Main8
  L_Main9
  L_end_Main
  _Main
  L__Main11
  L__Main12
  L_end_Setup
  _Setup
  L_end_DAC_Init
  _DAC_Init
  L_CA2A_Loop
  L_CA2AW_Loop
  L_CS2S_Loop
  L_CS2S_End
  L_FZinS_Loop
  L_FZinS_End
  _CC2D_Loop1
  _CC2DL_Loop1
  L_end_____DoIFC
  _____DoIFC
  L_end___CA2A
  ___CA2A
  L_end___CA2AW
  ___CA2AW
  L_end___CS2S
  ___CS2S
  L_end___FZinS
  ___FZinS
  L_end___CC2D
  ___CC2D
  L_end___CC2DW
  ___CC2DW
  L_end_Swap
  _Swap
