;  LST file generated by mikroListExporter - v.2.0 
; Date/Time: 2014/08/09 13:50:48
;----------------------------------------------

;Address Opcode 	ASM
0x0000	0x287E      	GOTO       126
_I2C1_Is_Idle:
;__Lib_I2C_a12.c,13 :: 		
;__Lib_I2C_a12.c,14 :: 		
0x0003	0x0024      	MOVLB      4
0x0004	0x1914      	BTFSC      SSPSTAT, 2
0x0005	0x2810      	GOTO       L_I2C1_Is_Idle0
;__Lib_I2C_a12.c,15 :: 		
0x0006	0x301F      	MOVLW      31
0x0007	0x0516      	ANDWF      SSPCON2, 0
0x0008	0x00F1      	MOVWF      R1
0x0009	0x0871      	MOVF       R1, 0
0x000A	0x3A00      	XORLW      0
0x000B	0x1D03      	BTFSS      STATUS, 2
0x000C	0x2810      	GOTO       L_I2C1_Is_Idle1
;__Lib_I2C_a12.c,16 :: 		
0x000D	0x3001      	MOVLW      1
0x000E	0x00F0      	MOVWF      R0
0x000F	0x2811      	GOTO       L_end_I2C1_Is_Idle
L_I2C1_Is_Idle1:
L_I2C1_Is_Idle0:
;__Lib_I2C_a12.c,17 :: 		
0x0010	0x01F0      	CLRF       R0
;__Lib_I2C_a12.c,18 :: 		
L_end_I2C1_Is_Idle:
0x0011	0x0008      	RETURN
; end of _I2C1_Is_Idle
_I2C_Master_Init:
;I2C_master.c,54 :: 		void I2C_Master_Init()
;I2C_master.c,56 :: 		SSP1STAT = 0x80;
0x0012	0x3080      	MOVLW      128
0x0013	0x0024      	MOVLB      4
0x0014	0x0094      	MOVWF      SSP1STAT
;I2C_master.c,57 :: 		SSP1CON1 = 0x28;
0x0015	0x3028      	MOVLW      40
0x0016	0x0095      	MOVWF      SSP1CON1
;I2C_master.c,58 :: 		SSP1ADD  = 0x13;
0x0017	0x3013      	MOVLW      19
0x0018	0x0092      	MOVWF      SSP1ADD
;I2C_master.c,59 :: 		INTCON.SSP1IE = 1;
0x0019	0x158B      	BSF        INTCON, 3
;I2C_master.c,60 :: 		INTCON.BCL1IE = 1;
0x001A	0x158B      	BSF        INTCON, 3
;I2C_master.c,61 :: 		INTCON.PEIE   = 1;
0x001B	0x170B      	BSF        INTCON, 6
;I2C_master.c,62 :: 		INTCON.GIE    = 1;
0x001C	0x178B      	BSF        INTCON, 7
;I2C_master.c,63 :: 		INTCON.SSP1IF = 0;
0x001D	0x118B      	BCF        INTCON, 3
;I2C_master.c,64 :: 		INTCON.BCL1IF = 0;
0x001E	0x118B      	BCF        INTCON, 3
;I2C_master.c,65 :: 		}
L_end_I2C_Master_Init:
0x001F	0x0008      	RETURN
; end of _I2C_Master_Init
_Setup:
;I2C_master.c,43 :: 		void Setup()
;I2C_master.c,45 :: 		OSCCON = 0x70;
0x0020	0x3070      	MOVLW      112
0x0021	0x0021      	MOVLB      1
0x0022	0x0099      	MOVWF      OSCCON
;I2C_master.c,47 :: 		ANSELA = 0x00;
0x0023	0x0023      	MOVLB      3
0x0024	0x018C      	CLRF       ANSELA
;I2C_master.c,49 :: 		TRISA  = 0x06;
0x0025	0x3006      	MOVLW      6
0x0026	0x0021      	MOVLB      1
0x0027	0x008C      	MOVWF      TRISA
;I2C_master.c,51 :: 		PORTA  = 0x00;
0x0028	0x0020      	MOVLB      0
0x0029	0x018C      	CLRF       PORTA
;I2C_master.c,52 :: 		}
L_end_Setup:
0x002A	0x0008      	RETURN
; end of _Setup
_I2C1_Init:
;__Lib_I2C_a12.c,4 :: 		
;__Lib_I2C_a12.c,5 :: 		
0x002B	0x0024      	MOVLB      4
0x002C	0x1314      	BCF        SSPSTAT, 6
;__Lib_I2C_a12.c,6 :: 		
0x002D	0x1394      	BCF        SSPSTAT, 7
;__Lib_I2C_a12.c,7 :: 		
0x002E	0x0021      	MOVLB      1
0x002F	0x150C      	BSF        TRISA2_bit, BitPos(TRISA2_bit+0)
;__Lib_I2C_a12.c,8 :: 		
0x0030	0x148C      	BSF        TRISA1_bit, BitPos(TRISA1_bit+0)
;__Lib_I2C_a12.c,9 :: 		
0x0031	0x3038      	MOVLW      56
0x0032	0x0024      	MOVLB      4
0x0033	0x0095      	MOVWF      SSPCON
;__Lib_I2C_a12.c,11 :: 		
L_end_I2C1_Init:
0x0034	0x0008      	RETURN
; end of _I2C1_Init
_I2C1_Start:
;__Lib_I2C_a12.c,20 :: 		
;__Lib_I2C_a12.c,23 :: 		
0x0035	0x0020      	MOVLB      0
0x0036	0x01A0      	CLRF       I2C1_Start_j_L0
0x0037	0x01A1      	CLRF       I2C1_Start_j_L0+1
L_I2C1_Start2:
0x0038	0x0821      	MOVF       I2C1_Start_j_L0+1, 0
0x0039	0x3C12      	SUBLW      18
0x003A	0x1D03      	BTFSS      STATUS, 2
0x003B	0x283E      	GOTO       L__I2C1_Start27
0x003C	0x0820      	MOVF       I2C1_Start_j_L0, 0
0x003D	0x3C8E      	SUBLW      142
L__I2C1_Start27:
0x003E	0x1C03      	BTFSS      STATUS, 0
0x003F	0x284A      	GOTO       L_I2C1_Start3
;__Lib_I2C_a12.c,24 :: 		
0x0040	0x2003      	CALL       _I2C1_Is_Idle
0x0041	0x0870      	MOVF       R0, 0
0x0042	0x1903      	BTFSC      STATUS, 2
0x0043	0x2845      	GOTO       L_I2C1_Start5
;__Lib_I2C_a12.c,25 :: 		
0x0044	0x284A      	GOTO       L_I2C1_Start3
L_I2C1_Start5:
;__Lib_I2C_a12.c,23 :: 		
0x0045	0x0020      	MOVLB      0
0x0046	0x0AA0      	INCF       I2C1_Start_j_L0, 1
0x0047	0x1903      	BTFSC      STATUS, 2
0x0048	0x0AA1      	INCF       I2C1_Start_j_L0+1, 1
;__Lib_I2C_a12.c,26 :: 		
0x0049	0x2838      	GOTO       L_I2C1_Start2
L_I2C1_Start3:
0x004A	0x0020      	MOVLB      0
;__Lib_I2C_a12.c,28 :: 		
0x004B	0x3012      	MOVLW      18
0x004C	0x0221      	SUBWF      I2C1_Start_j_L0+1, 0
0x004D	0x1D03      	BTFSS      STATUS, 2
0x004E	0x2851      	GOTO       L__I2C1_Start28
0x004F	0x308F      	MOVLW      143
0x0050	0x0220      	SUBWF      I2C1_Start_j_L0, 0
L__I2C1_Start28:
0x0051	0x1C03      	BTFSS      STATUS, 0
0x0052	0x2856      	GOTO       L_I2C1_Start6
;__Lib_I2C_a12.c,29 :: 		
0x0053	0x307B      	MOVLW      123
0x0054	0x00F0      	MOVWF      R0
0x0055	0x285C      	GOTO       L_end_I2C1_Start
L_I2C1_Start6:
;__Lib_I2C_a12.c,31 :: 		
0x0056	0x0024      	MOVLB      4
0x0057	0x1416      	BSF        SSPCON2, 0
;__Lib_I2C_a12.c,32 :: 		
L_I2C1_Start8:
0x0058	0x1C16      	BTFSS      SSPCON2, 0
0x0059	0x285B      	GOTO       L_I2C1_Start9
;__Lib_I2C_a12.c,33 :: 		
0x005A	0x2858      	GOTO       L_I2C1_Start8
L_I2C1_Start9:
;__Lib_I2C_a12.c,34 :: 		
0x005B	0x01F0      	CLRF       R0
;__Lib_I2C_a12.c,36 :: 		
L_end_I2C1_Start:
0x005C	0x0008      	RETURN
; end of _I2C1_Start
_I2C1_Wr:
;__Lib_I2C_a12.c,68 :: 		
;__Lib_I2C_a12.c,70 :: 		
0x005D	0x0020      	MOVLB      0
0x005E	0x1191      	BCF        PIR1, 3
;__Lib_I2C_a12.c,71 :: 		
0x005F	0x0820      	MOVF       FARG_I2C1_Wr_data_, 0
0x0060	0x0024      	MOVLB      4
0x0061	0x0091      	MOVWF      SSPBUF
;__Lib_I2C_a12.c,73 :: 		
L_I2C1_Wr18:
0x0062	0x1D14      	BTFSS      SSPSTAT, 2
0x0063	0x2865      	GOTO       L_I2C1_Wr19
;__Lib_I2C_a12.c,74 :: 		
0x0064	0x2862      	GOTO       L_I2C1_Wr18
L_I2C1_Wr19:
;__Lib_I2C_a12.c,76 :: 		
L_I2C1_Wr20:
0x0065	0x0020      	MOVLB      0
0x0066	0x1991      	BTFSC      PIR1, 3
0x0067	0x2869      	GOTO       L_I2C1_Wr21
;__Lib_I2C_a12.c,77 :: 		
0x0068	0x2865      	GOTO       L_I2C1_Wr20
L_I2C1_Wr21:
;__Lib_I2C_a12.c,79 :: 		
0x0069	0x0024      	MOVLB      4
0x006A	0x1B16      	BTFSC      SSPCON2, 6
0x006B	0x286E      	GOTO       L_I2C1_Wr22
;__Lib_I2C_a12.c,80 :: 		
0x006C	0x01F0      	CLRF       R0
0x006D	0x2871      	GOTO       L_end_I2C1_Wr
;__Lib_I2C_a12.c,81 :: 		
L_I2C1_Wr22:
;__Lib_I2C_a12.c,83 :: 		
0x006E	0x1516      	BSF        SSPCON2, 2
;__Lib_I2C_a12.c,84 :: 		
0x006F	0x3002      	MOVLW      2
0x0070	0x00F0      	MOVWF      R0
;__Lib_I2C_a12.c,86 :: 		
L_end_I2C1_Wr:
0x0071	0x0008      	RETURN
; end of _I2C1_Wr
_I2C1_Stop:
;__Lib_I2C_a12.c,89 :: 		
;__Lib_I2C_a12.c,90 :: 		
0x0072	0x0024      	MOVLB      4
0x0073	0x1516      	BSF        SSPCON2, 2
;__Lib_I2C_a12.c,91 :: 		
L_end_I2C1_Stop:
0x0074	0x0008      	RETURN
; end of _I2C1_Stop
___CC2DW:
;__Lib_System.c,71 :: 		
;__Lib_System.c,73 :: 		
_CC2DL_Loop1:
;__Lib_System.c,74 :: 		
0x0075	0x0012      	MOVIW      INDF0++ 
;__Lib_System.c,75 :: 		
0x0076	0x001E      	MOVWI      INDF1++ 
;__Lib_System.c,76 :: 		
0x0077	0x03F0      	DECF       R0, 1
;__Lib_System.c,77 :: 		
0x0078	0x1D03      	BTFSS      STATUS, 2
;__Lib_System.c,78 :: 		
0x0079	0x2875      	GOTO       _CC2DL_Loop1
;__Lib_System.c,79 :: 		
0x007A	0x03F1      	DECF       R1, 1
;__Lib_System.c,80 :: 		
0x007B	0x1D03      	BTFSS      STATUS, 2
;__Lib_System.c,81 :: 		
0x007C	0x2875      	GOTO       _CC2DL_Loop1
;__Lib_System.c,83 :: 		
L_end___CC2DW:
0x007D	0x0008      	RETURN
; end of ___CC2DW
_Main:
;I2C_master.c,4 :: 		void Main()
;I2C_master.c,6 :: 		Setup();
0x007E	0x2020      	CALL       _Setup
;I2C_master.c,8 :: 		I2C_Master_Init();
0x007F	0x2012      	CALL       _I2C_Master_Init
;I2C_master.c,10 :: 		I2C1_Init(100000);
0x0080	0x3014      	MOVLW      20
0x0081	0x0092      	MOVWF      SSP1ADD
0x0082	0x202B      	CALL       _I2C1_Init
;I2C_master.c,12 :: 		while(1){
L_Main0:
;I2C_master.c,13 :: 		I2C1_Start();
0x0083	0x2035      	CALL       _I2C1_Start
;I2C_master.c,14 :: 		I2C1_Wr(8 << 1);
0x0084	0x3010      	MOVLW      16
0x0085	0x0020      	MOVLB      0
0x0086	0x00A0      	MOVWF      FARG_I2C1_Wr_data_
0x0087	0x205D      	CALL       _I2C1_Wr
;I2C_master.c,15 :: 		I2C1_Wr(0);
0x0088	0x0020      	MOVLB      0
0x0089	0x01A0      	CLRF       FARG_I2C1_Wr_data_
0x008A	0x205D      	CALL       _I2C1_Wr
;I2C_master.c,16 :: 		I2C1_Wr(0);
0x008B	0x0020      	MOVLB      0
0x008C	0x01A0      	CLRF       FARG_I2C1_Wr_data_
0x008D	0x205D      	CALL       _I2C1_Wr
;I2C_master.c,17 :: 		I2C1_Wr(100);
0x008E	0x3064      	MOVLW      100
0x008F	0x0020      	MOVLB      0
0x0090	0x00A0      	MOVWF      FARG_I2C1_Wr_data_
0x0091	0x205D      	CALL       _I2C1_Wr
;I2C_master.c,18 :: 		I2C1_Wr(0);
0x0092	0x0020      	MOVLB      0
0x0093	0x01A0      	CLRF       FARG_I2C1_Wr_data_
0x0094	0x205D      	CALL       _I2C1_Wr
;I2C_master.c,19 :: 		I2C1_Wr(0);
0x0095	0x0020      	MOVLB      0
0x0096	0x01A0      	CLRF       FARG_I2C1_Wr_data_
0x0097	0x205D      	CALL       _I2C1_Wr
;I2C_master.c,20 :: 		I2C1_Wr(0);
0x0098	0x0020      	MOVLB      0
0x0099	0x01A0      	CLRF       FARG_I2C1_Wr_data_
0x009A	0x205D      	CALL       _I2C1_Wr
;I2C_master.c,21 :: 		I2C1_Wr(0);
0x009B	0x0020      	MOVLB      0
0x009C	0x01A0      	CLRF       FARG_I2C1_Wr_data_
0x009D	0x205D      	CALL       _I2C1_Wr
;I2C_master.c,22 :: 		I2C1_Wr(0);
0x009E	0x0020      	MOVLB      0
0x009F	0x01A0      	CLRF       FARG_I2C1_Wr_data_
0x00A0	0x205D      	CALL       _I2C1_Wr
;I2C_master.c,23 :: 		I2C1_Stop();
0x00A1	0x2072      	CALL       _I2C1_Stop
;I2C_master.c,25 :: 		Delay_ms(500);
0x00A2	0x3006      	MOVLW      6
0x00A3	0x00FB      	MOVWF      R11
0x00A4	0x3013      	MOVLW      19
0x00A5	0x00FC      	MOVWF      R12
0x00A6	0x30AD      	MOVLW      173
0x00A7	0x00FD      	MOVWF      R13
L_Main2:
0x00A8	0x0BFD      	DECFSZ     R13, 1
0x00A9	0x28A8      	GOTO       L_Main2
0x00AA	0x0BFC      	DECFSZ     R12, 1
0x00AB	0x28A8      	GOTO       L_Main2
0x00AC	0x0BFB      	DECFSZ     R11, 1
0x00AD	0x28A8      	GOTO       L_Main2
0x00AE	0x0000      	NOP
0x00AF	0x0000      	NOP
;I2C_master.c,27 :: 		I2C1_Start();
0x00B0	0x2035      	CALL       _I2C1_Start
;I2C_master.c,28 :: 		I2C1_Wr(8 << 1);
0x00B1	0x3010      	MOVLW      16
0x00B2	0x0020      	MOVLB      0
0x00B3	0x00A0      	MOVWF      FARG_I2C1_Wr_data_
0x00B4	0x205D      	CALL       _I2C1_Wr
;I2C_master.c,29 :: 		I2C1_Wr(0);
0x00B5	0x0020      	MOVLB      0
0x00B6	0x01A0      	CLRF       FARG_I2C1_Wr_data_
0x00B7	0x205D      	CALL       _I2C1_Wr
;I2C_master.c,30 :: 		I2C1_Wr(0);
0x00B8	0x0020      	MOVLB      0
0x00B9	0x01A0      	CLRF       FARG_I2C1_Wr_data_
0x00BA	0x205D      	CALL       _I2C1_Wr
;I2C_master.c,31 :: 		I2C1_Wr(0);
0x00BB	0x0020      	MOVLB      0
0x00BC	0x01A0      	CLRF       FARG_I2C1_Wr_data_
0x00BD	0x205D      	CALL       _I2C1_Wr
;I2C_master.c,32 :: 		I2C1_Wr(0);
0x00BE	0x0020      	MOVLB      0
0x00BF	0x01A0      	CLRF       FARG_I2C1_Wr_data_
0x00C0	0x205D      	CALL       _I2C1_Wr
;I2C_master.c,33 :: 		I2C1_Wr(0);
0x00C1	0x0020      	MOVLB      0
0x00C2	0x01A0      	CLRF       FARG_I2C1_Wr_data_
0x00C3	0x205D      	CALL       _I2C1_Wr
;I2C_master.c,34 :: 		I2C1_Wr(0);
0x00C4	0x0020      	MOVLB      0
0x00C5	0x01A0      	CLRF       FARG_I2C1_Wr_data_
0x00C6	0x205D      	CALL       _I2C1_Wr
;I2C_master.c,35 :: 		I2C1_Wr(0);
0x00C7	0x0020      	MOVLB      0
0x00C8	0x01A0      	CLRF       FARG_I2C1_Wr_data_
0x00C9	0x205D      	CALL       _I2C1_Wr
;I2C_master.c,36 :: 		I2C1_Wr(0);
0x00CA	0x0020      	MOVLB      0
0x00CB	0x01A0      	CLRF       FARG_I2C1_Wr_data_
0x00CC	0x205D      	CALL       _I2C1_Wr
;I2C_master.c,37 :: 		I2C1_Stop();
0x00CD	0x2072      	CALL       _I2C1_Stop
;I2C_master.c,39 :: 		Delay_ms(500);
0x00CE	0x3006      	MOVLW      6
0x00CF	0x00FB      	MOVWF      R11
0x00D0	0x3013      	MOVLW      19
0x00D1	0x00FC      	MOVWF      R12
0x00D2	0x30AD      	MOVLW      173
0x00D3	0x00FD      	MOVWF      R13
L_Main3:
0x00D4	0x0BFD      	DECFSZ     R13, 1
0x00D5	0x28D4      	GOTO       L_Main3
0x00D6	0x0BFC      	DECFSZ     R12, 1
0x00D7	0x28D4      	GOTO       L_Main3
0x00D8	0x0BFB      	DECFSZ     R11, 1
0x00D9	0x28D4      	GOTO       L_Main3
0x00DA	0x0000      	NOP
0x00DB	0x0000      	NOP
;I2C_master.c,40 :: 		}
0x00DC	0x2883      	GOTO       L_Main0
;I2C_master.c,41 :: 		}
L_end_Main:
0x00DD	0x28DD      	GOTO       $+0
; end of _Main
Symbol List:
//** Routines locations **
//ADDRESS    SIZE    PROCEDURE
//----------------------------------------------
0x0003      [15]    _I2C1_Is_Idle
0x0012      [14]    _I2C_Master_Init
0x0020      [11]    _Setup
0x002B      [10]    _I2C1_Init
0x0035      [40]    _I2C1_Start
0x005D      [21]    _I2C1_Wr
0x0072       [3]    _I2C1_Stop
0x0075       [9]    ___CC2DW
0x007E      [96]    _Main
//** Variables locations ** 
//ADDRESS    SIZE    VARIABLE
//----------------------------------------------
0x0000       [1]    INDF0
0x0001       [1]    INDF1
0x0003       [1]    STATUS
0x0004       [1]    FSR0L
0x0005       [1]    FSR0H
0x0006       [1]    FSR1L
0x0007       [1]    FSR1H
0x000A       [1]    PCLATH
0x000B       [1]    INTCON
0x000C       [1]    PORTA
0x0011       [1]    PIR1
0x0020       [4]    FARG_I2C1_Init_clock
0x0020       [1]    FARG_I2C1_Wr_data_
0x0020       [2]    I2C1_Start_j_L0
0x0070       [1]    R0
0x0071       [1]    R1
0x0072       [1]    R2
0x0073       [1]    R3
0x0074       [1]    R4
0x0075       [1]    R5
0x0076       [1]    R6
0x0077       [1]    R7
0x0078       [1]    R8
0x0079       [1]    R9
0x007A       [1]    R10
0x007B       [1]    R11
0x007C       [1]    R12
0x007D       [1]    R13
0x007E       [1]    R14
0x007F       [1]    R15
0x008C       [1]    TRISA
0x008C       [0]    TRISA1_bit
0x008C       [0]    TRISA2_bit
0x0099       [1]    OSCCON
0x018C       [1]    ANSELA
0x0211       [1]    SSPBUF
0x0212       [1]    SSP1ADD
0x0214       [1]    SSPSTAT
0x0214       [1]    SSP1STAT
0x0215       [1]    SSP1CON1
0x0215       [1]    SSPCON
0x0216       [1]    SSPCON2
//** Label List: ** 
//----------------------------------------------
  L_Main0
  L_Main1
  L_Main2
  L_Main3
  L_end_Main
  _Main
  L_end_Setup
  _Setup
  L_end_I2C_Master_Init
  _I2C_Master_Init
  L_I2C1_Is_Idle0
  L_I2C1_Is_Idle1
  L_I2C1_Start2
  L_I2C1_Start3
  L_I2C1_Start4
  L_I2C1_Start5
  L_I2C1_Start6
  L_I2C1_Start7
  L_I2C1_Start8
  L_I2C1_Start9
  L_I2C1_Repeated_Start10
  L_I2C1_Repeated_Start11
  L_I2C1_Rd12
  L_I2C1_Rd13
  L_I2C1_Rd14
  L_I2C1_Rd15
  L_I2C1_Rd16
  L_I2C1_Rd17
  L_I2C1_Wr18
  L_I2C1_Wr19
  L_I2C1_Wr20
  L_I2C1_Wr21
  L_I2C1_Wr22
  L_I2C1_Wr23
  L_end_I2C1_Init
  _I2C1_Init
  L_end_I2C1_Is_Idle
  _I2C1_Is_Idle
  L_end_I2C1_Start
  _I2C1_Start
  L__I2C1_Start27
  L__I2C1_Start28
  L_end_I2C1_Repeated_Start
  _I2C1_Repeated_Start
  L_end_I2C1_Rd
  _I2C1_Rd
  L_end_I2C1_Wr
  _I2C1_Wr
  L_end_I2C1_Stop
  _I2C1_Stop
  L_CA2A_Loop
  L_CA2AW_Loop
  L_CS2S_Loop
  L_CS2S_End
  L_FZinS_Loop
  L_FZinS_End
  _CC2D_Loop1
  _CC2DL_Loop1
  L_end_____DoIFC
  _____DoIFC
  L_end___CA2A
  ___CA2A
  L_end___CA2AW
  ___CA2AW
  L_end___CS2S
  ___CS2S
  L_end___FZinS
  ___FZinS
  L_end___CC2D
  ___CC2D
  L_end___CC2DW
  ___CC2DW
  L_end_Swap
  _Swap
