;  LST file generated by mikroListExporter - v.2.0 
; Date/Time: 2014/08/09 17:12:28
;----------------------------------------------

;Address Opcode 	ASM
0x0000	0x29AA      	GOTO       426
_Delay_1us:
;__Lib_Delays.c,7 :: 		void Delay_1us() {
;__Lib_Delays.c,8 :: 		Delay_us(1);
0x0003	0x0000      	NOP
0x0004	0x0000      	NOP
;__Lib_Delays.c,9 :: 		}
L_end_Delay_1us:
0x0005	0x0008      	RETURN
; end of _Delay_1us
_Delay_5500us:
;__Lib_Delays.c,31 :: 		void Delay_5500us() {
;__Lib_Delays.c,32 :: 		Delay_us(5500);
0x0006	0x300F      	MOVLW      15
0x0007	0x00FC      	MOVWF      R12
0x0008	0x3047      	MOVLW      71
0x0009	0x00FD      	MOVWF      R13
L_Delay_5500us5:
0x000A	0x0BFD      	DECFSZ     R13, 1
0x000B	0x280A      	GOTO       L_Delay_5500us5
0x000C	0x0BFC      	DECFSZ     R12, 1
0x000D	0x280A      	GOTO       L_Delay_5500us5
0x000E	0x0000      	NOP
0x000F	0x0000      	NOP
;__Lib_Delays.c,33 :: 		}
L_end_Delay_5500us:
0x0010	0x0008      	RETURN
; end of _Delay_5500us
_Delay_50us:
;__Lib_Delays.c,19 :: 		void Delay_50us() {
;__Lib_Delays.c,20 :: 		Delay_us(50);
0x0011	0x3021      	MOVLW      33
0x0012	0x00FD      	MOVWF      R13
L_Delay_50us2:
0x0013	0x0BFD      	DECFSZ     R13, 1
0x0014	0x2813      	GOTO       L_Delay_50us2
;__Lib_Delays.c,21 :: 		}
L_end_Delay_50us:
0x0015	0x0008      	RETURN
; end of _Delay_50us
_Lcd_Cmd:
;__Lib_Lcd.c,18 :: 		
;__Lib_Lcd.c,20 :: 		
0x0016	0x0020      	MOVLB      0
0x0017	0x1BAA      	BTFSC      FARG_Lcd_Cmd_out_char, 7
0x0018	0x281B      	GOTO       L__Lcd_Cmd21
0x0019	0x110D      	BCF        LCD_D7, BitPos(LCD_D7+0)
0x001A	0x281C      	GOTO       L__Lcd_Cmd22
L__Lcd_Cmd21:
0x001B	0x150D      	BSF        LCD_D7, BitPos(LCD_D7+0)
L__Lcd_Cmd22:
;__Lib_Lcd.c,21 :: 		
0x001C	0x1B2A      	BTFSC      FARG_Lcd_Cmd_out_char, 6
0x001D	0x2820      	GOTO       L__Lcd_Cmd23
0x001E	0x118D      	BCF        LCD_D6, BitPos(LCD_D6+0)
0x001F	0x2821      	GOTO       L__Lcd_Cmd24
L__Lcd_Cmd23:
0x0020	0x158D      	BSF        LCD_D6, BitPos(LCD_D6+0)
L__Lcd_Cmd24:
;__Lib_Lcd.c,22 :: 		
0x0021	0x1AAA      	BTFSC      FARG_Lcd_Cmd_out_char, 5
0x0022	0x2825      	GOTO       L__Lcd_Cmd25
0x0023	0x120D      	BCF        LCD_D5, BitPos(LCD_D5+0)
0x0024	0x2826      	GOTO       L__Lcd_Cmd26
L__Lcd_Cmd25:
0x0025	0x160D      	BSF        LCD_D5, BitPos(LCD_D5+0)
L__Lcd_Cmd26:
;__Lib_Lcd.c,23 :: 		
0x0026	0x1A2A      	BTFSC      FARG_Lcd_Cmd_out_char, 4
0x0027	0x282A      	GOTO       L__Lcd_Cmd27
0x0028	0x128D      	BCF        LCD_D4, BitPos(LCD_D4+0)
0x0029	0x282B      	GOTO       L__Lcd_Cmd28
L__Lcd_Cmd27:
0x002A	0x168D      	BSF        LCD_D4, BitPos(LCD_D4+0)
L__Lcd_Cmd28:
;__Lib_Lcd.c,25 :: 		
0x002B	0x1820      	BTFSC      __Lib_Lcd_cmd_status, BitPos(__Lib_Lcd_cmd_status+0)
0x002C	0x282F      	GOTO       L__Lcd_Cmd29
0x002D	0x178D      	BSF        LCD_RS, BitPos(LCD_RS+0)
0x002E	0x2830      	GOTO       L__Lcd_Cmd30
L__Lcd_Cmd29:
0x002F	0x138D      	BCF        LCD_RS, BitPos(LCD_RS+0)
L__Lcd_Cmd30:
;__Lib_Lcd.c,28 :: 		
0x0030	0x170D      	BSF        LCD_EN, BitPos(LCD_EN+0)
;__Lib_Lcd.c,29 :: 		
0x0031	0x2003      	CALL       _Delay_1us
;__Lib_Lcd.c,30 :: 		
0x0032	0x130D      	BCF        LCD_EN, BitPos(LCD_EN+0)
;__Lib_Lcd.c,33 :: 		
0x0033	0x19AA      	BTFSC      FARG_Lcd_Cmd_out_char, 3
0x0034	0x2837      	GOTO       L__Lcd_Cmd31
0x0035	0x110D      	BCF        LCD_D7, BitPos(LCD_D7+0)
0x0036	0x2838      	GOTO       L__Lcd_Cmd32
L__Lcd_Cmd31:
0x0037	0x150D      	BSF        LCD_D7, BitPos(LCD_D7+0)
L__Lcd_Cmd32:
;__Lib_Lcd.c,34 :: 		
0x0038	0x192A      	BTFSC      FARG_Lcd_Cmd_out_char, 2
0x0039	0x283C      	GOTO       L__Lcd_Cmd33
0x003A	0x118D      	BCF        LCD_D6, BitPos(LCD_D6+0)
0x003B	0x283D      	GOTO       L__Lcd_Cmd34
L__Lcd_Cmd33:
0x003C	0x158D      	BSF        LCD_D6, BitPos(LCD_D6+0)
L__Lcd_Cmd34:
;__Lib_Lcd.c,35 :: 		
0x003D	0x18AA      	BTFSC      FARG_Lcd_Cmd_out_char, 1
0x003E	0x2841      	GOTO       L__Lcd_Cmd35
0x003F	0x120D      	BCF        LCD_D5, BitPos(LCD_D5+0)
0x0040	0x2842      	GOTO       L__Lcd_Cmd36
L__Lcd_Cmd35:
0x0041	0x160D      	BSF        LCD_D5, BitPos(LCD_D5+0)
L__Lcd_Cmd36:
;__Lib_Lcd.c,36 :: 		
0x0042	0x182A      	BTFSC      FARG_Lcd_Cmd_out_char, 0
0x0043	0x2846      	GOTO       L__Lcd_Cmd37
0x0044	0x128D      	BCF        LCD_D4, BitPos(LCD_D4+0)
0x0045	0x2847      	GOTO       L__Lcd_Cmd38
L__Lcd_Cmd37:
0x0046	0x168D      	BSF        LCD_D4, BitPos(LCD_D4+0)
L__Lcd_Cmd38:
;__Lib_Lcd.c,38 :: 		
0x0047	0x1820      	BTFSC      __Lib_Lcd_cmd_status, BitPos(__Lib_Lcd_cmd_status+0)
0x0048	0x284B      	GOTO       L__Lcd_Cmd39
0x0049	0x178D      	BSF        LCD_RS, BitPos(LCD_RS+0)
0x004A	0x284C      	GOTO       L__Lcd_Cmd40
L__Lcd_Cmd39:
0x004B	0x138D      	BCF        LCD_RS, BitPos(LCD_RS+0)
L__Lcd_Cmd40:
;__Lib_Lcd.c,40 :: 		
0x004C	0x170D      	BSF        LCD_EN, BitPos(LCD_EN+0)
;__Lib_Lcd.c,41 :: 		
0x004D	0x2003      	CALL       _Delay_1us
;__Lib_Lcd.c,42 :: 		
0x004E	0x130D      	BCF        LCD_EN, BitPos(LCD_EN+0)
;__Lib_Lcd.c,44 :: 		
0x004F	0x1C20      	BTFSS      __Lib_Lcd_cmd_status, BitPos(__Lib_Lcd_cmd_status+0)
0x0050	0x2853      	GOTO       L_Lcd_Cmd0
;__Lib_Lcd.c,45 :: 		
0x0051	0x2006      	CALL       _Delay_5500us
0x0052	0x2854      	GOTO       L_Lcd_Cmd1
L_Lcd_Cmd0:
;__Lib_Lcd.c,47 :: 		
0x0053	0x2011      	CALL       _Delay_50us
L_Lcd_Cmd1:
;__Lib_Lcd.c,48 :: 		
L_end_Lcd_Cmd:
0x0054	0x0008      	RETURN
; end of _Lcd_Cmd
_Delay_500us:
;__Lib_Delays.c,27 :: 		void Delay_500us() {
;__Lib_Delays.c,28 :: 		Delay_us(498);
0x0055	0x3002      	MOVLW      2
0x0056	0x00FC      	MOVWF      R12
0x0057	0x3049      	MOVLW      73
0x0058	0x00FD      	MOVWF      R13
L_Delay_500us4:
0x0059	0x0BFD      	DECFSZ     R13, 1
0x005A	0x2859      	GOTO       L_Delay_500us4
0x005B	0x0BFC      	DECFSZ     R12, 1
0x005C	0x2859      	GOTO       L_Delay_500us4
0x005D	0x0000      	NOP
0x005E	0x0000      	NOP
;__Lib_Delays.c,29 :: 		}
L_end_Delay_500us:
0x005F	0x0008      	RETURN
; end of _Delay_500us
_Button:
;__Lib_Button.c,6 :: 		
;__Lib_Button.c,8 :: 		
0x0060	0x0020      	MOVLB      0
0x0061	0x01A9      	CLRF       Button_rslt_L0
;__Lib_Button.c,11 :: 		
0x0062	0x0825      	MOVF       FARG_Button_pin, 0
0x0063	0x00F1      	MOVWF      R1
0x0064	0x3001      	MOVLW      1
0x0065	0x00F0      	MOVWF      R0
0x0066	0x0871      	MOVF       R1, 0
L__Button5:
0x0067	0x1903      	BTFSC      STATUS, 2
0x0068	0x286C      	GOTO       L__Button6
0x0069	0x35F0      	LSLF       R0, 1
0x006A	0x3EFF      	ADDLW      255
0x006B	0x2867      	GOTO       L__Button5
L__Button6:
0x006C	0x0870      	MOVF       R0, 0
0x006D	0x00A8      	MOVWF      Button_pMask_L0
;__Lib_Button.c,13 :: 		
0x006E	0x0823      	MOVF       FARG_Button_port, 0
0x006F	0x0084      	MOVWF      FSR0
0x0070	0x0824      	MOVF       FARG_Button_port+1, 0
0x0071	0x0085      	MOVWF      FSR0H
0x0072	0x0870      	MOVF       R0, 0
0x0073	0x0500      	ANDWF      INDF0, 0
0x0074	0x00F1      	MOVWF      R1
0x0075	0x0871      	MOVF       R1, 0
0x0076	0x3001      	MOVLW      1
0x0077	0x1D03      	BTFSS      STATUS, 2
0x0078	0x3000      	MOVLW      0
0x0079	0x00F0      	MOVWF      R0
0x007A	0x0827      	MOVF       FARG_Button_active_state, 0
0x007B	0x06F0      	XORWF      R0, 1
0x007C	0x1903      	BTFSC      STATUS, 2
0x007D	0x2898      	GOTO       L_Button0
;__Lib_Button.c,15 :: 		
L_Button1:
0x007E	0x0826      	MOVF       FARG_Button_time_ms, 0
0x007F	0x3C00      	SUBLW      0
0x0080	0x1803      	BTFSC      STATUS, 0
0x0081	0x2886      	GOTO       L_Button2
;__Lib_Button.c,16 :: 		
0x0082	0x2055      	CALL       _Delay_500us
;__Lib_Button.c,17 :: 		
0x0083	0x2055      	CALL       _Delay_500us
;__Lib_Button.c,18 :: 		
0x0084	0x03A6      	DECF       FARG_Button_time_ms, 1
;__Lib_Button.c,19 :: 		
0x0085	0x287E      	GOTO       L_Button1
L_Button2:
;__Lib_Button.c,21 :: 		
0x0086	0x0823      	MOVF       FARG_Button_port, 0
0x0087	0x0084      	MOVWF      FSR0
0x0088	0x0824      	MOVF       FARG_Button_port+1, 0
0x0089	0x0085      	MOVWF      FSR0H
0x008A	0x0828      	MOVF       Button_pMask_L0, 0
0x008B	0x0500      	ANDWF      INDF0, 0
0x008C	0x00F1      	MOVWF      R1
0x008D	0x0871      	MOVF       R1, 0
0x008E	0x3001      	MOVLW      1
0x008F	0x1D03      	BTFSS      STATUS, 2
0x0090	0x3000      	MOVLW      0
0x0091	0x00F0      	MOVWF      R0
0x0092	0x0827      	MOVF       FARG_Button_active_state, 0
0x0093	0x06F0      	XORWF      R0, 1
0x0094	0x1903      	BTFSC      STATUS, 2
0x0095	0x2898      	GOTO       L_Button3
;__Lib_Button.c,22 :: 		
0x0096	0x30FF      	MOVLW      255
0x0097	0x00A9      	MOVWF      Button_rslt_L0
L_Button3:
;__Lib_Button.c,23 :: 		
L_Button0:
;__Lib_Button.c,25 :: 		
0x0098	0x0829      	MOVF       Button_rslt_L0, 0
0x0099	0x00F0      	MOVWF      R0
;__Lib_Button.c,26 :: 		
L_end_Button:
0x009A	0x0008      	RETURN
; end of _Button
_Lcd_Chr:
;__Lib_Lcd.c,65 :: 		
;__Lib_Lcd.c,66 :: 		
0x009B	0x28AC      	GOTO       L_Lcd_Chr4
;__Lib_Lcd.c,67 :: 		
L_Lcd_Chr6:
0x009C	0x3080      	MOVLW      128
0x009D	0x0020      	MOVLB      0
0x009E	0x00A3      	MOVWF      FARG_Lcd_Chr_row
0x009F	0x28BE      	GOTO       L_Lcd_Chr5
;__Lib_Lcd.c,68 :: 		
L_Lcd_Chr7:
0x00A0	0x30C0      	MOVLW      192
0x00A1	0x00A3      	MOVWF      FARG_Lcd_Chr_row
0x00A2	0x28BE      	GOTO       L_Lcd_Chr5
;__Lib_Lcd.c,69 :: 		
L_Lcd_Chr8:
0x00A3	0x3094      	MOVLW      148
0x00A4	0x00A3      	MOVWF      FARG_Lcd_Chr_row
0x00A5	0x28BE      	GOTO       L_Lcd_Chr5
;__Lib_Lcd.c,70 :: 		
L_Lcd_Chr9:
0x00A6	0x30D4      	MOVLW      212
0x00A7	0x00A3      	MOVWF      FARG_Lcd_Chr_row
0x00A8	0x28BE      	GOTO       L_Lcd_Chr5
;__Lib_Lcd.c,71 :: 		
L_Lcd_Chr10:
0x00A9	0x3080      	MOVLW      128
0x00AA	0x00A3      	MOVWF      FARG_Lcd_Chr_row
;__Lib_Lcd.c,72 :: 		
0x00AB	0x28BE      	GOTO       L_Lcd_Chr5
L_Lcd_Chr4:
0x00AC	0x0020      	MOVLB      0
0x00AD	0x0823      	MOVF       FARG_Lcd_Chr_row, 0
0x00AE	0x3A01      	XORLW      1
0x00AF	0x1903      	BTFSC      STATUS, 2
0x00B0	0x289C      	GOTO       L_Lcd_Chr6
0x00B1	0x0823      	MOVF       FARG_Lcd_Chr_row, 0
0x00B2	0x3A02      	XORLW      2
0x00B3	0x1903      	BTFSC      STATUS, 2
0x00B4	0x28A0      	GOTO       L_Lcd_Chr7
0x00B5	0x0823      	MOVF       FARG_Lcd_Chr_row, 0
0x00B6	0x3A03      	XORLW      3
0x00B7	0x1903      	BTFSC      STATUS, 2
0x00B8	0x28A3      	GOTO       L_Lcd_Chr8
0x00B9	0x0823      	MOVF       FARG_Lcd_Chr_row, 0
0x00BA	0x3A04      	XORLW      4
0x00BB	0x1903      	BTFSC      STATUS, 2
0x00BC	0x28A6      	GOTO       L_Lcd_Chr9
0x00BD	0x28A9      	GOTO       L_Lcd_Chr10
L_Lcd_Chr5:
;__Lib_Lcd.c,74 :: 		
0x00BE	0x0324      	DECF       FARG_Lcd_Chr_column, 0
0x00BF	0x00F0      	MOVWF      R0
0x00C0	0x0823      	MOVF       FARG_Lcd_Chr_row, 0
0x00C1	0x07F0      	ADDWF      R0, 1
0x00C2	0x0870      	MOVF       R0, 0
0x00C3	0x00A3      	MOVWF      FARG_Lcd_Chr_row
;__Lib_Lcd.c,76 :: 		
0x00C4	0x1420      	BSF        __Lib_Lcd_cmd_status, BitPos(__Lib_Lcd_cmd_status+0)
;__Lib_Lcd.c,77 :: 		
0x00C5	0x0870      	MOVF       R0, 0
0x00C6	0x00AA      	MOVWF      FARG_Lcd_Cmd_out_char
0x00C7	0x2016      	CALL       _Lcd_Cmd
;__Lib_Lcd.c,79 :: 		
0x00C8	0x1020      	BCF        __Lib_Lcd_cmd_status, BitPos(__Lib_Lcd_cmd_status+0)
;__Lib_Lcd.c,80 :: 		
0x00C9	0x0825      	MOVF       FARG_Lcd_Chr_out_char, 0
0x00CA	0x00AA      	MOVWF      FARG_Lcd_Cmd_out_char
0x00CB	0x2016      	CALL       _Lcd_Cmd
;__Lib_Lcd.c,81 :: 		
0x00CC	0x1420      	BSF        __Lib_Lcd_cmd_status, BitPos(__Lib_Lcd_cmd_status+0)
;__Lib_Lcd.c,82 :: 		
L_end_Lcd_Chr:
0x00CD	0x0008      	RETURN
; end of _Lcd_Chr
___CC2DW:
;__Lib_System.c,71 :: 		
;__Lib_System.c,73 :: 		
_CC2DL_Loop1:
;__Lib_System.c,74 :: 		
0x00CE	0x0012      	MOVIW      INDF0++ 
;__Lib_System.c,75 :: 		
0x00CF	0x001E      	MOVWI      INDF1++ 
;__Lib_System.c,76 :: 		
0x00D0	0x03F0      	DECF       R0, 1
;__Lib_System.c,77 :: 		
0x00D1	0x1D03      	BTFSS      STATUS, 2
;__Lib_System.c,78 :: 		
0x00D2	0x28CE      	GOTO       _CC2DL_Loop1
;__Lib_System.c,79 :: 		
0x00D3	0x03F1      	DECF       R1, 1
;__Lib_System.c,80 :: 		
0x00D4	0x1D03      	BTFSS      STATUS, 2
;__Lib_System.c,81 :: 		
0x00D5	0x28CE      	GOTO       _CC2DL_Loop1
;__Lib_System.c,83 :: 		
L_end___CC2DW:
0x00D6	0x0008      	RETURN
; end of ___CC2DW
_Setup:
;LCD.c,67 :: 		void Setup()
;LCD.c,69 :: 		OSCCON = 0x70;
0x00D7	0x3070      	MOVLW      112
0x00D8	0x0021      	MOVLB      1
0x00D9	0x0099      	MOVWF      OSCCON
;LCD.c,71 :: 		ANSELA = 0x00;
0x00DA	0x0023      	MOVLB      3
0x00DB	0x018C      	CLRF       ANSELA
;LCD.c,72 :: 		ANSELB = 0x00;
0x00DC	0x018D      	CLRF       ANSELB
;LCD.c,73 :: 		ANSELD = 0x00;
0x00DD	0x018F      	CLRF       ANSELD
;LCD.c,74 :: 		ANSELE = 0x00;
0x00DE	0x0190      	CLRF       ANSELE
;LCD.c,76 :: 		TRISA  = 0x00;
0x00DF	0x0021      	MOVLB      1
0x00E0	0x018C      	CLRF       TRISA
;LCD.c,77 :: 		TRISB  = 0x00;
0x00E1	0x018D      	CLRF       TRISB
;LCD.c,78 :: 		TRISC  = 0x70;
0x00E2	0x3070      	MOVLW      112
0x00E3	0x008E      	MOVWF      TRISC
;LCD.c,79 :: 		TRISD  = 0x00;
0x00E4	0x018F      	CLRF       TRISD
;LCD.c,80 :: 		TRISE  = 0x00;
0x00E5	0x0190      	CLRF       TRISE
;LCD.c,82 :: 		PORTA  = 0x00;
0x00E6	0x0020      	MOVLB      0
0x00E7	0x018C      	CLRF       PORTA
;LCD.c,83 :: 		PORTB  = 0x00;
0x00E8	0x018D      	CLRF       PORTB
;LCD.c,84 :: 		PORTC  = 0x00;
0x00E9	0x018E      	CLRF       PORTC
;LCD.c,85 :: 		PORTD  = 0x00;
0x00EA	0x018F      	CLRF       PORTD
;LCD.c,86 :: 		PORTE  = 0x00;
0x00EB	0x0190      	CLRF       PORTE
;LCD.c,88 :: 		delay_ms(10);
0x00EC	0x301A      	MOVLW      26
0x00ED	0x00FC      	MOVWF      R12
0x00EE	0x30F8      	MOVLW      248
0x00EF	0x00FD      	MOVWF      R13
L_Setup12:
0x00F0	0x0BFD      	DECFSZ     R13, 1
0x00F1	0x28F0      	GOTO       L_Setup12
0x00F2	0x0BFC      	DECFSZ     R12, 1
0x00F3	0x28F0      	GOTO       L_Setup12
0x00F4	0x0000      	NOP
;LCD.c,89 :: 		}
L_end_Setup:
0x00F5	0x0008      	RETURN
; end of _Setup
_Dec2Ascii:
;LCD.c,91 :: 		char Dec2Ascii(char dec)
;LCD.c,93 :: 		switch(dec){
0x00F6	0x2918      	GOTO       L_Dec2Ascii13
;LCD.c,94 :: 		case 0:  return '0';
L_Dec2Ascii15:
0x00F7	0x3030      	MOVLW      48
0x00F8	0x00F0      	MOVWF      R0
0x00F9	0x2942      	GOTO       L_end_Dec2Ascii
;LCD.c,95 :: 		case 1:  return '1';
L_Dec2Ascii16:
0x00FA	0x3031      	MOVLW      49
0x00FB	0x00F0      	MOVWF      R0
0x00FC	0x2942      	GOTO       L_end_Dec2Ascii
;LCD.c,96 :: 		case 2:  return '2';
L_Dec2Ascii17:
0x00FD	0x3032      	MOVLW      50
0x00FE	0x00F0      	MOVWF      R0
0x00FF	0x2942      	GOTO       L_end_Dec2Ascii
;LCD.c,97 :: 		case 3:  return '3';
L_Dec2Ascii18:
0x0100	0x3033      	MOVLW      51
0x0101	0x00F0      	MOVWF      R0
0x0102	0x2942      	GOTO       L_end_Dec2Ascii
;LCD.c,98 :: 		case 4:  return '4';
L_Dec2Ascii19:
0x0103	0x3034      	MOVLW      52
0x0104	0x00F0      	MOVWF      R0
0x0105	0x2942      	GOTO       L_end_Dec2Ascii
;LCD.c,99 :: 		case 5:  return '5';
L_Dec2Ascii20:
0x0106	0x3035      	MOVLW      53
0x0107	0x00F0      	MOVWF      R0
0x0108	0x2942      	GOTO       L_end_Dec2Ascii
;LCD.c,100 :: 		case 6:  return '6';
L_Dec2Ascii21:
0x0109	0x3036      	MOVLW      54
0x010A	0x00F0      	MOVWF      R0
0x010B	0x2942      	GOTO       L_end_Dec2Ascii
;LCD.c,101 :: 		case 7:  return '7';
L_Dec2Ascii22:
0x010C	0x3037      	MOVLW      55
0x010D	0x00F0      	MOVWF      R0
0x010E	0x2942      	GOTO       L_end_Dec2Ascii
;LCD.c,102 :: 		case 8:  return '8';
L_Dec2Ascii23:
0x010F	0x3038      	MOVLW      56
0x0110	0x00F0      	MOVWF      R0
0x0111	0x2942      	GOTO       L_end_Dec2Ascii
;LCD.c,103 :: 		case 9:  return '9';
L_Dec2Ascii24:
0x0112	0x3039      	MOVLW      57
0x0113	0x00F0      	MOVWF      R0
0x0114	0x2942      	GOTO       L_end_Dec2Ascii
;LCD.c,104 :: 		default: return '*';
L_Dec2Ascii25:
0x0115	0x302A      	MOVLW      42
0x0116	0x00F0      	MOVWF      R0
0x0117	0x2942      	GOTO       L_end_Dec2Ascii
;LCD.c,105 :: 		}
L_Dec2Ascii13:
0x0118	0x0020      	MOVLB      0
0x0119	0x0823      	MOVF       FARG_Dec2Ascii_dec, 0
0x011A	0x3A00      	XORLW      0
0x011B	0x1903      	BTFSC      STATUS, 2
0x011C	0x28F7      	GOTO       L_Dec2Ascii15
0x011D	0x0823      	MOVF       FARG_Dec2Ascii_dec, 0
0x011E	0x3A01      	XORLW      1
0x011F	0x1903      	BTFSC      STATUS, 2
0x0120	0x28FA      	GOTO       L_Dec2Ascii16
0x0121	0x0823      	MOVF       FARG_Dec2Ascii_dec, 0
0x0122	0x3A02      	XORLW      2
0x0123	0x1903      	BTFSC      STATUS, 2
0x0124	0x28FD      	GOTO       L_Dec2Ascii17
0x0125	0x0823      	MOVF       FARG_Dec2Ascii_dec, 0
0x0126	0x3A03      	XORLW      3
0x0127	0x1903      	BTFSC      STATUS, 2
0x0128	0x2900      	GOTO       L_Dec2Ascii18
0x0129	0x0823      	MOVF       FARG_Dec2Ascii_dec, 0
0x012A	0x3A04      	XORLW      4
0x012B	0x1903      	BTFSC      STATUS, 2
0x012C	0x2903      	GOTO       L_Dec2Ascii19
0x012D	0x0823      	MOVF       FARG_Dec2Ascii_dec, 0
0x012E	0x3A05      	XORLW      5
0x012F	0x1903      	BTFSC      STATUS, 2
0x0130	0x2906      	GOTO       L_Dec2Ascii20
0x0131	0x0823      	MOVF       FARG_Dec2Ascii_dec, 0
0x0132	0x3A06      	XORLW      6
0x0133	0x1903      	BTFSC      STATUS, 2
0x0134	0x2909      	GOTO       L_Dec2Ascii21
0x0135	0x0823      	MOVF       FARG_Dec2Ascii_dec, 0
0x0136	0x3A07      	XORLW      7
0x0137	0x1903      	BTFSC      STATUS, 2
0x0138	0x290C      	GOTO       L_Dec2Ascii22
0x0139	0x0823      	MOVF       FARG_Dec2Ascii_dec, 0
0x013A	0x3A08      	XORLW      8
0x013B	0x1903      	BTFSC      STATUS, 2
0x013C	0x290F      	GOTO       L_Dec2Ascii23
0x013D	0x0823      	MOVF       FARG_Dec2Ascii_dec, 0
0x013E	0x3A09      	XORLW      9
0x013F	0x1903      	BTFSC      STATUS, 2
0x0140	0x2912      	GOTO       L_Dec2Ascii24
0x0141	0x2915      	GOTO       L_Dec2Ascii25
;LCD.c,106 :: 		}
L_end_Dec2Ascii:
0x0142	0x0008      	RETURN
; end of _Dec2Ascii
_abs:
;__Lib_CStdlib.c,37 :: 		
;__Lib_CStdlib.c,38 :: 		
0x0143	0x3080      	MOVLW      128
0x0144	0x0020      	MOVLB      0
0x0145	0x0624      	XORWF      FARG_abs_a+1, 0
0x0146	0x00F0      	MOVWF      R0
0x0147	0x3080      	MOVLW      128
0x0148	0x0270      	SUBWF      R0, 0
0x0149	0x1D03      	BTFSS      STATUS, 2
0x014A	0x294D      	GOTO       L__abs93
0x014B	0x3000      	MOVLW      0
0x014C	0x0223      	SUBWF      FARG_abs_a, 0
L__abs93:
0x014D	0x1803      	BTFSC      STATUS, 0
0x014E	0x2958      	GOTO       L_abs0
;__Lib_CStdlib.c,39 :: 		
0x014F	0x0823      	MOVF       FARG_abs_a, 0
0x0150	0x3C00      	SUBLW      0
0x0151	0x00F0      	MOVWF      R0
0x0152	0x0824      	MOVF       FARG_abs_a+1, 0
0x0153	0x1C03      	BTFSS      STATUS, 0
0x0154	0x3E01      	ADDLW      1
0x0155	0x01F1      	CLRF       R1
0x0156	0x02F1      	SUBWF      R1, 1
0x0157	0x295C      	GOTO       L_end_abs
L_abs0:
;__Lib_CStdlib.c,40 :: 		
0x0158	0x0823      	MOVF       FARG_abs_a, 0
0x0159	0x00F0      	MOVWF      R0
0x015A	0x0824      	MOVF       FARG_abs_a+1, 0
0x015B	0x00F1      	MOVWF      R1
;__Lib_CStdlib.c,41 :: 		
L_end_abs:
0x015C	0x0008      	RETURN
; end of _abs
_Lcd_Init:
;__Lib_Lcd.c,84 :: 		
;__Lib_Lcd.c,86 :: 		
0x015D	0x0021      	MOVLB      1
0x015E	0x130D      	BCF        LCD_EN_Direction, BitPos(LCD_EN_Direction+0)
;__Lib_Lcd.c,87 :: 		
0x015F	0x138D      	BCF        LCD_RS_Direction, BitPos(LCD_RS_Direction+0)
;__Lib_Lcd.c,88 :: 		
0x0160	0x128D      	BCF        LCD_D4_Direction, BitPos(LCD_D4_Direction+0)
;__Lib_Lcd.c,89 :: 		
0x0161	0x120D      	BCF        LCD_D5_Direction, BitPos(LCD_D5_Direction+0)
;__Lib_Lcd.c,90 :: 		
0x0162	0x118D      	BCF        LCD_D6_Direction, BitPos(LCD_D6_Direction+0)
;__Lib_Lcd.c,91 :: 		
0x0163	0x110D      	BCF        LCD_D7_Direction, BitPos(LCD_D7_Direction+0)
;__Lib_Lcd.c,93 :: 		
0x0164	0x0020      	MOVLB      0
0x0165	0x130D      	BCF        LCD_EN, BitPos(LCD_EN+0)
;__Lib_Lcd.c,94 :: 		
0x0166	0x138D      	BCF        LCD_RS, BitPos(LCD_RS+0)
;__Lib_Lcd.c,95 :: 		
0x0167	0x110D      	BCF        LCD_D7, BitPos(LCD_D7+0)
;__Lib_Lcd.c,96 :: 		
0x0168	0x118D      	BCF        LCD_D6, BitPos(LCD_D6+0)
;__Lib_Lcd.c,97 :: 		
0x0169	0x120D      	BCF        LCD_D5, BitPos(LCD_D5+0)
;__Lib_Lcd.c,98 :: 		
0x016A	0x128D      	BCF        LCD_D4, BitPos(LCD_D4+0)
;__Lib_Lcd.c,100 :: 		
0x016B	0x2006      	CALL       _Delay_5500us
;__Lib_Lcd.c,101 :: 		
0x016C	0x2006      	CALL       _Delay_5500us
;__Lib_Lcd.c,102 :: 		
0x016D	0x2006      	CALL       _Delay_5500us
;__Lib_Lcd.c,105 :: 		
0x016E	0x160D      	BSF        LCD_D5, BitPos(LCD_D5+0)
;__Lib_Lcd.c,106 :: 		
0x016F	0x168D      	BSF        LCD_D4, BitPos(LCD_D4+0)
;__Lib_Lcd.c,107 :: 		
0x0170	0x170D      	BSF        LCD_EN, BitPos(LCD_EN+0)
;__Lib_Lcd.c,108 :: 		
0x0171	0x2003      	CALL       _Delay_1us
;__Lib_Lcd.c,109 :: 		
0x0172	0x130D      	BCF        LCD_EN, BitPos(LCD_EN+0)
;__Lib_Lcd.c,110 :: 		
0x0173	0x2006      	CALL       _Delay_5500us
;__Lib_Lcd.c,112 :: 		
0x0174	0x170D      	BSF        LCD_EN, BitPos(LCD_EN+0)
;__Lib_Lcd.c,113 :: 		
0x0175	0x2003      	CALL       _Delay_1us
;__Lib_Lcd.c,114 :: 		
0x0176	0x130D      	BCF        LCD_EN, BitPos(LCD_EN+0)
;__Lib_Lcd.c,115 :: 		
0x0177	0x2006      	CALL       _Delay_5500us
;__Lib_Lcd.c,117 :: 		
0x0178	0x170D      	BSF        LCD_EN, BitPos(LCD_EN+0)
;__Lib_Lcd.c,118 :: 		
0x0179	0x2003      	CALL       _Delay_1us
;__Lib_Lcd.c,119 :: 		
0x017A	0x130D      	BCF        LCD_EN, BitPos(LCD_EN+0)
;__Lib_Lcd.c,120 :: 		
0x017B	0x2006      	CALL       _Delay_5500us
;__Lib_Lcd.c,123 :: 		
0x017C	0x128D      	BCF        LCD_D4, BitPos(LCD_D4+0)
;__Lib_Lcd.c,124 :: 		
0x017D	0x170D      	BSF        LCD_EN, BitPos(LCD_EN+0)
;__Lib_Lcd.c,125 :: 		
0x017E	0x2003      	CALL       _Delay_1us
;__Lib_Lcd.c,126 :: 		
0x017F	0x130D      	BCF        LCD_EN, BitPos(LCD_EN+0)
;__Lib_Lcd.c,127 :: 		
0x0180	0x2006      	CALL       _Delay_5500us
;__Lib_Lcd.c,130 :: 		
0x0181	0x170D      	BSF        LCD_EN, BitPos(LCD_EN+0)
;__Lib_Lcd.c,131 :: 		
0x0182	0x2003      	CALL       _Delay_1us
;__Lib_Lcd.c,132 :: 		
0x0183	0x130D      	BCF        LCD_EN, BitPos(LCD_EN+0)
;__Lib_Lcd.c,134 :: 		
0x0184	0x120D      	BCF        LCD_D5, BitPos(LCD_D5+0)
;__Lib_Lcd.c,135 :: 		
0x0185	0x150D      	BSF        LCD_D7, BitPos(LCD_D7+0)
;__Lib_Lcd.c,136 :: 		
0x0186	0x170D      	BSF        LCD_EN, BitPos(LCD_EN+0)
;__Lib_Lcd.c,137 :: 		
0x0187	0x2003      	CALL       _Delay_1us
;__Lib_Lcd.c,138 :: 		
0x0188	0x130D      	BCF        LCD_EN, BitPos(LCD_EN+0)
;__Lib_Lcd.c,139 :: 		
0x0189	0x2006      	CALL       _Delay_5500us
;__Lib_Lcd.c,142 :: 		
0x018A	0x110D      	BCF        LCD_D7, BitPos(LCD_D7+0)
;__Lib_Lcd.c,143 :: 		
0x018B	0x168D      	BSF        LCD_D4, BitPos(LCD_D4+0)
;__Lib_Lcd.c,144 :: 		
0x018C	0x170D      	BSF        LCD_EN, BitPos(LCD_EN+0)
;__Lib_Lcd.c,145 :: 		
0x018D	0x2003      	CALL       _Delay_1us
;__Lib_Lcd.c,146 :: 		
0x018E	0x130D      	BCF        LCD_EN, BitPos(LCD_EN+0)
;__Lib_Lcd.c,148 :: 		
0x018F	0x128D      	BCF        LCD_D4, BitPos(LCD_D4+0)
;__Lib_Lcd.c,149 :: 		
0x0190	0x170D      	BSF        LCD_EN, BitPos(LCD_EN+0)
;__Lib_Lcd.c,150 :: 		
0x0191	0x2003      	CALL       _Delay_1us
;__Lib_Lcd.c,151 :: 		
0x0192	0x130D      	BCF        LCD_EN, BitPos(LCD_EN+0)
;__Lib_Lcd.c,152 :: 		
0x0193	0x2006      	CALL       _Delay_5500us
;__Lib_Lcd.c,155 :: 		
0x0194	0x170D      	BSF        LCD_EN, BitPos(LCD_EN+0)
;__Lib_Lcd.c,156 :: 		
0x0195	0x2003      	CALL       _Delay_1us
;__Lib_Lcd.c,157 :: 		
0x0196	0x130D      	BCF        LCD_EN, BitPos(LCD_EN+0)
;__Lib_Lcd.c,159 :: 		
0x0197	0x168D      	BSF        LCD_D4, BitPos(LCD_D4+0)
;__Lib_Lcd.c,160 :: 		
0x0198	0x170D      	BSF        LCD_EN, BitPos(LCD_EN+0)
;__Lib_Lcd.c,161 :: 		
0x0199	0x2003      	CALL       _Delay_1us
;__Lib_Lcd.c,162 :: 		
0x019A	0x130D      	BCF        LCD_EN, BitPos(LCD_EN+0)
;__Lib_Lcd.c,163 :: 		
0x019B	0x2006      	CALL       _Delay_5500us
;__Lib_Lcd.c,166 :: 		
0x019C	0x128D      	BCF        LCD_D4, BitPos(LCD_D4+0)
;__Lib_Lcd.c,167 :: 		
0x019D	0x170D      	BSF        LCD_EN, BitPos(LCD_EN+0)
;__Lib_Lcd.c,168 :: 		
0x019E	0x2003      	CALL       _Delay_1us
;__Lib_Lcd.c,169 :: 		
0x019F	0x130D      	BCF        LCD_EN, BitPos(LCD_EN+0)
;__Lib_Lcd.c,171 :: 		
0x01A0	0x150D      	BSF        LCD_D7, BitPos(LCD_D7+0)
;__Lib_Lcd.c,172 :: 		
0x01A1	0x158D      	BSF        LCD_D6, BitPos(LCD_D6+0)
;__Lib_Lcd.c,173 :: 		
0x01A2	0x160D      	BSF        LCD_D5, BitPos(LCD_D5+0)
;__Lib_Lcd.c,174 :: 		
0x01A3	0x168D      	BSF        LCD_D4, BitPos(LCD_D4+0)
;__Lib_Lcd.c,175 :: 		
0x01A4	0x170D      	BSF        LCD_EN, BitPos(LCD_EN+0)
;__Lib_Lcd.c,176 :: 		
0x01A5	0x2003      	CALL       _Delay_1us
;__Lib_Lcd.c,177 :: 		
0x01A6	0x130D      	BCF        LCD_EN, BitPos(LCD_EN+0)
;__Lib_Lcd.c,179 :: 		
0x01A7	0x2006      	CALL       _Delay_5500us
;__Lib_Lcd.c,181 :: 		
0x01A8	0x1420      	BSF        __Lib_Lcd_cmd_status, BitPos(__Lib_Lcd_cmd_status+0)
;__Lib_Lcd.c,182 :: 		
L_end_Lcd_Init:
0x01A9	0x0008      	RETURN
; end of _Lcd_Init
_Main:
;LCD.c,24 :: 		void Main()
;LCD.c,26 :: 		int count = 0;
0x01AA	0x0020      	MOVLB      0
0x01AB	0x01A1      	CLRF       Main_count_L0
0x01AC	0x01A2      	CLRF       Main_count_L0+1
;LCD.c,28 :: 		Setup();
0x01AD	0x20D7      	CALL       _Setup
;LCD.c,30 :: 		Lcd_Init();
0x01AE	0x215D      	CALL       _Lcd_Init
;LCD.c,32 :: 		Lcd_Cmd(_LCD_CLEAR);
0x01AF	0x3001      	MOVLW      1
0x01B0	0x00AA      	MOVWF      FARG_Lcd_Cmd_out_char
0x01B1	0x2016      	CALL       _Lcd_Cmd
;LCD.c,33 :: 		Lcd_Cmd(_LCD_CURSOR_OFF);
0x01B2	0x300C      	MOVLW      12
0x01B3	0x00AA      	MOVWF      FARG_Lcd_Cmd_out_char
0x01B4	0x2016      	CALL       _Lcd_Cmd
;LCD.c,35 :: 		while(1){
L_Main0:
;LCD.c,36 :: 		if(Button(&PORTC, UP, 80, 1))
0x01B5	0x300E      	MOVLW      PORTC
0x01B6	0x00A3      	MOVWF      FARG_Button_port
0x01B7	0x3000      	MOVLW      hi_addr(PORTC)
0x01B8	0x00A4      	MOVWF      FARG_Button_port+1
0x01B9	0x3004      	MOVLW      4
0x01BA	0x00A5      	MOVWF      FARG_Button_pin
0x01BB	0x3050      	MOVLW      80
0x01BC	0x00A6      	MOVWF      FARG_Button_time_ms
0x01BD	0x3001      	MOVLW      1
0x01BE	0x00A7      	MOVWF      FARG_Button_active_state
0x01BF	0x2060      	CALL       _Button
0x01C0	0x0870      	MOVF       R0, 0
0x01C1	0x1903      	BTFSC      STATUS, 2
0x01C2	0x29C7      	GOTO       L_Main2
;LCD.c,37 :: 		count ++;
0x01C3	0x0AA1      	INCF       Main_count_L0, 1
0x01C4	0x1903      	BTFSC      STATUS, 2
0x01C5	0x0AA2      	INCF       Main_count_L0+1, 1
0x01C6	0x29EA      	GOTO       L_Main3
L_Main2:
;LCD.c,38 :: 		else if(Button(&PORTC, DOWN, 80, 1))
0x01C7	0x300E      	MOVLW      PORTC
0x01C8	0x00A3      	MOVWF      FARG_Button_port
0x01C9	0x3000      	MOVLW      hi_addr(PORTC)
0x01CA	0x00A4      	MOVWF      FARG_Button_port+1
0x01CB	0x3005      	MOVLW      5
0x01CC	0x00A5      	MOVWF      FARG_Button_pin
0x01CD	0x3050      	MOVLW      80
0x01CE	0x00A6      	MOVWF      FARG_Button_time_ms
0x01CF	0x3001      	MOVLW      1
0x01D0	0x00A7      	MOVWF      FARG_Button_active_state
0x01D1	0x2060      	CALL       _Button
0x01D2	0x0870      	MOVF       R0, 0
0x01D3	0x1903      	BTFSC      STATUS, 2
0x01D4	0x29DA      	GOTO       L_Main4
;LCD.c,39 :: 		count --;
0x01D5	0x3001      	MOVLW      1
0x01D6	0x02A1      	SUBWF      Main_count_L0, 1
0x01D7	0x3000      	MOVLW      0
0x01D8	0x3BA2      	SUBWFB     Main_count_L0+1, 1
0x01D9	0x29EA      	GOTO       L_Main5
L_Main4:
;LCD.c,40 :: 		else if(Button(&PORTC, RESET, 80, 1))
0x01DA	0x300E      	MOVLW      PORTC
0x01DB	0x00A3      	MOVWF      FARG_Button_port
0x01DC	0x3000      	MOVLW      hi_addr(PORTC)
0x01DD	0x00A4      	MOVWF      FARG_Button_port+1
0x01DE	0x3006      	MOVLW      6
0x01DF	0x00A5      	MOVWF      FARG_Button_pin
0x01E0	0x3050      	MOVLW      80
0x01E1	0x00A6      	MOVWF      FARG_Button_time_ms
0x01E2	0x3001      	MOVLW      1
0x01E3	0x00A7      	MOVWF      FARG_Button_active_state
0x01E4	0x2060      	CALL       _Button
0x01E5	0x0870      	MOVF       R0, 0
0x01E6	0x1903      	BTFSC      STATUS, 2
0x01E7	0x29EA      	GOTO       L_Main6
;LCD.c,41 :: 		count = 0;
0x01E8	0x01A1      	CLRF       Main_count_L0
0x01E9	0x01A2      	CLRF       Main_count_L0+1
L_Main6:
L_Main5:
L_Main3:
;LCD.c,43 :: 		if(count > 9)
0x01EA	0x3080      	MOVLW      128
0x01EB	0x00F0      	MOVWF      R0
0x01EC	0x3080      	MOVLW      128
0x01ED	0x0622      	XORWF      Main_count_L0+1, 0
0x01EE	0x0270      	SUBWF      R0, 0
0x01EF	0x1D03      	BTFSS      STATUS, 2
0x01F0	0x29F3      	GOTO       L__Main27
0x01F1	0x0821      	MOVF       Main_count_L0, 0
0x01F2	0x3C09      	SUBLW      9
L__Main27:
0x01F3	0x1803      	BTFSC      STATUS, 0
0x01F4	0x29FA      	GOTO       L_Main7
;LCD.c,44 :: 		count = 9;
0x01F5	0x3009      	MOVLW      9
0x01F6	0x00A1      	MOVWF      Main_count_L0
0x01F7	0x3000      	MOVLW      0
0x01F8	0x00A2      	MOVWF      Main_count_L0+1
0x01F9	0x2A09      	GOTO       L_Main8
L_Main7:
;LCD.c,45 :: 		else if(count < -9)
0x01FA	0x3080      	MOVLW      128
0x01FB	0x0622      	XORWF      Main_count_L0+1, 0
0x01FC	0x00F0      	MOVWF      R0
0x01FD	0x307F      	MOVLW      127
0x01FE	0x0270      	SUBWF      R0, 0
0x01FF	0x1D03      	BTFSS      STATUS, 2
0x0200	0x2A03      	GOTO       L__Main28
0x0201	0x30F7      	MOVLW      247
0x0202	0x0221      	SUBWF      Main_count_L0, 0
L__Main28:
0x0203	0x1803      	BTFSC      STATUS, 0
0x0204	0x2A09      	GOTO       L_Main9
;LCD.c,46 :: 		count = -9;
0x0205	0x30F7      	MOVLW      247
0x0206	0x00A1      	MOVWF      Main_count_L0
0x0207	0x30FF      	MOVLW      255
0x0208	0x00A2      	MOVWF      Main_count_L0+1
L_Main9:
L_Main8:
;LCD.c,48 :: 		if(count >= 0){
0x0209	0x3080      	MOVLW      128
0x020A	0x0622      	XORWF      Main_count_L0+1, 0
0x020B	0x00F0      	MOVWF      R0
0x020C	0x3080      	MOVLW      128
0x020D	0x0270      	SUBWF      R0, 0
0x020E	0x1D03      	BTFSS      STATUS, 2
0x020F	0x2A12      	GOTO       L__Main29
0x0210	0x3000      	MOVLW      0
0x0211	0x0221      	SUBWF      Main_count_L0, 0
L__Main29:
0x0212	0x1C03      	BTFSS      STATUS, 0
0x0213	0x2A33      	GOTO       L_Main10
;LCD.c,49 :: 		Lcd_Cmd(_LCD_CLEAR);
0x0214	0x3001      	MOVLW      1
0x0215	0x00AA      	MOVWF      FARG_Lcd_Cmd_out_char
0x0216	0x2016      	CALL       _Lcd_Cmd
;LCD.c,50 :: 		Lcd_Cmd(_LCD_BLINK_CURSOR_ON);
0x0217	0x300F      	MOVLW      15
0x0218	0x00AA      	MOVWF      FARG_Lcd_Cmd_out_char
0x0219	0x2016      	CALL       _Lcd_Cmd
;LCD.c,51 :: 		Lcd_Cmd(_LCD_MOVE_CURSOR_RIGHT);
0x021A	0x3014      	MOVLW      20
0x021B	0x00AA      	MOVWF      FARG_Lcd_Cmd_out_char
0x021C	0x2016      	CALL       _Lcd_Cmd
;LCD.c,52 :: 		Lcd_Cmd(_LCD_MOVE_CURSOR_RIGHT);
0x021D	0x3014      	MOVLW      20
0x021E	0x00AA      	MOVWF      FARG_Lcd_Cmd_out_char
0x021F	0x2016      	CALL       _Lcd_Cmd
;LCD.c,53 :: 		Lcd_Chr(1, 1, '+');
0x0220	0x3001      	MOVLW      1
0x0221	0x00A3      	MOVWF      FARG_Lcd_Chr_row
0x0222	0x3001      	MOVLW      1
0x0223	0x00A4      	MOVWF      FARG_Lcd_Chr_column
0x0224	0x302B      	MOVLW      43
0x0225	0x00A5      	MOVWF      FARG_Lcd_Chr_out_char
0x0226	0x209B      	CALL       _Lcd_Chr
;LCD.c,54 :: 		Lcd_Chr(1, 2, Dec2Ascii(count));
0x0227	0x0821      	MOVF       Main_count_L0, 0
0x0228	0x00A3      	MOVWF      FARG_Dec2Ascii_dec
0x0229	0x20F6      	CALL       _Dec2Ascii
0x022A	0x0870      	MOVF       R0, 0
0x022B	0x0020      	MOVLB      0
0x022C	0x00A5      	MOVWF      FARG_Lcd_Chr_out_char
0x022D	0x3001      	MOVLW      1
0x022E	0x00A3      	MOVWF      FARG_Lcd_Chr_row
0x022F	0x3002      	MOVLW      2
0x0230	0x00A4      	MOVWF      FARG_Lcd_Chr_column
0x0231	0x209B      	CALL       _Lcd_Chr
;LCD.c,55 :: 		}
0x0232	0x2A56      	GOTO       L_Main11
L_Main10:
;LCD.c,57 :: 		Lcd_Cmd(_LCD_CLEAR);
0x0233	0x3001      	MOVLW      1
0x0234	0x00AA      	MOVWF      FARG_Lcd_Cmd_out_char
0x0235	0x2016      	CALL       _Lcd_Cmd
;LCD.c,58 :: 		Lcd_Cmd(_LCD_BLINK_CURSOR_ON);
0x0236	0x300F      	MOVLW      15
0x0237	0x00AA      	MOVWF      FARG_Lcd_Cmd_out_char
0x0238	0x2016      	CALL       _Lcd_Cmd
;LCD.c,59 :: 		Lcd_Cmd(_LCD_MOVE_CURSOR_RIGHT);
0x0239	0x3014      	MOVLW      20
0x023A	0x00AA      	MOVWF      FARG_Lcd_Cmd_out_char
0x023B	0x2016      	CALL       _Lcd_Cmd
;LCD.c,60 :: 		Lcd_Cmd(_LCD_MOVE_CURSOR_RIGHT);
0x023C	0x3014      	MOVLW      20
0x023D	0x00AA      	MOVWF      FARG_Lcd_Cmd_out_char
0x023E	0x2016      	CALL       _Lcd_Cmd
;LCD.c,61 :: 		Lcd_Chr(1, 1, '-');
0x023F	0x3001      	MOVLW      1
0x0240	0x00A3      	MOVWF      FARG_Lcd_Chr_row
0x0241	0x3001      	MOVLW      1
0x0242	0x00A4      	MOVWF      FARG_Lcd_Chr_column
0x0243	0x302D      	MOVLW      45
0x0244	0x00A5      	MOVWF      FARG_Lcd_Chr_out_char
0x0245	0x209B      	CALL       _Lcd_Chr
;LCD.c,62 :: 		Lcd_Chr(1, 2, Dec2Ascii(abs(count)));
0x0246	0x0821      	MOVF       Main_count_L0, 0
0x0247	0x00A3      	MOVWF      FARG_abs_a
0x0248	0x0822      	MOVF       Main_count_L0+1, 0
0x0249	0x00A4      	MOVWF      FARG_abs_a+1
0x024A	0x2143      	CALL       _abs
0x024B	0x0870      	MOVF       R0, 0
0x024C	0x00A3      	MOVWF      FARG_Dec2Ascii_dec
0x024D	0x20F6      	CALL       _Dec2Ascii
0x024E	0x0870      	MOVF       R0, 0
0x024F	0x0020      	MOVLB      0
0x0250	0x00A5      	MOVWF      FARG_Lcd_Chr_out_char
0x0251	0x3001      	MOVLW      1
0x0252	0x00A3      	MOVWF      FARG_Lcd_Chr_row
0x0253	0x3002      	MOVLW      2
0x0254	0x00A4      	MOVWF      FARG_Lcd_Chr_column
0x0255	0x209B      	CALL       _Lcd_Chr
;LCD.c,63 :: 		}
L_Main11:
;LCD.c,64 :: 		}
0x0256	0x29B5      	GOTO       L_Main0
;LCD.c,65 :: 		}
L_end_Main:
0x0257	0x2A57      	GOTO       $+0
; end of _Main
Symbol List:
//** Routines locations **
//ADDRESS    SIZE    PROCEDURE
//----------------------------------------------
0x0003       [3]    _Delay_1us
0x0006      [11]    _Delay_5500us
0x0011       [5]    _Delay_50us
0x0016      [63]    _Lcd_Cmd
0x0055      [11]    _Delay_500us
0x0060      [59]    _Button
0x009B      [51]    _Lcd_Chr
0x00CE       [9]    ___CC2DW
0x00D7      [31]    _Setup
0x00F6      [77]    _Dec2Ascii
0x0143      [26]    _abs
0x015D      [77]    _Lcd_Init
0x01AA     [174]    _Main
//** Variables locations ** 
//ADDRESS    SIZE    VARIABLE
//----------------------------------------------
0x0000       [1]    INDF0
0x0001       [1]    INDF1
0x0003       [1]    STATUS
0x0004       [1]    FSR0L
0x0005       [1]    FSR0H
0x0006       [1]    FSR1L
0x0007       [1]    FSR1H
0x000A       [1]    PCLATH
0x000C       [1]    PORTA
0x000D       [0]    LCD_RS
0x000D       [0]    LCD_EN
0x000D       [0]    RB2_bit
0x000D       [0]    RB5_bit
0x000D       [0]    LCD_D4
0x000D       [0]    RB6_bit
0x000D       [1]    PORTB
0x000D       [0]    LCD_D7
0x000D       [0]    RB4_bit
0x000D       [0]    LCD_D6
0x000D       [0]    LCD_D5
0x000D       [0]    RB3_bit
0x000D       [0]    RB7_bit
0x000E       [1]    PORTC
0x000F       [1]    PORTD
0x0010       [1]    PORTE
0x0020       [0]    __Lib_Lcd_cmd_status
0x0021       [2]    Main_count_L0
0x0023       [1]    FARG_Lcd_Chr_row
0x0023       [2]    FARG_abs_a
0x0023       [2]    FARG_Button_port
0x0023       [1]    FARG_Dec2Ascii_dec
0x0024       [1]    FARG_Lcd_Chr_column
0x0025       [1]    FARG_Button_pin
0x0025       [1]    FARG_Lcd_Chr_out_char
0x0026       [1]    FARG_Button_time_ms
0x0027       [1]    FARG_Button_active_state
0x0028       [1]    Button_pMask_L0
0x0029       [1]    Button_rslt_L0
0x002A       [1]    FARG_Lcd_Cmd_out_char
0x0070       [1]    R0
0x0071       [1]    R1
0x0072       [1]    R2
0x0073       [1]    R3
0x0074       [1]    R4
0x0075       [1]    R5
0x0076       [1]    R6
0x0077       [1]    R7
0x0078       [1]    R8
0x0079       [1]    R9
0x007A       [1]    R10
0x007B       [1]    R11
0x007C       [1]    R12
0x007D       [1]    R13
0x007E       [1]    R14
0x007F       [1]    R15
0x008C       [1]    TRISA
0x008D       [1]    TRISB
0x008D       [0]    LCD_RS_Direction
0x008D       [0]    TRISB2_bit
0x008D       [0]    TRISB5_bit
0x008D       [0]    TRISB6_bit
0x008D       [0]    LCD_EN_Direction
0x008D       [0]    LCD_D6_Direction
0x008D       [0]    LCD_D7_Direction
0x008D       [0]    TRISB4_bit
0x008D       [0]    LCD_D4_Direction
0x008D       [0]    LCD_D5_Direction
0x008D       [0]    TRISB3_bit
0x008D       [0]    TRISB7_bit
0x008E       [1]    TRISC
0x008F       [1]    TRISD
0x0090       [1]    TRISE
0x0099       [1]    OSCCON
0x018C       [1]    ANSELA
0x018D       [1]    ANSELB
0x018F       [1]    ANSELD
0x0190       [1]    ANSELE
//** Label List: ** 
//----------------------------------------------
  L_Main0
  L_Main1
  L_Main2
  L_Main3
  L_Main4
  L_Main5
  L_Main6
  L_Main7
  L_Main8
  L_Main9
  L_Main10
  L_Main11
  L_Setup12
  L_Dec2Ascii13
  L_Dec2Ascii14
  L_Dec2Ascii15
  L_Dec2Ascii16
  L_Dec2Ascii17
  L_Dec2Ascii18
  L_Dec2Ascii19
  L_Dec2Ascii20
  L_Dec2Ascii21
  L_Dec2Ascii22
  L_Dec2Ascii23
  L_Dec2Ascii24
  L_Dec2Ascii25
  L_end_Main
  _Main
  L__Main27
  L__Main28
  L__Main29
  L_end_Setup
  _Setup
  L_end_Dec2Ascii
  _Dec2Ascii
  L_Button0
  L_Button1
  L_Button2
  L_Button3
  L_end_Button
  _Button
  L__Button5
  L__Button6
  L_abs0
  L___Lib_CStdlib_strtod1
  L___Lib_CStdlib_strtod2
  L___Lib_CStdlib_strtod3
  L___Lib_CStdlib_strtod4
  L___Lib_CStdlib_strtod5
  L___Lib_CStdlib_strtod6
  L___Lib_CStdlib_strtod7
  L___Lib_CStdlib_strtod8
  L___Lib_CStdlib_strtod9
  L___Lib_CStdlib_strtod10
  L___Lib_CStdlib_strtod11
  L___Lib_CStdlib_strtod12
  L___Lib_CStdlib_strtod13
  L___Lib_CStdlib_strtod14
  L___Lib_CStdlib_strtod15
  L___Lib_CStdlib_strtod16
  L___Lib_CStdlib_strtod17
  L___Lib_CStdlib_strtod18
  L___Lib_CStdlib_strtod19
  L___Lib_CStdlib_strtod20
  L___Lib_CStdlib_strtod21
  L___Lib_CStdlib_strtod22
  L___Lib_CStdlib_strtod23
  L___Lib_CStdlib_strtod24
  L___Lib_CStdlib_strtod25
  L___Lib_CStdlib_strtod26
  L___Lib_CStdlib_strtod27
  L___Lib_CStdlib_strtod28
  L___Lib_CStdlib_strtod29
  L___Lib_CStdlib_strtod30
  L___Lib_CStdlib_strtod31
  L___Lib_CStdlib_strtod32
  L___Lib_CStdlib_strtod33
  L___Lib_CStdlib_strtod34
  L___Lib_CStdlib_strtod35
  L___Lib_CStdlib_strtod36
  L___Lib_CStdlib_strtod37
  L___Lib_CStdlib_strtod38
  L___Lib_CStdlib_strtod39
  L___Lib_CStdlib_strtod40
  L___Lib_CStdlib_strtod41
  L___Lib_CStdlib_strtod42
  L___Lib_CStdlib_strtod43
  L___Lib_CStdlib_strtod44
  L___Lib_CStdlib_strtod45
  L___Lib_CStdlib_strtod46
  L___Lib_CStdlib_strtod47
  L___Lib_CStdlib_strtod48
  L___Lib_CStdlib_strtod49
  L___Lib_CStdlib_strtod50
  L___Lib_CStdlib_strtod51
  L___Lib_CStdlib_strtod52
  ___atoi_skipws_atoi
  L_atoi53
  L_atoi54
  L_atoi55
  L_atoi56
  L_atoi57
  L_atoi58
  ___atoi_conv_atoi
  L_atoi59
  L_atoi60
  ___atol_skipws_atol
  L_atol61
  L_atol62
  L_atol63
  L_atol64
  L_atol65
  L_atol66
  ___atol_conv_atol
  L_atol67
  L_atol68
  L_div69
  L_ldiv70
  L_uldiv71
  L_labs72
  L_max73
  L_min74
  L_rand75
  L_xtoi76
  L_xtoi77
  L_xtoi78
  L_xtoi79
  L_xtoi80
  L_xtoi81
  L_xtoi82
  L_xtoi83
  L_xtoi84
  L_xtoi85
  L_xtoi86
  L___Lib_CStdlib_strtod87
  L___Lib_CStdlib_strtod88
  L___Lib_CStdlib_strtod89
  L__atoi90
  L__atol91
  L_end_abs
  _abs
  L__abs93
  L_end_strtod
  __Lib_CStdlib_strtod
  L___Lib_CStdlib_strtod95
  L___Lib_CStdlib_strtod96
  L___Lib_CStdlib_strtod97
  L_end_atof
  _atof
  L_end_atoi
  _atoi
  L__atoi100
  L__atoi101
  L__atoi102
  L__atoi103
  L_end_atol
  _atol
  L__atol105
  L__atol106
  L_end_div
  _div
  L_end_ldiv
  _ldiv
  L_end_uldiv
  _uldiv
  L_end_labs
  _labs
  L__labs111
  L_end_max
  _max
  L__max113
  L_end_min
  _min
  L__min115
  L_end_srand
  _srand
  L_end_rand
  _rand
  L_end_xtoi
  _xtoi
  L_Delay_10us0
  L_Delay_22us1
  L_Delay_50us2
  L_Delay_80us3
  L_Delay_500us4
  L_Delay_5500us5
  L_Delay_1ms6
  L_Delay_5ms7
  L_Delay_8ms8
  L_Delay_10ms9
  L_Delay_100ms10
  L_Delay_1sec11
  L_boot16_Delay_5ms12
  L_Delay_Cyc13
  L_Delay_Cyc14
  L_VDelay_ms15
  L_VDelay_ms16
  L_VDelay_ms17
  L_VDelay_Advanced_ms18
  L_VDelay_Advanced_ms19
  L_VDelay_Advanced_ms20
  L_end_Get_Fosc_kHz
  _Get_Fosc_kHz
  L_end_Delay_1us
  _Delay_1us
  L_end_Delay_10us
  _Delay_10us
  L_end_Delay_22us
  _Delay_22us
  L_end_Delay_50us
  _Delay_50us
  L_end_Delay_80us
  _Delay_80us
  L_end_Delay_500us
  _Delay_500us
  L_end_Delay_5500us
  _Delay_5500us
  L_end_Delay_1ms
  _Delay_1ms
  L_end_Delay_5ms
  _Delay_5ms
  L_end_Delay_8ms
  _Delay_8ms
  L_end_Delay_10ms
  _Delay_10ms
  L_end_Delay_100ms
  _Delay_100ms
  L_end_Delay_1sec
  _Delay_1sec
  L_end_boot16_Delay_5ms
  _boot16_Delay_5ms
  L_end_Delay_Cyc
  _Delay_Cyc
  L_end_VDelay_ms
  _VDelay_ms
  L__VDelay_ms38
  L__VDelay_ms39
  L__VDelay_ms40
  L_end_VDelay_Advanced_ms
  _VDelay_Advanced_ms
  L__VDelay_Advanced_ms42
  L__VDelay_Advanced_ms43
  L__VDelay_Advanced_ms44
  L_Lcd_Cmd0
  L_Lcd_Cmd1
  L_Lcd_Out_CP2
  L_Lcd_Out_CP3
  L_Lcd_Chr4
  L_Lcd_Chr5
  L_Lcd_Chr6
  L_Lcd_Chr7
  L_Lcd_Chr8
  L_Lcd_Chr9
  L_Lcd_Chr10
  L_Lcd_Out11
  L_Lcd_Out12
  L_Lcd_Out13
  L_Lcd_Out14
  L_Lcd_Out15
  L_Lcd_Out16
  L_Lcd_Out17
  L_Lcd_Out18
  L_Lcd_Out19
  L_end_Lcd_Cmd
  _Lcd_Cmd
  L__Lcd_Cmd21
  L__Lcd_Cmd22
  L__Lcd_Cmd23
  L__Lcd_Cmd24
  L__Lcd_Cmd25
  L__Lcd_Cmd26
  L__Lcd_Cmd27
  L__Lcd_Cmd28
  L__Lcd_Cmd29
  L__Lcd_Cmd30
  L__Lcd_Cmd31
  L__Lcd_Cmd32
  L__Lcd_Cmd33
  L__Lcd_Cmd34
  L__Lcd_Cmd35
  L__Lcd_Cmd36
  L__Lcd_Cmd37
  L__Lcd_Cmd38
  L__Lcd_Cmd39
  L__Lcd_Cmd40
  L_end_Lcd_Chr_CP
  _Lcd_Chr_CP
  L_end_Lcd_Out_CP
  _Lcd_Out_CP
  L_end_Lcd_Chr
  _Lcd_Chr
  L_end_Lcd_Init
  _Lcd_Init
  L_end_Lcd_Out
  _Lcd_Out
  L_CA2A_Loop
  L_CA2AW_Loop
  L_CS2S_Loop
  L_CS2S_End
  L_FZinS_Loop
  L_FZinS_End
  _CC2D_Loop1
  _CC2DL_Loop1
  L_end_____DoIFC
  _____DoIFC
  L_end___CA2A
  ___CA2A
  L_end___CA2AW
  ___CA2AW
  L_end___CS2S
  ___CS2S
  L_end___FZinS
  ___FZinS
  L_end___CC2D
  ___CC2D
  L_end___CC2DW
  ___CC2DW
  L_end_Swap
  _Swap
