;  LST file generated by mikroListExporter - v.2.0 
; Date/Time: 2014/10/04 18:28:51
;----------------------------------------------

;Address Opcode 	ASM
0x0000	0x2CC1      	GOTO       1217
_SDIV3232L:
;__Lib_Math.c,690 :: 		
;__Lib_Math.c,699 :: 		
0x0003	0x0874      	MOVF       R4, 0
;__Lib_Math.c,700 :: 		
0x0004	0x02F8      	SUBWF      R8, 1
;__Lib_Math.c,701 :: 		
0x0005	0x0875      	MOVF       R5, 0
;__Lib_Math.c,702 :: 		
0x0006	0x1C03      	BTFSS      STATUS, 0
;__Lib_Math.c,703 :: 		
0x0007	0x0F75      	INCFSZ     R5, 0
;__Lib_Math.c,704 :: 		
0x0008	0x02F9      	SUBWF      R9, 1
;__Lib_Math.c,705 :: 		
0x0009	0x0876      	MOVF       R6, 0
;__Lib_Math.c,706 :: 		
0x000A	0x1C03      	BTFSS      STATUS, 0
;__Lib_Math.c,707 :: 		
0x000B	0x0F76      	INCFSZ     R6, 0
;__Lib_Math.c,708 :: 		
0x000C	0x02FA      	SUBWF      R10, 1
;__Lib_Math.c,709 :: 		
0x000D	0x0877      	MOVF       R7, 0
;__Lib_Math.c,710 :: 		
0x000E	0x1C03      	BTFSS      STATUS, 0
;__Lib_Math.c,711 :: 		
0x000F	0x0F77      	INCFSZ     R7, 0
;__Lib_Math.c,712 :: 		
0x0010	0x02FB      	SUBWF      R11, 1
;__Lib_Math.c,713 :: 		
0x0011	0x0DF3      	RLF        R3, 1
;__Lib_Math.c,715 :: 		
0x0012	0x3007      	MOVLW      7
;__Lib_Math.c,716 :: 		
0x0013	0x00FC      	MOVWF      R12
;__Lib_Math.c,718 :: 		
LOOPS3232A:
;__Lib_Math.c,719 :: 		
0x0014	0x0D73      	RLF        R3, 0
;__Lib_Math.c,720 :: 		
0x0015	0x0DF8      	RLF        R8, 1
;__Lib_Math.c,721 :: 		
0x0016	0x0DF9      	RLF        R9, 1
;__Lib_Math.c,722 :: 		
0x0017	0x0DFA      	RLF        R10, 1
;__Lib_Math.c,723 :: 		
0x0018	0x0DFB      	RLF        R11, 1
;__Lib_Math.c,724 :: 		
0x0019	0x0874      	MOVF       R4, 0
;__Lib_Math.c,725 :: 		
0x001A	0x1C73      	BTFSS      R3, 0
;__Lib_Math.c,726 :: 		
0x001B	0x282A      	GOTO       SADD22LA
;__Lib_Math.c,728 :: 		
0x001C	0x02F8      	SUBWF      R8, 1
;__Lib_Math.c,729 :: 		
0x001D	0x0875      	MOVF       R5, 0
;__Lib_Math.c,730 :: 		
0x001E	0x1C03      	BTFSS      STATUS, 0
;__Lib_Math.c,731 :: 		
0x001F	0x0F75      	INCFSZ     R5, 0
;__Lib_Math.c,732 :: 		
0x0020	0x02F9      	SUBWF      R9, 1
;__Lib_Math.c,733 :: 		
0x0021	0x0876      	MOVF       R6, 0
;__Lib_Math.c,734 :: 		
0x0022	0x1C03      	BTFSS      STATUS, 0
;__Lib_Math.c,735 :: 		
0x0023	0x0F76      	INCFSZ     R6, 0
;__Lib_Math.c,736 :: 		
0x0024	0x02FA      	SUBWF      R10, 1
;__Lib_Math.c,737 :: 		
0x0025	0x0877      	MOVF       R7, 0
;__Lib_Math.c,738 :: 		
0x0026	0x1C03      	BTFSS      STATUS, 0
;__Lib_Math.c,739 :: 		
0x0027	0x0F77      	INCFSZ     R7, 0
;__Lib_Math.c,740 :: 		
0x0028	0x02FB      	SUBWF      R11, 1
;__Lib_Math.c,741 :: 		
0x0029	0x2837      	GOTO       SOK22LA
;__Lib_Math.c,743 :: 		
SADD22LA:
;__Lib_Math.c,744 :: 		
0x002A	0x07F8      	ADDWF      R8, 1
;__Lib_Math.c,745 :: 		
0x002B	0x0875      	MOVF       R5, 0
;__Lib_Math.c,746 :: 		
0x002C	0x1803      	BTFSC      STATUS, 0
;__Lib_Math.c,747 :: 		
0x002D	0x0F75      	INCFSZ     R5, 0
;__Lib_Math.c,748 :: 		
0x002E	0x07F9      	ADDWF      R9, 1
;__Lib_Math.c,749 :: 		
0x002F	0x0876      	MOVF       R6, 0
;__Lib_Math.c,750 :: 		
0x0030	0x1803      	BTFSC      STATUS, 0
;__Lib_Math.c,751 :: 		
0x0031	0x0F76      	INCFSZ     R6, 0
;__Lib_Math.c,752 :: 		
0x0032	0x07FA      	ADDWF      R10, 1
;__Lib_Math.c,753 :: 		
0x0033	0x0877      	MOVF       R7, 0
;__Lib_Math.c,754 :: 		
0x0034	0x1803      	BTFSC      STATUS, 0
;__Lib_Math.c,755 :: 		
0x0035	0x0F77      	INCFSZ     R7, 0
;__Lib_Math.c,756 :: 		
0x0036	0x07FB      	ADDWF      R11, 1
;__Lib_Math.c,758 :: 		
SOK22LA:
;__Lib_Math.c,759 :: 		
0x0037	0x0DF3      	RLF        R3, 1
;__Lib_Math.c,761 :: 		
0x0038	0x0BFC      	DECFSZ     R12, 1
;__Lib_Math.c,762 :: 		
0x0039	0x2814      	GOTO       LOOPS3232A
;__Lib_Math.c,764 :: 		
0x003A	0x0D72      	RLF        R2, 0
;__Lib_Math.c,765 :: 		
0x003B	0x0DF8      	RLF        R8, 1
;__Lib_Math.c,766 :: 		
0x003C	0x0DF9      	RLF        R9, 1
;__Lib_Math.c,767 :: 		
0x003D	0x0DFA      	RLF        R10, 1
;__Lib_Math.c,768 :: 		
0x003E	0x0DFB      	RLF        R11, 1
;__Lib_Math.c,769 :: 		
0x003F	0x0874      	MOVF       R4, 0
;__Lib_Math.c,770 :: 		
0x0040	0x1C73      	BTFSS      R3, 0
;__Lib_Math.c,771 :: 		
0x0041	0x2850      	GOTO       SADD22L8
;__Lib_Math.c,773 :: 		
0x0042	0x02F8      	SUBWF      R8, 1
;__Lib_Math.c,774 :: 		
0x0043	0x0875      	MOVF       R5, 0
;__Lib_Math.c,775 :: 		
0x0044	0x1C03      	BTFSS      STATUS, 0
;__Lib_Math.c,776 :: 		
0x0045	0x0F75      	INCFSZ     R5, 0
;__Lib_Math.c,777 :: 		
0x0046	0x02F9      	SUBWF      R9, 1
;__Lib_Math.c,778 :: 		
0x0047	0x0876      	MOVF       R6, 0
;__Lib_Math.c,779 :: 		
0x0048	0x1C03      	BTFSS      STATUS, 0
;__Lib_Math.c,780 :: 		
0x0049	0x0F76      	INCFSZ     R6, 0
;__Lib_Math.c,781 :: 		
0x004A	0x02FA      	SUBWF      R10, 1
;__Lib_Math.c,782 :: 		
0x004B	0x0877      	MOVF       R7, 0
;__Lib_Math.c,783 :: 		
0x004C	0x1C03      	BTFSS      STATUS, 0
;__Lib_Math.c,784 :: 		
0x004D	0x0F77      	INCFSZ     R7, 0
;__Lib_Math.c,785 :: 		
0x004E	0x02FB      	SUBWF      R11, 1
;__Lib_Math.c,786 :: 		
0x004F	0x285D      	GOTO       SOK22L8
;__Lib_Math.c,788 :: 		
SADD22L8:
;__Lib_Math.c,789 :: 		
0x0050	0x07F8      	ADDWF      R8, 1
;__Lib_Math.c,790 :: 		
0x0051	0x0875      	MOVF       R5, 0
;__Lib_Math.c,791 :: 		
0x0052	0x1803      	BTFSC      STATUS, 0
;__Lib_Math.c,792 :: 		
0x0053	0x0F75      	INCFSZ     R5, 0
;__Lib_Math.c,793 :: 		
0x0054	0x07F9      	ADDWF      R9, 1
;__Lib_Math.c,794 :: 		
0x0055	0x0876      	MOVF       R6, 0
;__Lib_Math.c,795 :: 		
0x0056	0x1803      	BTFSC      STATUS, 0
;__Lib_Math.c,796 :: 		
0x0057	0x0F76      	INCFSZ     R6, 0
;__Lib_Math.c,797 :: 		
0x0058	0x07FA      	ADDWF      R10, 1
;__Lib_Math.c,798 :: 		
0x0059	0x0877      	MOVF       R7, 0
;__Lib_Math.c,799 :: 		
0x005A	0x1803      	BTFSC      STATUS, 0
;__Lib_Math.c,800 :: 		
0x005B	0x0F77      	INCFSZ     R7, 0
;__Lib_Math.c,801 :: 		
0x005C	0x07FB      	ADDWF      R11, 1
;__Lib_Math.c,803 :: 		
SOK22L8:
;__Lib_Math.c,804 :: 		
0x005D	0x0DF2      	RLF        R2, 1
;__Lib_Math.c,806 :: 		
0x005E	0x3007      	MOVLW      7
;__Lib_Math.c,807 :: 		
0x005F	0x00FC      	MOVWF      R12
;__Lib_Math.c,809 :: 		
LOOPS3232B:
;__Lib_Math.c,810 :: 		
0x0060	0x0D72      	RLF        R2, 0
;__Lib_Math.c,811 :: 		
0x0061	0x0DF8      	RLF        R8, 1
;__Lib_Math.c,812 :: 		
0x0062	0x0DF9      	RLF        R9, 1
;__Lib_Math.c,813 :: 		
0x0063	0x0DFA      	RLF        R10, 1
;__Lib_Math.c,814 :: 		
0x0064	0x0DFB      	RLF        R11, 1
;__Lib_Math.c,815 :: 		
0x0065	0x0874      	MOVF       R4, 0
;__Lib_Math.c,816 :: 		
0x0066	0x1C72      	BTFSS      R2, 0
;__Lib_Math.c,817 :: 		
0x0067	0x2876      	GOTO       SADD22LB
;__Lib_Math.c,819 :: 		
0x0068	0x02F8      	SUBWF      R8, 1
;__Lib_Math.c,820 :: 		
0x0069	0x0875      	MOVF       R5, 0
;__Lib_Math.c,821 :: 		
0x006A	0x1C03      	BTFSS      STATUS, 0
;__Lib_Math.c,822 :: 		
0x006B	0x0F75      	INCFSZ     R5, 0
;__Lib_Math.c,823 :: 		
0x006C	0x02F9      	SUBWF      R9, 1
;__Lib_Math.c,824 :: 		
0x006D	0x0876      	MOVF       R6, 0
;__Lib_Math.c,825 :: 		
0x006E	0x1C03      	BTFSS      STATUS, 0
;__Lib_Math.c,826 :: 		
0x006F	0x0F76      	INCFSZ     R6, 0
;__Lib_Math.c,827 :: 		
0x0070	0x02FA      	SUBWF      R10, 1
;__Lib_Math.c,828 :: 		
0x0071	0x0877      	MOVF       R7, 0
;__Lib_Math.c,829 :: 		
0x0072	0x1C03      	BTFSS      STATUS, 0
;__Lib_Math.c,830 :: 		
0x0073	0x0F77      	INCFSZ     R7, 0
;__Lib_Math.c,831 :: 		
0x0074	0x02FB      	SUBWF      R11, 1
;__Lib_Math.c,832 :: 		
0x0075	0x2883      	GOTO       SOK22LB
;__Lib_Math.c,834 :: 		
SADD22LB:
;__Lib_Math.c,835 :: 		
0x0076	0x07F8      	ADDWF      R8, 1
;__Lib_Math.c,836 :: 		
0x0077	0x0875      	MOVF       R5, 0
;__Lib_Math.c,837 :: 		
0x0078	0x1803      	BTFSC      STATUS, 0
;__Lib_Math.c,838 :: 		
0x0079	0x0F75      	INCFSZ     R5, 0
;__Lib_Math.c,839 :: 		
0x007A	0x07F9      	ADDWF      R9, 1
;__Lib_Math.c,840 :: 		
0x007B	0x0876      	MOVF       R6, 0
;__Lib_Math.c,841 :: 		
0x007C	0x1803      	BTFSC      STATUS, 0
;__Lib_Math.c,842 :: 		
0x007D	0x0F76      	INCFSZ     R6, 0
;__Lib_Math.c,843 :: 		
0x007E	0x07FA      	ADDWF      R10, 1
;__Lib_Math.c,844 :: 		
0x007F	0x0877      	MOVF       R7, 0
;__Lib_Math.c,845 :: 		
0x0080	0x1803      	BTFSC      STATUS, 0
;__Lib_Math.c,846 :: 		
0x0081	0x0F77      	INCFSZ     R7, 0
;__Lib_Math.c,847 :: 		
0x0082	0x07FB      	ADDWF      R11, 1
;__Lib_Math.c,849 :: 		
SOK22LB:
;__Lib_Math.c,850 :: 		
0x0083	0x0DF2      	RLF        R2, 1
;__Lib_Math.c,852 :: 		
0x0084	0x0BFC      	DECFSZ     R12, 1
;__Lib_Math.c,853 :: 		
0x0085	0x2860      	GOTO       LOOPS3232B
;__Lib_Math.c,855 :: 		
0x0086	0x0D71      	RLF        R1, 0
;__Lib_Math.c,856 :: 		
0x0087	0x0DF8      	RLF        R8, 1
;__Lib_Math.c,857 :: 		
0x0088	0x0DF9      	RLF        R9, 1
;__Lib_Math.c,858 :: 		
0x0089	0x0DFA      	RLF        R10, 1
;__Lib_Math.c,859 :: 		
0x008A	0x0DFB      	RLF        R11, 1
;__Lib_Math.c,860 :: 		
0x008B	0x0874      	MOVF       R4, 0
;__Lib_Math.c,861 :: 		
0x008C	0x1C72      	BTFSS      R2, 0
;__Lib_Math.c,862 :: 		
0x008D	0x289C      	GOTO       SADD22L16
;__Lib_Math.c,864 :: 		
0x008E	0x02F8      	SUBWF      R8, 1
;__Lib_Math.c,865 :: 		
0x008F	0x0875      	MOVF       R5, 0
;__Lib_Math.c,866 :: 		
0x0090	0x1C03      	BTFSS      STATUS, 0
;__Lib_Math.c,867 :: 		
0x0091	0x0F75      	INCFSZ     R5, 0
;__Lib_Math.c,868 :: 		
0x0092	0x02F9      	SUBWF      R9, 1
;__Lib_Math.c,869 :: 		
0x0093	0x0876      	MOVF       R6, 0
;__Lib_Math.c,870 :: 		
0x0094	0x1C03      	BTFSS      STATUS, 0
;__Lib_Math.c,871 :: 		
0x0095	0x0F76      	INCFSZ     R6, 0
;__Lib_Math.c,872 :: 		
0x0096	0x02FA      	SUBWF      R10, 1
;__Lib_Math.c,873 :: 		
0x0097	0x0877      	MOVF       R7, 0
;__Lib_Math.c,874 :: 		
0x0098	0x1C03      	BTFSS      STATUS, 0
;__Lib_Math.c,875 :: 		
0x0099	0x0F77      	INCFSZ     R7, 0
;__Lib_Math.c,876 :: 		
0x009A	0x02FB      	SUBWF      R11, 1
;__Lib_Math.c,877 :: 		
0x009B	0x28A9      	GOTO       SOK22L16
;__Lib_Math.c,879 :: 		
SADD22L16:
;__Lib_Math.c,880 :: 		
0x009C	0x07F8      	ADDWF      R8, 1
;__Lib_Math.c,881 :: 		
0x009D	0x0875      	MOVF       R5, 0
;__Lib_Math.c,882 :: 		
0x009E	0x1803      	BTFSC      STATUS, 0
;__Lib_Math.c,883 :: 		
0x009F	0x0F75      	INCFSZ     R5, 0
;__Lib_Math.c,884 :: 		
0x00A0	0x07F9      	ADDWF      R9, 1
;__Lib_Math.c,885 :: 		
0x00A1	0x0876      	MOVF       R6, 0
;__Lib_Math.c,886 :: 		
0x00A2	0x1803      	BTFSC      STATUS, 0
;__Lib_Math.c,887 :: 		
0x00A3	0x0F76      	INCFSZ     R6, 0
;__Lib_Math.c,888 :: 		
0x00A4	0x07FA      	ADDWF      R10, 1
;__Lib_Math.c,889 :: 		
0x00A5	0x0877      	MOVF       R7, 0
;__Lib_Math.c,890 :: 		
0x00A6	0x1803      	BTFSC      STATUS, 0
;__Lib_Math.c,891 :: 		
0x00A7	0x0F77      	INCFSZ     R7, 0
;__Lib_Math.c,892 :: 		
0x00A8	0x07FB      	ADDWF      R11, 1
;__Lib_Math.c,894 :: 		
SOK22L16:
;__Lib_Math.c,895 :: 		
0x00A9	0x0DF1      	RLF        R1, 1
;__Lib_Math.c,897 :: 		
0x00AA	0x3007      	MOVLW      7
;__Lib_Math.c,898 :: 		
0x00AB	0x00FC      	MOVWF      R12
;__Lib_Math.c,900 :: 		
LOOPS3232C:
;__Lib_Math.c,901 :: 		
0x00AC	0x0D71      	RLF        R1, 0
;__Lib_Math.c,902 :: 		
0x00AD	0x0DF8      	RLF        R8, 1
;__Lib_Math.c,903 :: 		
0x00AE	0x0DF9      	RLF        R9, 1
;__Lib_Math.c,904 :: 		
0x00AF	0x0DFA      	RLF        R10, 1
;__Lib_Math.c,905 :: 		
0x00B0	0x0DFB      	RLF        R11, 1
;__Lib_Math.c,906 :: 		
0x00B1	0x0874      	MOVF       R4, 0
;__Lib_Math.c,907 :: 		
0x00B2	0x1C71      	BTFSS      R1, 0
;__Lib_Math.c,908 :: 		
0x00B3	0x28C2      	GOTO       SADD22LC
;__Lib_Math.c,910 :: 		
0x00B4	0x02F8      	SUBWF      R8, 1
;__Lib_Math.c,911 :: 		
0x00B5	0x0875      	MOVF       R5, 0
;__Lib_Math.c,912 :: 		
0x00B6	0x1C03      	BTFSS      STATUS, 0
;__Lib_Math.c,913 :: 		
0x00B7	0x0F75      	INCFSZ     R5, 0
;__Lib_Math.c,914 :: 		
0x00B8	0x02F9      	SUBWF      R9, 1
;__Lib_Math.c,915 :: 		
0x00B9	0x0876      	MOVF       R6, 0
;__Lib_Math.c,916 :: 		
0x00BA	0x1C03      	BTFSS      STATUS, 0
;__Lib_Math.c,917 :: 		
0x00BB	0x0F76      	INCFSZ     R6, 0
;__Lib_Math.c,918 :: 		
0x00BC	0x02FA      	SUBWF      R10, 1
;__Lib_Math.c,919 :: 		
0x00BD	0x0877      	MOVF       R7, 0
;__Lib_Math.c,920 :: 		
0x00BE	0x1C03      	BTFSS      STATUS, 0
;__Lib_Math.c,921 :: 		
0x00BF	0x0F77      	INCFSZ     R7, 0
;__Lib_Math.c,922 :: 		
0x00C0	0x02FB      	SUBWF      R11, 1
;__Lib_Math.c,923 :: 		
0x00C1	0x28CF      	GOTO       SOK22LC
;__Lib_Math.c,925 :: 		
SADD22LC:
;__Lib_Math.c,926 :: 		
0x00C2	0x07F8      	ADDWF      R8, 1
;__Lib_Math.c,927 :: 		
0x00C3	0x0875      	MOVF       R5, 0
;__Lib_Math.c,928 :: 		
0x00C4	0x1803      	BTFSC      STATUS, 0
;__Lib_Math.c,929 :: 		
0x00C5	0x0F75      	INCFSZ     R5, 0
;__Lib_Math.c,930 :: 		
0x00C6	0x07F9      	ADDWF      R9, 1
;__Lib_Math.c,931 :: 		
0x00C7	0x0876      	MOVF       R6, 0
;__Lib_Math.c,932 :: 		
0x00C8	0x1803      	BTFSC      STATUS, 0
;__Lib_Math.c,933 :: 		
0x00C9	0x0F76      	INCFSZ     R6, 0
;__Lib_Math.c,934 :: 		
0x00CA	0x07FA      	ADDWF      R10, 1
;__Lib_Math.c,935 :: 		
0x00CB	0x0877      	MOVF       R7, 0
;__Lib_Math.c,936 :: 		
0x00CC	0x1803      	BTFSC      STATUS, 0
;__Lib_Math.c,937 :: 		
0x00CD	0x0F77      	INCFSZ     R7, 0
;__Lib_Math.c,938 :: 		
0x00CE	0x07FB      	ADDWF      R11, 1
;__Lib_Math.c,940 :: 		
SOK22LC:
;__Lib_Math.c,941 :: 		
0x00CF	0x0DF1      	RLF        R1, 1
;__Lib_Math.c,943 :: 		
0x00D0	0x0BFC      	DECFSZ     R12, 1
;__Lib_Math.c,944 :: 		
0x00D1	0x28AC      	GOTO       LOOPS3232C
;__Lib_Math.c,946 :: 		
0x00D2	0x0D70      	RLF        R0, 0
;__Lib_Math.c,947 :: 		
0x00D3	0x0DF8      	RLF        R8, 1
;__Lib_Math.c,948 :: 		
0x00D4	0x0DF9      	RLF        R9, 1
;__Lib_Math.c,949 :: 		
0x00D5	0x0DFA      	RLF        R10, 1
;__Lib_Math.c,950 :: 		
0x00D6	0x0DFB      	RLF        R11, 1
;__Lib_Math.c,951 :: 		
0x00D7	0x0874      	MOVF       R4, 0
;__Lib_Math.c,952 :: 		
0x00D8	0x1C71      	BTFSS      R1, 0
;__Lib_Math.c,953 :: 		
0x00D9	0x28E8      	GOTO       SADD22L24
;__Lib_Math.c,955 :: 		
0x00DA	0x02F8      	SUBWF      R8, 1
;__Lib_Math.c,956 :: 		
0x00DB	0x0875      	MOVF       R5, 0
;__Lib_Math.c,957 :: 		
0x00DC	0x1C03      	BTFSS      STATUS, 0
;__Lib_Math.c,958 :: 		
0x00DD	0x0F75      	INCFSZ     R5, 0
;__Lib_Math.c,959 :: 		
0x00DE	0x02F9      	SUBWF      R9, 1
;__Lib_Math.c,960 :: 		
0x00DF	0x0876      	MOVF       R6, 0
;__Lib_Math.c,961 :: 		
0x00E0	0x1C03      	BTFSS      STATUS, 0
;__Lib_Math.c,962 :: 		
0x00E1	0x0F76      	INCFSZ     R6, 0
;__Lib_Math.c,963 :: 		
0x00E2	0x02FA      	SUBWF      R10, 1
;__Lib_Math.c,964 :: 		
0x00E3	0x0877      	MOVF       R7, 0
;__Lib_Math.c,965 :: 		
0x00E4	0x1C03      	BTFSS      STATUS, 0
;__Lib_Math.c,966 :: 		
0x00E5	0x0F77      	INCFSZ     R7, 0
;__Lib_Math.c,967 :: 		
0x00E6	0x02FB      	SUBWF      R11, 1
;__Lib_Math.c,968 :: 		
0x00E7	0x28F5      	GOTO       SOK22L24
;__Lib_Math.c,970 :: 		
SADD22L24:
;__Lib_Math.c,971 :: 		
0x00E8	0x07F8      	ADDWF      R8, 1
;__Lib_Math.c,972 :: 		
0x00E9	0x0875      	MOVF       R5, 0
;__Lib_Math.c,973 :: 		
0x00EA	0x1803      	BTFSC      STATUS, 0
;__Lib_Math.c,974 :: 		
0x00EB	0x0F75      	INCFSZ     R5, 0
;__Lib_Math.c,975 :: 		
0x00EC	0x07F9      	ADDWF      R9, 1
;__Lib_Math.c,976 :: 		
0x00ED	0x0876      	MOVF       R6, 0
;__Lib_Math.c,977 :: 		
0x00EE	0x1803      	BTFSC      STATUS, 0
;__Lib_Math.c,978 :: 		
0x00EF	0x0F76      	INCFSZ     R6, 0
;__Lib_Math.c,979 :: 		
0x00F0	0x07FA      	ADDWF      R10, 1
;__Lib_Math.c,980 :: 		
0x00F1	0x0877      	MOVF       R7, 0
;__Lib_Math.c,981 :: 		
0x00F2	0x1803      	BTFSC      STATUS, 0
;__Lib_Math.c,982 :: 		
0x00F3	0x0F77      	INCFSZ     R7, 0
;__Lib_Math.c,983 :: 		
0x00F4	0x07FB      	ADDWF      R11, 1
;__Lib_Math.c,985 :: 		
SOK22L24:
;__Lib_Math.c,986 :: 		
0x00F5	0x0DF0      	RLF        R0, 1
;__Lib_Math.c,988 :: 		
0x00F6	0x3007      	MOVLW      7
;__Lib_Math.c,989 :: 		
0x00F7	0x00FC      	MOVWF      R12
;__Lib_Math.c,991 :: 		
LOOPS3232D:
;__Lib_Math.c,992 :: 		
0x00F8	0x0D70      	RLF        R0, 0
;__Lib_Math.c,993 :: 		
0x00F9	0x0DF8      	RLF        R8, 1
;__Lib_Math.c,994 :: 		
0x00FA	0x0DF9      	RLF        R9, 1
;__Lib_Math.c,995 :: 		
0x00FB	0x0DFA      	RLF        R10, 1
;__Lib_Math.c,996 :: 		
0x00FC	0x0DFB      	RLF        R11, 1
;__Lib_Math.c,997 :: 		
0x00FD	0x0874      	MOVF       R4, 0
;__Lib_Math.c,998 :: 		
0x00FE	0x1C70      	BTFSS      R0, 0
;__Lib_Math.c,999 :: 		
0x00FF	0x290E      	GOTO       SADD22LD
;__Lib_Math.c,1001 :: 		
0x0100	0x02F8      	SUBWF      R8, 1
;__Lib_Math.c,1002 :: 		
0x0101	0x0875      	MOVF       R5, 0
;__Lib_Math.c,1003 :: 		
0x0102	0x1C03      	BTFSS      STATUS, 0
;__Lib_Math.c,1004 :: 		
0x0103	0x0F75      	INCFSZ     R5, 0
;__Lib_Math.c,1005 :: 		
0x0104	0x02F9      	SUBWF      R9, 1
;__Lib_Math.c,1006 :: 		
0x0105	0x0876      	MOVF       R6, 0
;__Lib_Math.c,1007 :: 		
0x0106	0x1C03      	BTFSS      STATUS, 0
;__Lib_Math.c,1008 :: 		
0x0107	0x0F76      	INCFSZ     R6, 0
;__Lib_Math.c,1009 :: 		
0x0108	0x02FA      	SUBWF      R10, 1
;__Lib_Math.c,1010 :: 		
0x0109	0x0877      	MOVF       R7, 0
;__Lib_Math.c,1011 :: 		
0x010A	0x1C03      	BTFSS      STATUS, 0
;__Lib_Math.c,1012 :: 		
0x010B	0x0F77      	INCFSZ     R7, 0
;__Lib_Math.c,1013 :: 		
0x010C	0x02FB      	SUBWF      R11, 1
;__Lib_Math.c,1014 :: 		
0x010D	0x291B      	GOTO       SOK22LD
;__Lib_Math.c,1016 :: 		
SADD22LD:
;__Lib_Math.c,1017 :: 		
0x010E	0x07F8      	ADDWF      R8, 1
;__Lib_Math.c,1018 :: 		
0x010F	0x0875      	MOVF       R5, 0
;__Lib_Math.c,1019 :: 		
0x0110	0x1803      	BTFSC      STATUS, 0
;__Lib_Math.c,1020 :: 		
0x0111	0x0F75      	INCFSZ     R5, 0
;__Lib_Math.c,1021 :: 		
0x0112	0x07F9      	ADDWF      R9, 1
;__Lib_Math.c,1022 :: 		
0x0113	0x0876      	MOVF       R6, 0
;__Lib_Math.c,1023 :: 		
0x0114	0x1803      	BTFSC      STATUS, 0
;__Lib_Math.c,1024 :: 		
0x0115	0x0F76      	INCFSZ     R6, 0
;__Lib_Math.c,1025 :: 		
0x0116	0x07FA      	ADDWF      R10, 1
;__Lib_Math.c,1026 :: 		
0x0117	0x0877      	MOVF       R7, 0
;__Lib_Math.c,1027 :: 		
0x0118	0x1803      	BTFSC      STATUS, 0
;__Lib_Math.c,1029 :: 		
0x0119	0x0F77      	INCFSZ     R7, 0
;__Lib_Math.c,1030 :: 		
0x011A	0x07FB      	ADDWF      R11, 1
;__Lib_Math.c,1032 :: 		
SOK22LD:
;__Lib_Math.c,1033 :: 		
0x011B	0x0DF0      	RLF        R0, 1
;__Lib_Math.c,1035 :: 		
0x011C	0x0BFC      	DECFSZ     R12, 1
;__Lib_Math.c,1036 :: 		
0x011D	0x28F8      	GOTO       LOOPS3232D
;__Lib_Math.c,1038 :: 		
0x011E	0x1870      	BTFSC      R0, 0
;__Lib_Math.c,1039 :: 		
0x011F	0x292E      	GOTO       SOK22L
;__Lib_Math.c,1040 :: 		
0x0120	0x0874      	MOVF       R4, 0
;__Lib_Math.c,1041 :: 		
0x0121	0x07F8      	ADDWF      R8, 1
;__Lib_Math.c,1042 :: 		
0x0122	0x0875      	MOVF       R5, 0
;__Lib_Math.c,1043 :: 		
0x0123	0x1803      	BTFSC      STATUS, 0
;__Lib_Math.c,1044 :: 		
0x0124	0x0F75      	INCFSZ     R5, 0
;__Lib_Math.c,1045 :: 		
0x0125	0x07F9      	ADDWF      R9, 1
;__Lib_Math.c,1046 :: 		
0x0126	0x0876      	MOVF       R6, 0
;__Lib_Math.c,1047 :: 		
0x0127	0x1803      	BTFSC      STATUS, 0
;__Lib_Math.c,1048 :: 		
0x0128	0x0F76      	INCFSZ     R6, 0
;__Lib_Math.c,1049 :: 		
0x0129	0x07FA      	ADDWF      R10, 1
;__Lib_Math.c,1050 :: 		
0x012A	0x0877      	MOVF       R7, 0
;__Lib_Math.c,1051 :: 		
0x012B	0x1803      	BTFSC      STATUS, 0
;__Lib_Math.c,1052 :: 		
0x012C	0x0F77      	INCFSZ     R7, 0
;__Lib_Math.c,1053 :: 		
0x012D	0x07FB      	ADDWF      R11, 1
;__Lib_Math.c,1054 :: 		
SOK22L:
;__Lib_Math.c,1057 :: 		
L_end_SDIV3232L:
0x012E	0x0008      	RETURN
; end of _SDIV3232L
_COMFREM:
;__Lib_Math.c,1059 :: 		
;__Lib_Math.c,1063 :: 		
0x012F	0x09FB      	COMF       R11, 1
;__Lib_Math.c,1064 :: 		
0x0130	0x09FA      	COMF       R10, 1
;__Lib_Math.c,1065 :: 		
0x0131	0x09F9      	COMF       R9, 1
;__Lib_Math.c,1066 :: 		
0x0132	0x09F8      	COMF       R8, 1
;__Lib_Math.c,1067 :: 		
0x0133	0x0AF8      	INCF       R8, 1
;__Lib_Math.c,1068 :: 		
0x0134	0x1903      	BTFSC      STATUS, 2
;__Lib_Math.c,1069 :: 		
0x0135	0x0AF9      	INCF       R9, 1
;__Lib_Math.c,1070 :: 		
0x0136	0x1903      	BTFSC      STATUS, 2
;__Lib_Math.c,1071 :: 		
0x0137	0x0AFA      	INCF       R10, 1
;__Lib_Math.c,1072 :: 		
0x0138	0x1903      	BTFSC      STATUS, 2
;__Lib_Math.c,1073 :: 		
0x0139	0x0AFB      	INCF       R11, 1
;__Lib_Math.c,1075 :: 		
L_end_COMFREM:
0x013A	0x0008      	RETURN
; end of _COMFREM
_Mul_32x32_U:
;__Lib_Math.c,1765 :: 		
;__Lib_Math.c,1780 :: 		
0x013B	0x0020      	MOVLB      0
;__Lib_Math.c,1781 :: 		
0x013C	0x3022      	MOVLW      34
;__Lib_Math.c,1782 :: 		
0x013D	0x00FC      	MOVWF      R12
;__Lib_Math.c,1783 :: 		
0x013E	0x01F8      	CLRF       R8
;__Lib_Math.c,1784 :: 		
0x013F	0x01F9      	CLRF       R9
;__Lib_Math.c,1785 :: 		
0x0140	0x01FA      	CLRF       R10
;__Lib_Math.c,1786 :: 		
0x0141	0x01FB      	CLRF       R11
;__Lib_Math.c,1788 :: 		
_NEXT:
;__Lib_Math.c,1792 :: 		
0x0142	0x03FC      	DECF       R12, 1
;__Lib_Math.c,1793 :: 		
0x0143	0x1903      	BTFSC      STATUS, 2
;__Lib_Math.c,1794 :: 		
0x0144	0x2970      	GOTO       _EXIT2
;__Lib_Math.c,1795 :: 		
0x0145	0x1003      	BCF        STATUS, 0
;__Lib_Math.c,1797 :: 		
_LOOP:
;__Lib_Math.c,1806 :: 		
0x0146	0x0CFB      	RRF        R11, 1
;__Lib_Math.c,1807 :: 		
0x0147	0x0CFA      	RRF        R10, 1
;__Lib_Math.c,1808 :: 		
0x0148	0x0CF9      	RRF        R9, 1
;__Lib_Math.c,1809 :: 		
0x0149	0x0CF8      	RRF        R8, 1
;__Lib_Math.c,1810 :: 		
0x014A	0x0CF3      	RRF        R3, 1
;__Lib_Math.c,1811 :: 		
0x014B	0x0CF2      	RRF        R2, 1
;__Lib_Math.c,1812 :: 		
0x014C	0x0CF1      	RRF        R1, 1
;__Lib_Math.c,1813 :: 		
0x014D	0x0CF0      	RRF        R0, 1
;__Lib_Math.c,1818 :: 		
0x014E	0x1C03      	BTFSS      STATUS, 0
;__Lib_Math.c,1819 :: 		
0x014F	0x2942      	GOTO       _NEXT
;__Lib_Math.c,1820 :: 		
0x0150	0x03FC      	DECF       R12, 1
;__Lib_Math.c,1821 :: 		
0x0151	0x1903      	BTFSC      STATUS, 2
;__Lib_Math.c,1822 :: 		
0x0152	0x2962      	GOTO       _EXIT1
;__Lib_Math.c,1829 :: 		
0x0153	0x0874      	MOVF       R4, 0
;__Lib_Math.c,1830 :: 		
0x0154	0x07F8      	ADDWF      R8, 1
;__Lib_Math.c,1831 :: 		
0x0155	0x0875      	MOVF       R5, 0
;__Lib_Math.c,1832 :: 		
0x0156	0x1803      	BTFSC      STATUS, 0
;__Lib_Math.c,1833 :: 		
0x0157	0x0F75      	INCFSZ     R5, 0
;__Lib_Math.c,1834 :: 		
0x0158	0x07F9      	ADDWF      R9, 1
;__Lib_Math.c,1835 :: 		
0x0159	0x0876      	MOVF       R6, 0
;__Lib_Math.c,1836 :: 		
0x015A	0x1803      	BTFSC      STATUS, 0
;__Lib_Math.c,1837 :: 		
0x015B	0x0F76      	INCFSZ     R6, 0
;__Lib_Math.c,1838 :: 		
0x015C	0x07FA      	ADDWF      R10, 1
;__Lib_Math.c,1839 :: 		
0x015D	0x0877      	MOVF       R7, 0
;__Lib_Math.c,1840 :: 		
0x015E	0x1803      	BTFSC      STATUS, 0
;__Lib_Math.c,1841 :: 		
0x015F	0x0F77      	INCFSZ     R7, 0
;__Lib_Math.c,1842 :: 		
0x0160	0x07FB      	ADDWF      R11, 1
;__Lib_Math.c,1844 :: 		
0x0161	0x2946      	GOTO       _LOOP
;__Lib_Math.c,1846 :: 		
_EXIT1:
;__Lib_Math.c,1851 :: 		
0x0162	0x0874      	MOVF       R4, 0
;__Lib_Math.c,1852 :: 		
0x0163	0x07F8      	ADDWF      R8, 1
;__Lib_Math.c,1853 :: 		
0x0164	0x0875      	MOVF       R5, 0
;__Lib_Math.c,1854 :: 		
0x0165	0x1803      	BTFSC      STATUS, 0
;__Lib_Math.c,1855 :: 		
0x0166	0x0F75      	INCFSZ     R5, 0
;__Lib_Math.c,1856 :: 		
0x0167	0x07F9      	ADDWF      R9, 1
;__Lib_Math.c,1857 :: 		
0x0168	0x0876      	MOVF       R6, 0
;__Lib_Math.c,1858 :: 		
0x0169	0x1803      	BTFSC      STATUS, 0
;__Lib_Math.c,1859 :: 		
0x016A	0x0F76      	INCFSZ     R6, 0
;__Lib_Math.c,1860 :: 		
0x016B	0x07FA      	ADDWF      R10, 1
;__Lib_Math.c,1861 :: 		
0x016C	0x0877      	MOVF       R7, 0
;__Lib_Math.c,1862 :: 		
0x016D	0x1803      	BTFSC      STATUS, 0
;__Lib_Math.c,1863 :: 		
0x016E	0x0F77      	INCFSZ     R7, 0
;__Lib_Math.c,1864 :: 		
0x016F	0x07FB      	ADDWF      R11, 1
;__Lib_Math.c,1867 :: 		
_EXIT2:
;__Lib_Math.c,1869 :: 		
L_end_Mul_32x32_U:
0x0170	0x0008      	RETURN
; end of _Mul_32x32_U
_Get_Fosc_kHz:
;__Lib_Delays.c,1 :: 		unsigned long Get_Fosc_kHz(){
;__Lib_Delays.c,3 :: 		return Clock_kHz();
0x0171	0x3040      	MOVLW      64
0x0172	0x00F0      	MOVWF      R0
0x0173	0x301F      	MOVLW      31
0x0174	0x00F1      	MOVWF      R1
0x0175	0x01F2      	CLRF       R2
0x0176	0x01F3      	CLRF       R3
;__Lib_Delays.c,5 :: 		}
L_end_Get_Fosc_kHz:
0x0177	0x0008      	RETURN
; end of _Get_Fosc_kHz
_Div_32x32_S:
;__Lib_Math.c,1084 :: 		
;__Lib_Math.c,1095 :: 		
;__Lib_Math.c,1098 :: 		
0x0178	0x0874      	MOVF       R4, 0
0x0179	0x3A00      	XORLW      0
0x017A	0x1D03      	BTFSS      STATUS, 2
0x017B	0x2991      	GOTO       L_Div_32x32_S6
;__Lib_Math.c,1099 :: 		
0x017C	0x0875      	MOVF       R5, 0
0x017D	0x3A00      	XORLW      0
0x017E	0x1D03      	BTFSS      STATUS, 2
0x017F	0x2991      	GOTO       L_Div_32x32_S7
;__Lib_Math.c,1100 :: 		
0x0180	0x0876      	MOVF       R6, 0
0x0181	0x3A00      	XORLW      0
0x0182	0x1D03      	BTFSS      STATUS, 2
0x0183	0x2991      	GOTO       L_Div_32x32_S8
;__Lib_Math.c,1101 :: 		
0x0184	0x0877      	MOVF       R7, 0
0x0185	0x3A00      	XORLW      0
0x0186	0x1D03      	BTFSS      STATUS, 2
0x0187	0x2991      	GOTO       L_Div_32x32_S9
;__Lib_Math.c,1102 :: 		
0x0188	0x30FF      	MOVLW      255
0x0189	0x00F0      	MOVWF      R0
;__Lib_Math.c,1103 :: 		
0x018A	0x30FF      	MOVLW      255
0x018B	0x00F1      	MOVWF      R1
;__Lib_Math.c,1104 :: 		
0x018C	0x30FF      	MOVLW      255
0x018D	0x00F2      	MOVWF      R2
;__Lib_Math.c,1105 :: 		
0x018E	0x307F      	MOVLW      127
0x018F	0x00F3      	MOVWF      R3
;__Lib_Math.c,1106 :: 		
0x0190	0x2A29      	GOTO       L_end_Div_32x32_S
;__Lib_Math.c,1107 :: 		
L_Div_32x32_S9:
L_Div_32x32_S8:
L_Div_32x32_S7:
L_Div_32x32_S6:
;__Lib_Math.c,1110 :: 		
0x0191	0x0020      	MOVLB      0
;__Lib_Math.c,1112 :: 		
0x0192	0x01FC      	CLRF       R12
;__Lib_Math.c,1113 :: 		
0x0193	0x1BF7      	BTFSC      R7, 7
;__Lib_Math.c,1114 :: 		
0x0194	0x0AFC      	INCF       R12, 1
;__Lib_Math.c,1116 :: 		
0x0195	0x01FD      	CLRF       R13
;__Lib_Math.c,1117 :: 		
0x0196	0x01FB      	CLRF       R11
;__Lib_Math.c,1118 :: 		
0x0197	0x01FA      	CLRF       R10
;__Lib_Math.c,1119 :: 		
0x0198	0x01F9      	CLRF       R9
;__Lib_Math.c,1120 :: 		
0x0199	0x01F8      	CLRF       R8
;__Lib_Math.c,1121 :: 		
0x019A	0x0873      	MOVF       R3, 0
;__Lib_Math.c,1122 :: 		
0x019B	0x0472      	IORWF       R2, 0
;__Lib_Math.c,1123 :: 		
0x019C	0x0471      	IORWF       R1, 0
;__Lib_Math.c,1124 :: 		
0x019D	0x0470      	IORWF       R0, 0
;__Lib_Math.c,1125 :: 		
0x019E	0x1903      	BTFSC      STATUS, 2
;__Lib_Math.c,1126 :: 		
0x019F	0x2A24      	GOTO       END_ALL
;__Lib_Math.c,1128 :: 		
0x01A0	0x0873      	MOVF       R3, 0
;__Lib_Math.c,1129 :: 		
0x01A1	0x0677      	XORWF      R7, 0
;__Lib_Math.c,1130 :: 		
0x01A2	0x00A0      	MOVWF      ___math_tempb
;__Lib_Math.c,1131 :: 		
0x01A3	0x1BA0      	BTFSC      ___math_tempb, 7
;__Lib_Math.c,1132 :: 		
0x01A4	0x09FD      	COMF       R13, 1
;__Lib_Math.c,1136 :: 		
0x01A5	0x1FF7      	BTFSS      R7, 7
;__Lib_Math.c,1137 :: 		
0x01A6	0x29B2      	GOTO       CA3232S
;__Lib_Math.c,1139 :: 		
0x01A7	0x09F4      	COMF       R4, 1
;__Lib_Math.c,1140 :: 		
0x01A8	0x09F5      	COMF       R5, 1
;__Lib_Math.c,1141 :: 		
0x01A9	0x09F6      	COMF       R6, 1
;__Lib_Math.c,1142 :: 		
0x01AA	0x09F7      	COMF       R7, 1
;__Lib_Math.c,1143 :: 		
0x01AB	0x0AF4      	INCF       R4, 1
;__Lib_Math.c,1144 :: 		
0x01AC	0x1903      	BTFSC      STATUS, 2
;__Lib_Math.c,1145 :: 		
0x01AD	0x0AF5      	INCF       R5, 1
;__Lib_Math.c,1146 :: 		
0x01AE	0x1903      	BTFSC      STATUS, 2
;__Lib_Math.c,1147 :: 		
0x01AF	0x0AF6      	INCF       R6, 1
;__Lib_Math.c,1148 :: 		
0x01B0	0x1903      	BTFSC      STATUS, 2
;__Lib_Math.c,1149 :: 		
0x01B1	0x0AF7      	INCF       R7, 1
;__Lib_Math.c,1151 :: 		
CA3232S:
;__Lib_Math.c,1152 :: 		
0x01B2	0x1FF3      	BTFSS      R3, 7
;__Lib_Math.c,1153 :: 		
0x01B3	0x29BF      	GOTO       C3232SX
;__Lib_Math.c,1155 :: 		
0x01B4	0x09F0      	COMF       R0, 1
;__Lib_Math.c,1156 :: 		
0x01B5	0x09F1      	COMF       R1, 1
;__Lib_Math.c,1157 :: 		
0x01B6	0x09F2      	COMF       R2, 1
;__Lib_Math.c,1158 :: 		
0x01B7	0x09F3      	COMF       R3, 1
;__Lib_Math.c,1159 :: 		
0x01B8	0x0AF0      	INCF       R0, 1
;__Lib_Math.c,1160 :: 		
0x01B9	0x1903      	BTFSC      STATUS, 2
;__Lib_Math.c,1161 :: 		
0x01BA	0x0AF1      	INCF       R1, 1
;__Lib_Math.c,1162 :: 		
0x01BB	0x1903      	BTFSC      STATUS, 2
;__Lib_Math.c,1163 :: 		
0x01BC	0x0AF2      	INCF       R2, 1
;__Lib_Math.c,1164 :: 		
0x01BD	0x1903      	BTFSC      STATUS, 2
;__Lib_Math.c,1165 :: 		
0x01BE	0x0AF3      	INCF       R3, 1
;__Lib_Math.c,1167 :: 		
C3232SX:
;__Lib_Math.c,1168 :: 		
0x01BF	0x0873      	MOVF       R3, 0
;__Lib_Math.c,1169 :: 		
0x01C0	0x0477      	IORWF       R7, 0
;__Lib_Math.c,1170 :: 		
0x01C1	0x00A0      	MOVWF      ___math_tempb
;__Lib_Math.c,1171 :: 		
0x01C2	0x1BA0      	BTFSC      ___math_tempb, 7
;__Lib_Math.c,1172 :: 		
0x01C3	0x29E0      	GOTO       C3232SX1
;__Lib_Math.c,1174 :: 		
C3232S:
;__Lib_Math.c,1177 :: 		
0x01C4	0x2003      	CALL       _SDIV3232L
;__Lib_Math.c,1181 :: 		
0x01C5	0x1BFC      	BTFSC      R12, 7
;__Lib_Math.c,1182 :: 		
0x01C6	0x29FD      	GOTO       C3232SX4
;__Lib_Math.c,1184 :: 		
C3232SOK:
;__Lib_Math.c,1185 :: 		
0x01C7	0x1FFD      	BTFSS      R13, 7
;__Lib_Math.c,1186 :: 		
0x01C8	0x2A24      	GOTO       END_ALL
;__Lib_Math.c,1188 :: 		
0x01C9	0x09F0      	COMF       R0, 1
;__Lib_Math.c,1189 :: 		
0x01CA	0x09F1      	COMF       R1, 1
;__Lib_Math.c,1190 :: 		
0x01CB	0x09F2      	COMF       R2, 1
;__Lib_Math.c,1191 :: 		
0x01CC	0x09F3      	COMF       R3, 1
;__Lib_Math.c,1192 :: 		
0x01CD	0x0AF0      	INCF       R0, 1
;__Lib_Math.c,1193 :: 		
0x01CE	0x1903      	BTFSC      STATUS, 2
;__Lib_Math.c,1194 :: 		
0x01CF	0x0AF1      	INCF       R1, 1
;__Lib_Math.c,1195 :: 		
0x01D0	0x1903      	BTFSC      STATUS, 2
;__Lib_Math.c,1196 :: 		
0x01D1	0x0AF2      	INCF       R2, 1
;__Lib_Math.c,1197 :: 		
0x01D2	0x1903      	BTFSC      STATUS, 2
;__Lib_Math.c,1198 :: 		
0x01D3	0x0AF3      	INCF       R3, 1
;__Lib_Math.c,1200 :: 		
0x01D4	0x09F8      	COMF       R8, 1
;__Lib_Math.c,1201 :: 		
0x01D5	0x09F9      	COMF       R9, 1
;__Lib_Math.c,1202 :: 		
0x01D6	0x09FA      	COMF       R10, 1
;__Lib_Math.c,1203 :: 		
0x01D7	0x09FB      	COMF       R11, 1
;__Lib_Math.c,1204 :: 		
0x01D8	0x0AF8      	INCF       R8, 1
;__Lib_Math.c,1205 :: 		
0x01D9	0x1903      	BTFSC      STATUS, 2
;__Lib_Math.c,1206 :: 		
0x01DA	0x0AF9      	INCF       R9, 1
;__Lib_Math.c,1207 :: 		
0x01DB	0x1903      	BTFSC      STATUS, 2
;__Lib_Math.c,1208 :: 		
0x01DC	0x0AFA      	INCF       R10, 1
;__Lib_Math.c,1209 :: 		
0x01DD	0x1903      	BTFSC      STATUS, 2
;__Lib_Math.c,1210 :: 		
0x01DE	0x0AFB      	INCF       R11, 1
;__Lib_Math.c,1212 :: 		
0x01DF	0x2A24      	GOTO       END_ALL
;__Lib_Math.c,1214 :: 		
C3232SX1:
;__Lib_Math.c,1215 :: 		
0x01E0	0x1FF7      	BTFSS      R7, 7
;__Lib_Math.c,1216 :: 		
0x01E1	0x29F7      	GOTO       C3232SX3
;__Lib_Math.c,1217 :: 		
0x01E2	0x1BF3      	BTFSC      R3, 7
;__Lib_Math.c,1218 :: 		
0x01E3	0x29F1      	GOTO       C3232SX2
;__Lib_Math.c,1219 :: 		
0x01E4	0x0873      	MOVF       R3, 0
;__Lib_Math.c,1220 :: 		
0x01E5	0x00FB      	MOVWF      R11
;__Lib_Math.c,1221 :: 		
0x01E6	0x0872      	MOVF       R2, 0
;__Lib_Math.c,1222 :: 		
0x01E7	0x00FA      	MOVWF      R10
;__Lib_Math.c,1223 :: 		
0x01E8	0x0871      	MOVF       R1, 0
;__Lib_Math.c,1224 :: 		
0x01E9	0x00F9      	MOVWF      R9
;__Lib_Math.c,1225 :: 		
0x01EA	0x0870      	MOVF       R0, 0
;__Lib_Math.c,1226 :: 		
0x01EB	0x00F8      	MOVWF      R8
;__Lib_Math.c,1227 :: 		
0x01EC	0x01F3      	CLRF       R3
;__Lib_Math.c,1228 :: 		
0x01ED	0x01F2      	CLRF       R2
;__Lib_Math.c,1229 :: 		
0x01EE	0x01F1      	CLRF       R1
;__Lib_Math.c,1230 :: 		
0x01EF	0x01F0      	CLRF       R0
;__Lib_Math.c,1231 :: 		
0x01F0	0x29C7      	GOTO       C3232SOK
;__Lib_Math.c,1232 :: 		
C3232SX2:
;__Lib_Math.c,1233 :: 		
0x01F1	0x01F3      	CLRF       R3
;__Lib_Math.c,1234 :: 		
0x01F2	0x01F2      	CLRF       R2
;__Lib_Math.c,1235 :: 		
0x01F3	0x01F1      	CLRF       R1
;__Lib_Math.c,1236 :: 		
0x01F4	0x01F0      	CLRF       R0
;__Lib_Math.c,1237 :: 		
0x01F5	0x0AF0      	INCF       R0, 1
;__Lib_Math.c,1238 :: 		
0x01F6	0x3400      	RETLW      0
;__Lib_Math.c,1240 :: 		
C3232SX3:
;__Lib_Math.c,1241 :: 		
0x01F7	0x09F3      	COMF       R3, 1
;__Lib_Math.c,1242 :: 		
0x01F8	0x09F2      	COMF       R2, 1
;__Lib_Math.c,1243 :: 		
0x01F9	0x09F1      	COMF       R1, 1
;__Lib_Math.c,1244 :: 		
0x01FA	0x09F0      	COMF       R0, 1
;__Lib_Math.c,1246 :: 		
0x01FB	0x17FC      	BSF        R12, 7
;__Lib_Math.c,1248 :: 		
0x01FC	0x29C4      	GOTO       C3232S
;__Lib_Math.c,1250 :: 		
C3232SX4:
;__Lib_Math.c,1251 :: 		
0x01FD	0x0AF8      	INCF       R8, 1
;__Lib_Math.c,1252 :: 		
0x01FE	0x1903      	BTFSC      STATUS, 2
;__Lib_Math.c,1253 :: 		
0x01FF	0x0AF9      	INCF       R9, 1
;__Lib_Math.c,1254 :: 		
0x0200	0x1903      	BTFSC      STATUS, 2
;__Lib_Math.c,1255 :: 		
0x0201	0x0AFA      	INCF       R10, 1
;__Lib_Math.c,1256 :: 		
0x0202	0x1903      	BTFSC      STATUS, 2
;__Lib_Math.c,1257 :: 		
0x0203	0x0AFB      	INCF       R11, 1
;__Lib_Math.c,1258 :: 		
0x0204	0x0874      	MOVF       R4, 0
;__Lib_Math.c,1259 :: 		
0x0205	0x0278      	SUBWF      R8, 0
;__Lib_Math.c,1260 :: 		
0x0206	0x1D03      	BTFSS      STATUS, 2
;__Lib_Math.c,1261 :: 		
0x0207	0x29C7      	GOTO       C3232SOK
;__Lib_Math.c,1262 :: 		
0x0208	0x0875      	MOVF       R5, 0
;__Lib_Math.c,1263 :: 		
0x0209	0x0279      	SUBWF      R9, 0
;__Lib_Math.c,1264 :: 		
0x020A	0x1D03      	BTFSS      STATUS, 2
;__Lib_Math.c,1265 :: 		
0x020B	0x29C7      	GOTO       C3232SOK
;__Lib_Math.c,1266 :: 		
0x020C	0x0876      	MOVF       R6, 0
;__Lib_Math.c,1267 :: 		
0x020D	0x027A      	SUBWF      R10, 0
;__Lib_Math.c,1268 :: 		
0x020E	0x1D03      	BTFSS      STATUS, 2
;__Lib_Math.c,1269 :: 		
0x020F	0x29C7      	GOTO       C3232SOK
;__Lib_Math.c,1270 :: 		
0x0210	0x0877      	MOVF       R7, 0
;__Lib_Math.c,1271 :: 		
0x0211	0x027B      	SUBWF      R11, 0
;__Lib_Math.c,1272 :: 		
0x0212	0x1D03      	BTFSS      STATUS, 2
;__Lib_Math.c,1273 :: 		
0x0213	0x29C7      	GOTO       C3232SOK
;__Lib_Math.c,1274 :: 		
0x0214	0x01FB      	CLRF       R11
;__Lib_Math.c,1275 :: 		
0x0215	0x01FA      	CLRF       R10
;__Lib_Math.c,1276 :: 		
0x0216	0x01F9      	CLRF       R9
;__Lib_Math.c,1277 :: 		
0x0217	0x01F8      	CLRF       R8
;__Lib_Math.c,1278 :: 		
0x0218	0x0AF0      	INCF       R0, 1
;__Lib_Math.c,1279 :: 		
0x0219	0x1903      	BTFSC      STATUS, 2
;__Lib_Math.c,1280 :: 		
0x021A	0x0AF1      	INCF       R1, 1
;__Lib_Math.c,1281 :: 		
0x021B	0x1903      	BTFSC      STATUS, 2
;__Lib_Math.c,1282 :: 		
0x021C	0x0AF2      	INCF       R2, 1
;__Lib_Math.c,1283 :: 		
0x021D	0x1903      	BTFSC      STATUS, 2
;__Lib_Math.c,1284 :: 		
0x021E	0x0AF3      	INCF       R3, 1
;__Lib_Math.c,1285 :: 		
0x021F	0x1FF3      	BTFSS      R3, 7
;__Lib_Math.c,1286 :: 		
0x0220	0x29C7      	GOTO       C3232SOK
;__Lib_Math.c,1287 :: 		
0x0221	0x01A0      	CLRF       ___math_tempb
;__Lib_Math.c,1288 :: 		
0x0222	0x1620      	BSF        ___math_tempb, 4
;__Lib_Math.c,1289 :: 		
0x0223	0x34FF      	RETLW      255
;__Lib_Math.c,1290 :: 		
END_ALL:
;__Lib_Math.c,1291 :: 		
0x0224	0x01A0      	CLRF       ___math_tempb
;__Lib_Math.c,1292 :: 		
0x0225	0x1C7C      	BTFSS      R12, 0
;__Lib_Math.c,1293 :: 		
0x0226	0x2A28      	GOTO       avoid_comfrem
;__Lib_Math.c,1295 :: 		
0x0227	0x212F      	CALL       _COMFREM
;__Lib_Math.c,1297 :: 		
avoid_comfrem:
;__Lib_Math.c,1298 :: 		
0x0228	0x3E00      	ADDLW      0
;__Lib_Math.c,1300 :: 		
L_end_Div_32x32_S:
0x0229	0x0008      	RETURN
; end of _Div_32x32_S
_Soft_UART_Init:
;__Lib_SoftUART.c,152 :: 		
;__Lib_SoftUART.c,156 :: 		
0x022A	0x0020      	MOVLB      0
0x022B	0x0833      	MOVF       FARG_Soft_UART_Init_port, 0
0x022C	0x00A8      	MOVWF      __Lib_SoftUART__port_addr
0x022D	0x0834      	MOVF       FARG_Soft_UART_Init_port+1, 0
0x022E	0x00A9      	MOVWF      __Lib_SoftUART__port_addr+1
;__Lib_SoftUART.c,157 :: 		
0x022F	0x0835      	MOVF       FARG_Soft_UART_Init_rx_pin, 0
0x0230	0x00F0      	MOVWF      R0
0x0231	0x3001      	MOVLW      1
0x0232	0x00F2      	MOVWF      R2
0x0233	0x0870      	MOVF       R0, 0
L__Soft_UART_Init32:
0x0234	0x1903      	BTFSC      STATUS, 2
0x0235	0x2A39      	GOTO       L__Soft_UART_Init33
0x0236	0x35F2      	LSLF       R2, 1
0x0237	0x3EFF      	ADDLW      255
0x0238	0x2A34      	GOTO       L__Soft_UART_Init32
L__Soft_UART_Init33:
0x0239	0x0872      	MOVF       R2, 0
0x023A	0x00A7      	MOVWF      __Lib_SoftUART__rx_mask1
;__Lib_SoftUART.c,158 :: 		
0x023B	0x0972      	COMF       R2, 0
0x023C	0x00AB      	MOVWF      __Lib_SoftUART__rx_mask0
;__Lib_SoftUART.c,159 :: 		
0x023D	0x0836      	MOVF       FARG_Soft_UART_Init_tx_pin, 0
0x023E	0x00F1      	MOVWF      R1
0x023F	0x3001      	MOVLW      1
0x0240	0x00F0      	MOVWF      R0
0x0241	0x0871      	MOVF       R1, 0
L__Soft_UART_Init34:
0x0242	0x1903      	BTFSC      STATUS, 2
0x0243	0x2A47      	GOTO       L__Soft_UART_Init35
0x0244	0x35F0      	LSLF       R0, 1
0x0245	0x3EFF      	ADDLW      255
0x0246	0x2A42      	GOTO       L__Soft_UART_Init34
L__Soft_UART_Init35:
0x0247	0x0870      	MOVF       R0, 0
0x0248	0x00AA      	MOVWF      __Lib_SoftUART__tx_mask1
;__Lib_SoftUART.c,160 :: 		
0x0249	0x09F0      	COMF       R0, 1
0x024A	0x0870      	MOVF       R0, 0
0x024B	0x00A4      	MOVWF      __Lib_SoftUART__tx_mask0
;__Lib_SoftUART.c,163 :: 		
0x024C	0x3080      	MOVLW      128
0x024D	0x0733      	ADDWF      FARG_Soft_UART_Init_port, 0
0x024E	0x0084      	MOVWF      FSR0
0x024F	0x3000      	MOVLW      0
0x0250	0x3D34      	ADDWFC     FARG_Soft_UART_Init_port+1, 0
0x0251	0x0085      	MOVWF      FSR0H
;__Lib_SoftUART.c,164 :: 		
0x0252	0x0872      	MOVF       R2, 0
0x0253	0x0480      	IORWF       INDF0, 1
;__Lib_SoftUART.c,167 :: 		
0x0254	0x0870      	MOVF       R0, 0
0x0255	0x0580      	ANDWF      INDF0, 1
;__Lib_SoftUART.c,169 :: 		
0x0256	0x01A3      	CLRF       __Lib_SoftUART_InvertMaskRd
;__Lib_SoftUART.c,170 :: 		
0x0257	0x083B      	MOVF       FARG_Soft_UART_Init_inverted, 0
0x0258	0x1903      	BTFSC      STATUS, 2
0x0259	0x2A5B      	GOTO       L_Soft_UART_Init21
;__Lib_SoftUART.c,171 :: 		
0x025A	0x09A3      	COMF       __Lib_SoftUART_InvertMaskRd, 1
L_Soft_UART_Init21:
;__Lib_SoftUART.c,174 :: 		
0x025B	0x3080      	MOVLW      128
0x025C	0x0284      	SUBWF      FSR0, 1
;__Lib_SoftUART.c,175 :: 		
0x025D	0x0823      	MOVF       __Lib_SoftUART_InvertMaskRd, 0
0x025E	0x3A00      	XORLW      0
0x025F	0x1903      	BTFSC      STATUS, 2
0x0260	0x2A64      	GOTO       L_Soft_UART_Init22
;__Lib_SoftUART.c,177 :: 		
0x0261	0x0824      	MOVF       __Lib_SoftUART__tx_mask0, 0
0x0262	0x0580      	ANDWF      INDF0, 1
0x0263	0x2A66      	GOTO       L_Soft_UART_Init23
L_Soft_UART_Init22:
;__Lib_SoftUART.c,180 :: 		
0x0264	0x082A      	MOVF       __Lib_SoftUART__tx_mask1, 0
0x0265	0x0480      	IORWF       INDF0, 1
L_Soft_UART_Init23:
;__Lib_SoftUART.c,182 :: 		
0x0266	0x2171      	CALL       _Get_Fosc_kHz
0x0267	0x30E8      	MOVLW      232
0x0268	0x00F4      	MOVWF      R4
0x0269	0x3003      	MOVLW      3
0x026A	0x00F5      	MOVWF      R5
0x026B	0x01F6      	CLRF       R6
0x026C	0x01F7      	CLRF       R7
0x026D	0x213B      	CALL       _Mul_32x32_U
0x026E	0x0870      	MOVF       R0, 0
0x026F	0x00BC      	MOVWF      Soft_UART_Init_q1_L0
0x0270	0x0871      	MOVF       R1, 0
0x0271	0x00BD      	MOVWF      Soft_UART_Init_q1_L0+1
0x0272	0x0872      	MOVF       R2, 0
0x0273	0x00BE      	MOVWF      Soft_UART_Init_q1_L0+2
0x0274	0x0873      	MOVF       R3, 0
0x0275	0x00BF      	MOVWF      Soft_UART_Init_q1_L0+3
;__Lib_SoftUART.c,183 :: 		
0x0276	0x0837      	MOVF       FARG_Soft_UART_Init_baud_rate, 0
0x0277	0x00F0      	MOVWF      R0
0x0278	0x0838      	MOVF       FARG_Soft_UART_Init_baud_rate+1, 0
0x0279	0x00F1      	MOVWF      R1
0x027A	0x0839      	MOVF       FARG_Soft_UART_Init_baud_rate+2, 0
0x027B	0x00F2      	MOVWF      R2
0x027C	0x083A      	MOVF       FARG_Soft_UART_Init_baud_rate+3, 0
0x027D	0x00F3      	MOVWF      R3
0x027E	0x35F0      	LSLF       R0, 1
0x027F	0x0DF1      	RLF        R1, 1
0x0280	0x0DF2      	RLF        R2, 1
0x0281	0x0DF3      	RLF        R3, 1
0x0282	0x35F0      	LSLF       R0, 1
0x0283	0x0DF1      	RLF        R1, 1
0x0284	0x0DF2      	RLF        R2, 1
0x0285	0x0DF3      	RLF        R3, 1
0x0286	0x300A      	MOVLW      10
0x0287	0x00F4      	MOVWF      R4
0x0288	0x01F5      	CLRF       R5
0x0289	0x01F6      	CLRF       R6
0x028A	0x01F7      	CLRF       R7
0x028B	0x213B      	CALL       _Mul_32x32_U
0x028C	0x0870      	MOVF       R0, 0
0x028D	0x00C0      	MOVWF      Soft_UART_Init_q2_L0
0x028E	0x0871      	MOVF       R1, 0
0x028F	0x00C1      	MOVWF      Soft_UART_Init_q2_L0+1
0x0290	0x0872      	MOVF       R2, 0
0x0291	0x00C2      	MOVWF      Soft_UART_Init_q2_L0+2
0x0292	0x0873      	MOVF       R3, 0
0x0293	0x00C3      	MOVWF      Soft_UART_Init_q2_L0+3
;__Lib_SoftUART.c,186 :: 		
0x0294	0x0870      	MOVF       R0, 0
0x0295	0x00F4      	MOVWF      R4
0x0296	0x0871      	MOVF       R1, 0
0x0297	0x00F5      	MOVWF      R5
0x0298	0x0872      	MOVF       R2, 0
0x0299	0x00F6      	MOVWF      R6
0x029A	0x0873      	MOVF       R3, 0
0x029B	0x00F7      	MOVWF      R7
0x029C	0x083C      	MOVF       Soft_UART_Init_q1_L0, 0
0x029D	0x00F0      	MOVWF      R0
0x029E	0x083D      	MOVF       Soft_UART_Init_q1_L0+1, 0
0x029F	0x00F1      	MOVWF      R1
0x02A0	0x083E      	MOVF       Soft_UART_Init_q1_L0+2, 0
0x02A1	0x00F2      	MOVWF      R2
0x02A2	0x083F      	MOVF       Soft_UART_Init_q1_L0+3, 0
0x02A3	0x00F3      	MOVWF      R3
0x02A4	0x2178      	CALL       _Div_32x32_S
0x02A5	0x0870      	MOVF       R0, 0
0x02A6	0x00C4      	MOVWF      Soft_UART_Init_temp_word_L0
0x02A7	0x0871      	MOVF       R1, 0
0x02A8	0x00C5      	MOVWF      Soft_UART_Init_temp_word_L0+1
;__Lib_SoftUART.c,187 :: 		
0x02A9	0x0871      	MOVF       R1, 0
0x02AA	0x00F4      	MOVWF      R4
0x02AB	0x01F5      	CLRF       R5
0x02AC	0x0874      	MOVF       R4, 0
0x02AD	0x0475      	IORWF       R5, 0
0x02AE	0x1903      	BTFSC      STATUS, 2
0x02AF	0x2AB3      	GOTO       L_Soft_UART_Init24
;__Lib_SoftUART.c,188 :: 		
0x02B0	0x3002      	MOVLW      2
0x02B1	0x00F0      	MOVWF      R0
0x02B2	0x2B04      	GOTO       L_end_Soft_UART_Init
L_Soft_UART_Init24:
;__Lib_SoftUART.c,190 :: 		
0x02B3	0x0844      	MOVF       Soft_UART_Init_temp_word_L0, 0
0x02B4	0x00A6      	MOVWF      __Lib_SoftUART_FullBit
;__Lib_SoftUART.c,191 :: 		
0x02B5	0x0840      	MOVF       Soft_UART_Init_q2_L0, 0
0x02B6	0x00F4      	MOVWF      R4
0x02B7	0x0841      	MOVF       Soft_UART_Init_q2_L0+1, 0
0x02B8	0x00F5      	MOVWF      R5
0x02B9	0x0842      	MOVF       Soft_UART_Init_q2_L0+2, 0
0x02BA	0x00F6      	MOVWF      R6
0x02BB	0x0843      	MOVF       Soft_UART_Init_q2_L0+3, 0
0x02BC	0x00F7      	MOVWF      R7
0x02BD	0x083C      	MOVF       Soft_UART_Init_q1_L0, 0
0x02BE	0x00F0      	MOVWF      R0
0x02BF	0x083D      	MOVF       Soft_UART_Init_q1_L0+1, 0
0x02C0	0x00F1      	MOVWF      R1
0x02C1	0x083E      	MOVF       Soft_UART_Init_q1_L0+2, 0
0x02C2	0x00F2      	MOVWF      R2
0x02C3	0x083F      	MOVF       Soft_UART_Init_q1_L0+3, 0
0x02C4	0x00F3      	MOVWF      R3
0x02C5	0x2178      	CALL       _Div_32x32_S
0x02C6	0x0878      	MOVF       R8, 0
0x02C7	0x00F0      	MOVWF      R0
0x02C8	0x0879      	MOVF       R9, 0
0x02C9	0x00F1      	MOVWF      R1
0x02CA	0x087A      	MOVF       R10, 0
0x02CB	0x00F2      	MOVWF      R2
0x02CC	0x087B      	MOVF       R11, 0
0x02CD	0x00F3      	MOVWF      R3
0x02CE	0x0870      	MOVF       R0, 0
0x02CF	0x00BC      	MOVWF      Soft_UART_Init_q1_L0
0x02D0	0x0871      	MOVF       R1, 0
0x02D1	0x00BD      	MOVWF      Soft_UART_Init_q1_L0+1
0x02D2	0x0872      	MOVF       R2, 0
0x02D3	0x00BE      	MOVWF      Soft_UART_Init_q1_L0+2
0x02D4	0x0873      	MOVF       R3, 0
0x02D5	0x00BF      	MOVWF      Soft_UART_Init_q1_L0+3
;__Lib_SoftUART.c,193 :: 		
0x02D6	0x0840      	MOVF       Soft_UART_Init_q2_L0, 0
0x02D7	0x00F5      	MOVWF      R5
0x02D8	0x0841      	MOVF       Soft_UART_Init_q2_L0+1, 0
0x02D9	0x00F6      	MOVWF      R6
0x02DA	0x0842      	MOVF       Soft_UART_Init_q2_L0+2, 0
0x02DB	0x00F7      	MOVWF      R7
0x02DC	0x0843      	MOVF       Soft_UART_Init_q2_L0+3, 0
0x02DD	0x00F8      	MOVWF      R8
0x02DE	0x37F8      	ASRF       R8, 1
0x02DF	0x0CF7      	RRF        R7, 1
0x02E0	0x0CF6      	RRF        R6, 1
0x02E1	0x0CF5      	RRF        R5, 1
0x02E2	0x3080      	MOVLW      128
0x02E3	0x0678      	XORWF      R8, 0
0x02E4	0x00F4      	MOVWF      R4
0x02E5	0x3080      	MOVLW      128
0x02E6	0x0673      	XORWF      R3, 0
0x02E7	0x0274      	SUBWF      R4, 0
0x02E8	0x1D03      	BTFSS      STATUS, 2
0x02E9	0x2AF4      	GOTO       L__Soft_UART_Init36
0x02EA	0x0872      	MOVF       R2, 0
0x02EB	0x0277      	SUBWF      R7, 0
0x02EC	0x1D03      	BTFSS      STATUS, 2
0x02ED	0x2AF4      	GOTO       L__Soft_UART_Init36
0x02EE	0x0871      	MOVF       R1, 0
0x02EF	0x0276      	SUBWF      R6, 0
0x02F0	0x1D03      	BTFSS      STATUS, 2
0x02F1	0x2AF4      	GOTO       L__Soft_UART_Init36
0x02F2	0x0870      	MOVF       R0, 0
0x02F3	0x0275      	SUBWF      R5, 0
L__Soft_UART_Init36:
0x02F4	0x1803      	BTFSC      STATUS, 0
0x02F5	0x2AF7      	GOTO       L_Soft_UART_Init25
;__Lib_SoftUART.c,194 :: 		
0x02F6	0x0AA6      	INCF       __Lib_SoftUART_FullBit, 1
L_Soft_UART_Init25:
;__Lib_SoftUART.c,196 :: 		
0x02F7	0x0826      	MOVF       __Lib_SoftUART_FullBit, 0
0x02F8	0x00F1      	MOVWF      R1
0x02F9	0x36F1      	LSRF       R1, 1
0x02FA	0x0871      	MOVF       R1, 0
0x02FB	0x00A5      	MOVWF      __Lib_SoftUART_HalfBit
;__Lib_SoftUART.c,198 :: 		
0x02FC	0x3007      	MOVLW      7
0x02FD	0x0271      	SUBWF      R1, 0
0x02FE	0x1803      	BTFSC      STATUS, 0
0x02FF	0x2B03      	GOTO       L_Soft_UART_Init26
;__Lib_SoftUART.c,199 :: 		
0x0300	0x3001      	MOVLW      1
0x0301	0x00F0      	MOVWF      R0
0x0302	0x2B04      	GOTO       L_end_Soft_UART_Init
L_Soft_UART_Init26:
;__Lib_SoftUART.c,201 :: 		
0x0303	0x01F0      	CLRF       R0
;__Lib_SoftUART.c,202 :: 		
L_end_Soft_UART_Init:
0x0304	0x0008      	RETURN
; end of _Soft_UART_Init
_Delay_Cyc:
;__Lib_Delays.c,65 :: 		void Delay_Cyc(char cycles_div_by_10)  { // Cycles_div_by_10: min 3, max 255
;__Lib_Delays.c,67 :: 		--cycles_div_by_10;
0x0305	0x0020      	MOVLB      0
0x0306	0x03B3      	DECF       FARG_Delay_Cyc_cycles_div_by_10, 1
;__Lib_Delays.c,68 :: 		--cycles_div_by_10;
0x0307	0x03B3      	DECF       FARG_Delay_Cyc_cycles_div_by_10, 1
;__Lib_Delays.c,69 :: 		while (cycles_div_by_10 > 0) {
L_Delay_Cyc13:
0x0308	0x0833      	MOVF       FARG_Delay_Cyc_cycles_div_by_10, 0
0x0309	0x3C00      	SUBLW      0
0x030A	0x1803      	BTFSC      STATUS, 0
0x030B	0x2B11      	GOTO       L_Delay_Cyc14
;__Lib_Delays.c,70 :: 		--cycles_div_by_10;
0x030C	0x03B3      	DECF       FARG_Delay_Cyc_cycles_div_by_10, 1
;__Lib_Delays.c,71 :: 		asm nop;
0x030D	0x0000      	NOP
;__Lib_Delays.c,72 :: 		asm nop;
0x030E	0x0000      	NOP
;__Lib_Delays.c,73 :: 		asm nop;
0x030F	0x0000      	NOP
;__Lib_Delays.c,74 :: 		}
0x0310	0x2B08      	GOTO       L_Delay_Cyc13
L_Delay_Cyc14:
;__Lib_Delays.c,75 :: 		asm nop;
0x0311	0x0000      	NOP
;__Lib_Delays.c,76 :: 		asm nop;
0x0312	0x0000      	NOP
;__Lib_Delays.c,77 :: 		asm nop;
0x0313	0x0000      	NOP
;__Lib_Delays.c,78 :: 		asm nop;
0x0314	0x0000      	NOP
;__Lib_Delays.c,79 :: 		asm nop;
0x0315	0x0000      	NOP
;__Lib_Delays.c,80 :: 		}
L_end_Delay_Cyc:
0x0316	0x0008      	RETURN
; end of _Delay_Cyc
_Move:
;A_controller_v2.c,52 :: 		void Move(int button)
;A_controller_v2.c,57 :: 		switch(button){
0x0317	0x2BCF      	GOTO       L_Move6
;A_controller_v2.c,59 :: 		case 0x01: speed += 3;
L_Move8:
0x0318	0x3003      	MOVLW      3
0x0319	0x0020      	MOVLB      0
0x031A	0x0721      	ADDWF      Move_speed_L0, 0
0x031B	0x00F1      	MOVWF      R1
0x031C	0x3000      	MOVLW      0
0x031D	0x3D22      	ADDWFC     Move_speed_L0+1, 0
0x031E	0x00F2      	MOVWF      R2
0x031F	0x0871      	MOVF       R1, 0
0x0320	0x00A1      	MOVWF      Move_speed_L0
0x0321	0x0872      	MOVF       R2, 0
0x0322	0x00A2      	MOVWF      Move_speed_L0+1
;A_controller_v2.c,60 :: 		if(speed >= STRAIGHT_SPEED)
0x0323	0x3080      	MOVLW      128
0x0324	0x0672      	XORWF      R2, 0
0x0325	0x00F0      	MOVWF      R0
0x0326	0x3080      	MOVLW      128
0x0327	0x0270      	SUBWF      R0, 0
0x0328	0x1D03      	BTFSS      STATUS, 2
0x0329	0x2B2C      	GOTO       L__Move40
0x032A	0x307F      	MOVLW      127
0x032B	0x0271      	SUBWF      R1, 0
L__Move40:
0x032C	0x1C03      	BTFSS      STATUS, 0
0x032D	0x2B32      	GOTO       L_Move9
;A_controller_v2.c,61 :: 		speed = STRAIGHT_SPEED;
0x032E	0x307F      	MOVLW      127
0x032F	0x00A1      	MOVWF      Move_speed_L0
0x0330	0x3000      	MOVLW      0
0x0331	0x00A2      	MOVWF      Move_speed_L0+1
L_Move9:
;A_controller_v2.c,63 :: 		break;
0x0332	0x2C11      	GOTO       L_Move7
;A_controller_v2.c,65 :: 		case 0x02: speed += 3;
L_Move10:
0x0333	0x3003      	MOVLW      3
0x0334	0x0721      	ADDWF      Move_speed_L0, 0
0x0335	0x00F1      	MOVWF      R1
0x0336	0x3000      	MOVLW      0
0x0337	0x3D22      	ADDWFC     Move_speed_L0+1, 0
0x0338	0x00F2      	MOVWF      R2
0x0339	0x0871      	MOVF       R1, 0
0x033A	0x00A1      	MOVWF      Move_speed_L0
0x033B	0x0872      	MOVF       R2, 0
0x033C	0x00A2      	MOVWF      Move_speed_L0+1
;A_controller_v2.c,66 :: 		if(speed >= STRAIGHT_SPEED)
0x033D	0x3080      	MOVLW      128
0x033E	0x0672      	XORWF      R2, 0
0x033F	0x00F0      	MOVWF      R0
0x0340	0x3080      	MOVLW      128
0x0341	0x0270      	SUBWF      R0, 0
0x0342	0x1D03      	BTFSS      STATUS, 2
0x0343	0x2B46      	GOTO       L__Move41
0x0344	0x307F      	MOVLW      127
0x0345	0x0271      	SUBWF      R1, 0
L__Move41:
0x0346	0x1C03      	BTFSS      STATUS, 0
0x0347	0x2B4C      	GOTO       L_Move11
;A_controller_v2.c,67 :: 		speed = STRAIGHT_SPEED;
0x0348	0x307F      	MOVLW      127
0x0349	0x00A1      	MOVWF      Move_speed_L0
0x034A	0x3000      	MOVLW      0
0x034B	0x00A2      	MOVWF      Move_speed_L0+1
L_Move11:
;A_controller_v2.c,69 :: 		break;
0x034C	0x2C11      	GOTO       L_Move7
;A_controller_v2.c,71 :: 		case 0x04: speed += 3;
L_Move12:
0x034D	0x3003      	MOVLW      3
0x034E	0x0721      	ADDWF      Move_speed_L0, 0
0x034F	0x00F1      	MOVWF      R1
0x0350	0x3000      	MOVLW      0
0x0351	0x3D22      	ADDWFC     Move_speed_L0+1, 0
0x0352	0x00F2      	MOVWF      R2
0x0353	0x0871      	MOVF       R1, 0
0x0354	0x00A1      	MOVWF      Move_speed_L0
0x0355	0x0872      	MOVF       R2, 0
0x0356	0x00A2      	MOVWF      Move_speed_L0+1
;A_controller_v2.c,72 :: 		if(speed >= TURN_SPEED)
0x0357	0x3080      	MOVLW      128
0x0358	0x0672      	XORWF      R2, 0
0x0359	0x00F0      	MOVWF      R0
0x035A	0x3080      	MOVLW      128
0x035B	0x0270      	SUBWF      R0, 0
0x035C	0x1D03      	BTFSS      STATUS, 2
0x035D	0x2B60      	GOTO       L__Move42
0x035E	0x3040      	MOVLW      64
0x035F	0x0271      	SUBWF      R1, 0
L__Move42:
0x0360	0x1C03      	BTFSS      STATUS, 0
0x0361	0x2B66      	GOTO       L_Move13
;A_controller_v2.c,73 :: 		speed = TURN_SPEED;
0x0362	0x3040      	MOVLW      64
0x0363	0x00A1      	MOVWF      Move_speed_L0
0x0364	0x3000      	MOVLW      0
0x0365	0x00A2      	MOVWF      Move_speed_L0+1
L_Move13:
;A_controller_v2.c,75 :: 		break;
0x0366	0x2C11      	GOTO       L_Move7
;A_controller_v2.c,77 :: 		case 0x08: speed += 3;
L_Move14:
0x0367	0x3003      	MOVLW      3
0x0368	0x0721      	ADDWF      Move_speed_L0, 0
0x0369	0x00F1      	MOVWF      R1
0x036A	0x3000      	MOVLW      0
0x036B	0x3D22      	ADDWFC     Move_speed_L0+1, 0
0x036C	0x00F2      	MOVWF      R2
0x036D	0x0871      	MOVF       R1, 0
0x036E	0x00A1      	MOVWF      Move_speed_L0
0x036F	0x0872      	MOVF       R2, 0
0x0370	0x00A2      	MOVWF      Move_speed_L0+1
;A_controller_v2.c,78 :: 		if(speed >= TURN_SPEED)
0x0371	0x3080      	MOVLW      128
0x0372	0x0672      	XORWF      R2, 0
0x0373	0x00F0      	MOVWF      R0
0x0374	0x3080      	MOVLW      128
0x0375	0x0270      	SUBWF      R0, 0
0x0376	0x1D03      	BTFSS      STATUS, 2
0x0377	0x2B7A      	GOTO       L__Move43
0x0378	0x3040      	MOVLW      64
0x0379	0x0271      	SUBWF      R1, 0
L__Move43:
0x037A	0x1C03      	BTFSS      STATUS, 0
0x037B	0x2B80      	GOTO       L_Move15
;A_controller_v2.c,79 :: 		speed = TURN_SPEED;
0x037C	0x3040      	MOVLW      64
0x037D	0x00A1      	MOVWF      Move_speed_L0
0x037E	0x3000      	MOVLW      0
0x037F	0x00A2      	MOVWF      Move_speed_L0+1
L_Move15:
;A_controller_v2.c,81 :: 		break;
0x0380	0x2C11      	GOTO       L_Move7
;A_controller_v2.c,83 :: 		case 0x40: speed += 3;
L_Move16:
0x0381	0x3003      	MOVLW      3
0x0382	0x0721      	ADDWF      Move_speed_L0, 0
0x0383	0x00F1      	MOVWF      R1
0x0384	0x3000      	MOVLW      0
0x0385	0x3D22      	ADDWFC     Move_speed_L0+1, 0
0x0386	0x00F2      	MOVWF      R2
0x0387	0x0871      	MOVF       R1, 0
0x0388	0x00A1      	MOVWF      Move_speed_L0
0x0389	0x0872      	MOVF       R2, 0
0x038A	0x00A2      	MOVWF      Move_speed_L0+1
;A_controller_v2.c,84 :: 		if(speed >= CURVE_SPEED)
0x038B	0x3080      	MOVLW      128
0x038C	0x0672      	XORWF      R2, 0
0x038D	0x00F0      	MOVWF      R0
0x038E	0x3080      	MOVLW      128
0x038F	0x0270      	SUBWF      R0, 0
0x0390	0x1D03      	BTFSS      STATUS, 2
0x0391	0x2B94      	GOTO       L__Move44
0x0392	0x3066      	MOVLW      102
0x0393	0x0271      	SUBWF      R1, 0
L__Move44:
0x0394	0x1C03      	BTFSS      STATUS, 0
0x0395	0x2B9A      	GOTO       L_Move17
;A_controller_v2.c,85 :: 		speed = CURVE_SPEED;
0x0396	0x3066      	MOVLW      102
0x0397	0x00A1      	MOVWF      Move_speed_L0
0x0398	0x3000      	MOVLW      0
0x0399	0x00A2      	MOVWF      Move_speed_L0+1
L_Move17:
;A_controller_v2.c,87 :: 		break;
0x039A	0x2C11      	GOTO       L_Move7
;A_controller_v2.c,89 :: 		case 0x80: speed += 3;
L_Move18:
0x039B	0x3003      	MOVLW      3
0x039C	0x0721      	ADDWF      Move_speed_L0, 0
0x039D	0x00F1      	MOVWF      R1
0x039E	0x3000      	MOVLW      0
0x039F	0x3D22      	ADDWFC     Move_speed_L0+1, 0
0x03A0	0x00F2      	MOVWF      R2
0x03A1	0x0871      	MOVF       R1, 0
0x03A2	0x00A1      	MOVWF      Move_speed_L0
0x03A3	0x0872      	MOVF       R2, 0
0x03A4	0x00A2      	MOVWF      Move_speed_L0+1
;A_controller_v2.c,90 :: 		if(speed >= CURVE_SPEED)
0x03A5	0x3080      	MOVLW      128
0x03A6	0x0672      	XORWF      R2, 0
0x03A7	0x00F0      	MOVWF      R0
0x03A8	0x3080      	MOVLW      128
0x03A9	0x0270      	SUBWF      R0, 0
0x03AA	0x1D03      	BTFSS      STATUS, 2
0x03AB	0x2BAE      	GOTO       L__Move45
0x03AC	0x3066      	MOVLW      102
0x03AD	0x0271      	SUBWF      R1, 0
L__Move45:
0x03AE	0x1C03      	BTFSS      STATUS, 0
0x03AF	0x2BB4      	GOTO       L_Move19
;A_controller_v2.c,91 :: 		speed = CURVE_SPEED;
0x03B0	0x3066      	MOVLW      102
0x03B1	0x00A1      	MOVWF      Move_speed_L0
0x03B2	0x3000      	MOVLW      0
0x03B3	0x00A2      	MOVWF      Move_speed_L0+1
L_Move19:
;A_controller_v2.c,93 :: 		break;
0x03B4	0x2C11      	GOTO       L_Move7
;A_controller_v2.c,95 :: 		case 0x10: before_command = button;
L_Move20:
;A_controller_v2.c,96 :: 		break;
0x03B5	0x2C11      	GOTO       L_Move7
;A_controller_v2.c,98 :: 		case 0x20: before_command = button;
L_Move21:
;A_controller_v2.c,99 :: 		break;
0x03B6	0x2C11      	GOTO       L_Move7
;A_controller_v2.c,101 :: 		default  : speed -= 3;
L_Move22:
0x03B7	0x3003      	MOVLW      3
0x03B8	0x0221      	SUBWF      Move_speed_L0, 0
0x03B9	0x00F1      	MOVWF      R1
0x03BA	0x3000      	MOVLW      0
0x03BB	0x3B22      	SUBWFB     Move_speed_L0+1, 0
0x03BC	0x00F2      	MOVWF      R2
0x03BD	0x0871      	MOVF       R1, 0
0x03BE	0x00A1      	MOVWF      Move_speed_L0
0x03BF	0x0872      	MOVF       R2, 0
0x03C0	0x00A2      	MOVWF      Move_speed_L0+1
;A_controller_v2.c,102 :: 		if(speed <= STOP)
0x03C1	0x3080      	MOVLW      128
0x03C2	0x00F0      	MOVWF      R0
0x03C3	0x3080      	MOVLW      128
0x03C4	0x0672      	XORWF      R2, 0
0x03C5	0x0270      	SUBWF      R0, 0
0x03C6	0x1D03      	BTFSS      STATUS, 2
0x03C7	0x2BCA      	GOTO       L__Move46
0x03C8	0x0871      	MOVF       R1, 0
0x03C9	0x3C00      	SUBLW      0
L__Move46:
0x03CA	0x1C03      	BTFSS      STATUS, 0
0x03CB	0x2BCE      	GOTO       L_Move23
;A_controller_v2.c,103 :: 		speed = STOP;
0x03CC	0x01A1      	CLRF       Move_speed_L0
0x03CD	0x01A2      	CLRF       Move_speed_L0+1
L_Move23:
;A_controller_v2.c,104 :: 		break;
0x03CE	0x2C11      	GOTO       L_Move7
;A_controller_v2.c,155 :: 		}
L_Move6:
0x03CF	0x0020      	MOVLB      0
0x03D0	0x3000      	MOVLW      0
0x03D1	0x0630      	XORWF      FARG_Move_button+1, 0
0x03D2	0x1D03      	BTFSS      STATUS, 2
0x03D3	0x2BD6      	GOTO       L__Move47
0x03D4	0x3001      	MOVLW      1
0x03D5	0x062F      	XORWF      FARG_Move_button, 0
L__Move47:
0x03D6	0x1903      	BTFSC      STATUS, 2
0x03D7	0x2B18      	GOTO       L_Move8
0x03D8	0x3000      	MOVLW      0
0x03D9	0x0630      	XORWF      FARG_Move_button+1, 0
0x03DA	0x1D03      	BTFSS      STATUS, 2
0x03DB	0x2BDE      	GOTO       L__Move48
0x03DC	0x3002      	MOVLW      2
0x03DD	0x062F      	XORWF      FARG_Move_button, 0
L__Move48:
0x03DE	0x1903      	BTFSC      STATUS, 2
0x03DF	0x2B33      	GOTO       L_Move10
0x03E0	0x3000      	MOVLW      0
0x03E1	0x0630      	XORWF      FARG_Move_button+1, 0
0x03E2	0x1D03      	BTFSS      STATUS, 2
0x03E3	0x2BE6      	GOTO       L__Move49
0x03E4	0x3004      	MOVLW      4
0x03E5	0x062F      	XORWF      FARG_Move_button, 0
L__Move49:
0x03E6	0x1903      	BTFSC      STATUS, 2
0x03E7	0x2B4D      	GOTO       L_Move12
0x03E8	0x3000      	MOVLW      0
0x03E9	0x0630      	XORWF      FARG_Move_button+1, 0
0x03EA	0x1D03      	BTFSS      STATUS, 2
0x03EB	0x2BEE      	GOTO       L__Move50
0x03EC	0x3008      	MOVLW      8
0x03ED	0x062F      	XORWF      FARG_Move_button, 0
L__Move50:
0x03EE	0x1903      	BTFSC      STATUS, 2
0x03EF	0x2B67      	GOTO       L_Move14
0x03F0	0x3000      	MOVLW      0
0x03F1	0x0630      	XORWF      FARG_Move_button+1, 0
0x03F2	0x1D03      	BTFSS      STATUS, 2
0x03F3	0x2BF6      	GOTO       L__Move51
0x03F4	0x3040      	MOVLW      64
0x03F5	0x062F      	XORWF      FARG_Move_button, 0
L__Move51:
0x03F6	0x1903      	BTFSC      STATUS, 2
0x03F7	0x2B81      	GOTO       L_Move16
0x03F8	0x3000      	MOVLW      0
0x03F9	0x0630      	XORWF      FARG_Move_button+1, 0
0x03FA	0x1D03      	BTFSS      STATUS, 2
0x03FB	0x2BFE      	GOTO       L__Move52
0x03FC	0x3080      	MOVLW      128
0x03FD	0x062F      	XORWF      FARG_Move_button, 0
L__Move52:
0x03FE	0x1903      	BTFSC      STATUS, 2
0x03FF	0x2B9B      	GOTO       L_Move18
0x0400	0x3000      	MOVLW      0
0x0401	0x0630      	XORWF      FARG_Move_button+1, 0
0x0402	0x1D03      	BTFSS      STATUS, 2
0x0403	0x2C06      	GOTO       L__Move53
0x0404	0x3010      	MOVLW      16
0x0405	0x062F      	XORWF      FARG_Move_button, 0
L__Move53:
0x0406	0x1903      	BTFSC      STATUS, 2
0x0407	0x2BB5      	GOTO       L_Move20
0x0408	0x3000      	MOVLW      0
0x0409	0x0630      	XORWF      FARG_Move_button+1, 0
0x040A	0x1D03      	BTFSS      STATUS, 2
0x040B	0x2C0E      	GOTO       L__Move54
0x040C	0x3020      	MOVLW      32
0x040D	0x062F      	XORWF      FARG_Move_button, 0
L__Move54:
0x040E	0x1903      	BTFSC      STATUS, 2
0x040F	0x2BB6      	GOTO       L_Move21
0x0410	0x2BB7      	GOTO       L_Move22
L_Move7:
;A_controller_v2.c,156 :: 		}
L_end_Move:
0x0411	0x0008      	RETURN
; end of _Move
_Soft_UART_Read:
;__Lib_SoftUART.c,41 :: 		
;__Lib_SoftUART.c,44 :: 		
0x0412	0x0020      	MOVLB      0
0x0413	0x082F      	MOVF       FARG_Soft_UART_Read_error, 0
0x0414	0x0086      	MOVWF      FSR1
0x0415	0x0830      	MOVF       FARG_Soft_UART_Read_error+1, 0
0x0416	0x0087      	MOVWF      FSR1H
0x0417	0x0181      	CLRF       INDF1
;__Lib_SoftUART.c,45 :: 		
0x0418	0x3001      	MOVLW      1
0x0419	0x00B2      	MOVWF      Soft_UART_Read_mask_L0
;__Lib_SoftUART.c,46 :: 		
0x041A	0x01B1      	CLRF       Soft_UART_Read_result_L0
;__Lib_SoftUART.c,48 :: 		
0x041B	0x102C      	BCF        __Lib_SoftUART___StopWaiting, BitPos(__Lib_SoftUART___StopWaiting+0)
;__Lib_SoftUART.c,50 :: 		
0x041C	0x0828      	MOVF       __Lib_SoftUART__port_addr, 0
0x041D	0x0084      	MOVWF      FSR0
0x041E	0x0829      	MOVF       __Lib_SoftUART__port_addr+1, 0
0x041F	0x0085      	MOVWF      FSR0H
;__Lib_SoftUART.c,53 :: 		
0x0420	0x0823      	MOVF       __Lib_SoftUART_InvertMaskRd, 0
0x0421	0x3A00      	XORLW      0
0x0422	0x1D03      	BTFSS      STATUS, 2
0x0423	0x2C38      	GOTO       L_Soft_UART_Read0
;__Lib_SoftUART.c,55 :: 		
L_Soft_UART_Read1:
0x0424	0x0827      	MOVF       __Lib_SoftUART__rx_mask1, 0
0x0425	0x0500      	ANDWF      INDF0, 0
0x0426	0x00F1      	MOVWF      R1
0x0427	0x0871      	MOVF       R1, 0
0x0428	0x3A00      	XORLW      0
0x0429	0x1903      	BTFSC      STATUS, 2
0x042A	0x2C37      	GOTO       L_Soft_UART_Read2
;__Lib_SoftUART.c,56 :: 		
0x042B	0x1C2C      	BTFSS      __Lib_SoftUART___StopWaiting, BitPos(__Lib_SoftUART___StopWaiting+0)
0x042C	0x2C36      	GOTO       L_Soft_UART_Read3
;__Lib_SoftUART.c,57 :: 		
0x042D	0x082F      	MOVF       FARG_Soft_UART_Read_error, 0
0x042E	0x0086      	MOVWF      FSR1
0x042F	0x0830      	MOVF       FARG_Soft_UART_Read_error+1, 0
0x0430	0x0087      	MOVWF      FSR1H
0x0431	0x30FF      	MOVLW      255
0x0432	0x0081      	MOVWF      INDF1
;__Lib_SoftUART.c,58 :: 		
0x0433	0x0831      	MOVF       Soft_UART_Read_result_L0, 0
0x0434	0x00F0      	MOVWF      R0
0x0435	0x2C91      	GOTO       L_end_Soft_UART_Read
;__Lib_SoftUART.c,59 :: 		
L_Soft_UART_Read3:
;__Lib_SoftUART.c,60 :: 		
0x0436	0x2C24      	GOTO       L_Soft_UART_Read1
L_Soft_UART_Read2:
0x0437	0x2C4B      	GOTO       L_Soft_UART_Read4
L_Soft_UART_Read0:
;__Lib_SoftUART.c,63 :: 		
L_Soft_UART_Read5:
0x0438	0x0827      	MOVF       __Lib_SoftUART__rx_mask1, 0
0x0439	0x0500      	ANDWF      INDF0, 0
0x043A	0x00F1      	MOVWF      R1
0x043B	0x0871      	MOVF       R1, 0
0x043C	0x3A00      	XORLW      0
0x043D	0x1D03      	BTFSS      STATUS, 2
0x043E	0x2C4B      	GOTO       L_Soft_UART_Read6
;__Lib_SoftUART.c,64 :: 		
0x043F	0x1C2C      	BTFSS      __Lib_SoftUART___StopWaiting, BitPos(__Lib_SoftUART___StopWaiting+0)
0x0440	0x2C4A      	GOTO       L_Soft_UART_Read7
;__Lib_SoftUART.c,65 :: 		
0x0441	0x082F      	MOVF       FARG_Soft_UART_Read_error, 0
0x0442	0x0086      	MOVWF      FSR1
0x0443	0x0830      	MOVF       FARG_Soft_UART_Read_error+1, 0
0x0444	0x0087      	MOVWF      FSR1H
0x0445	0x30FF      	MOVLW      255
0x0446	0x0081      	MOVWF      INDF1
;__Lib_SoftUART.c,66 :: 		
0x0447	0x0831      	MOVF       Soft_UART_Read_result_L0, 0
0x0448	0x00F0      	MOVWF      R0
0x0449	0x2C91      	GOTO       L_end_Soft_UART_Read
;__Lib_SoftUART.c,67 :: 		
L_Soft_UART_Read7:
;__Lib_SoftUART.c,68 :: 		
0x044A	0x2C38      	GOTO       L_Soft_UART_Read5
L_Soft_UART_Read6:
L_Soft_UART_Read4:
;__Lib_SoftUART.c,70 :: 		
0x044B	0x0825      	MOVF       __Lib_SoftUART_HalfBit, 0
0x044C	0x00B3      	MOVWF      FARG_Delay_Cyc_cycles_div_by_10
0x044D	0x2305      	CALL       _Delay_Cyc
;__Lib_SoftUART.c,71 :: 		
0x044E	0x0826      	MOVF       __Lib_SoftUART_FullBit, 0
0x044F	0x00B3      	MOVWF      FARG_Delay_Cyc_cycles_div_by_10
0x0450	0x2305      	CALL       _Delay_Cyc
;__Lib_SoftUART.c,74 :: 		
L_Soft_UART_Read8:
0x0451	0x0832      	MOVF       Soft_UART_Read_mask_L0, 0
0x0452	0x1903      	BTFSC      STATUS, 2
0x0453	0x2C69      	GOTO       L_Soft_UART_Read9
;__Lib_SoftUART.c,76 :: 		
0x0454	0x0827      	MOVF       __Lib_SoftUART__rx_mask1, 0
0x0455	0x0500      	ANDWF      INDF0, 0
0x0456	0x00F1      	MOVWF      R1
0x0457	0x0871      	MOVF       R1, 0
0x0458	0x3A00      	XORLW      0
0x0459	0x1903      	BTFSC      STATUS, 2
0x045A	0x2C5D      	GOTO       L_Soft_UART_Read10
;__Lib_SoftUART.c,77 :: 		
0x045B	0x0832      	MOVF       Soft_UART_Read_mask_L0, 0
0x045C	0x04B1      	IORWF       Soft_UART_Read_result_L0, 1
L_Soft_UART_Read10:
;__Lib_SoftUART.c,78 :: 		
0x045D	0x35B2      	LSLF       Soft_UART_Read_mask_L0, 1
;__Lib_SoftUART.c,81 :: 		
0x045E	0x3002      	MOVLW      2
0x045F	0x0226      	SUBWF      __Lib_SoftUART_FullBit, 0
0x0460	0x00B3      	MOVWF      FARG_Delay_Cyc_cycles_div_by_10
0x0461	0x2305      	CALL       _Delay_Cyc
;__Lib_SoftUART.c,82 :: 		
0x0462	0x0000      	NOP
;__Lib_SoftUART.c,83 :: 		
0x0463	0x0000      	NOP
;__Lib_SoftUART.c,84 :: 		
0x0464	0x0000      	NOP
;__Lib_SoftUART.c,85 :: 		
0x0465	0x0000      	NOP
;__Lib_SoftUART.c,86 :: 		
0x0466	0x0000      	NOP
;__Lib_SoftUART.c,87 :: 		
0x0467	0x0000      	NOP
;__Lib_SoftUART.c,88 :: 		
0x0468	0x2C51      	GOTO       L_Soft_UART_Read8
L_Soft_UART_Read9:
;__Lib_SoftUART.c,91 :: 		
0x0469	0x0823      	MOVF       __Lib_SoftUART_InvertMaskRd, 0
0x046A	0x3A00      	XORLW      0
0x046B	0x1D03      	BTFSS      STATUS, 2
0x046C	0x2C7D      	GOTO       L_Soft_UART_Read11
;__Lib_SoftUART.c,93 :: 		
0x046D	0x0827      	MOVF       __Lib_SoftUART__rx_mask1, 0
0x046E	0x0500      	ANDWF      INDF0, 0
0x046F	0x00F1      	MOVWF      R1
0x0470	0x0871      	MOVF       R1, 0
0x0471	0x3A00      	XORLW      0
0x0472	0x3001      	MOVLW      1
0x0473	0x1D03      	BTFSS      STATUS, 2
0x0474	0x3000      	MOVLW      0
0x0475	0x00F0      	MOVWF      R0
0x0476	0x082F      	MOVF       FARG_Soft_UART_Read_error, 0
0x0477	0x0086      	MOVWF      FSR1
0x0478	0x0830      	MOVF       FARG_Soft_UART_Read_error+1, 0
0x0479	0x0087      	MOVWF      FSR1H
0x047A	0x0870      	MOVF       R0, 0
0x047B	0x0081      	MOVWF      INDF1
0x047C	0x2C8C      	GOTO       L_Soft_UART_Read12
L_Soft_UART_Read11:
;__Lib_SoftUART.c,96 :: 		
0x047D	0x0827      	MOVF       __Lib_SoftUART__rx_mask1, 0
0x047E	0x0500      	ANDWF      INDF0, 0
0x047F	0x00F1      	MOVWF      R1
0x0480	0x0871      	MOVF       R1, 0
0x0481	0x3A00      	XORLW      0
0x0482	0x3001      	MOVLW      1
0x0483	0x1903      	BTFSC      STATUS, 2
0x0484	0x3000      	MOVLW      0
0x0485	0x00F0      	MOVWF      R0
0x0486	0x082F      	MOVF       FARG_Soft_UART_Read_error, 0
0x0487	0x0086      	MOVWF      FSR1
0x0488	0x0830      	MOVF       FARG_Soft_UART_Read_error+1, 0
0x0489	0x0087      	MOVWF      FSR1H
0x048A	0x0870      	MOVF       R0, 0
0x048B	0x0081      	MOVWF      INDF1
L_Soft_UART_Read12:
;__Lib_SoftUART.c,98 :: 		
0x048C	0x0823      	MOVF       __Lib_SoftUART_InvertMaskRd, 0
0x048D	0x0631      	XORWF      Soft_UART_Read_result_L0, 0
0x048E	0x00F0      	MOVWF      R0
0x048F	0x0870      	MOVF       R0, 0
0x0490	0x00B1      	MOVWF      Soft_UART_Read_result_L0
;__Lib_SoftUART.c,99 :: 		
;__Lib_SoftUART.c,100 :: 		
L_end_Soft_UART_Read:
0x0491	0x0008      	RETURN
; end of _Soft_UART_Read
_SetUp:
;A_controller_v2.c,34 :: 		void SetUp()
;A_controller_v2.c,36 :: 		OSCCON = 0x70;
0x0492	0x3070      	MOVLW      112
0x0493	0x0021      	MOVLB      1
0x0494	0x0099      	MOVWF      OSCCON
;A_controller_v2.c,38 :: 		ANSELA = 0x00;
0x0495	0x0023      	MOVLB      3
0x0496	0x018C      	CLRF       ANSELA
;A_controller_v2.c,39 :: 		ANSELB = 0x00;
0x0497	0x018D      	CLRF       ANSELB
;A_controller_v2.c,41 :: 		TRISA  = 0x00;
0x0498	0x0021      	MOVLB      1
0x0499	0x018C      	CLRF       TRISA
;A_controller_v2.c,42 :: 		TRISB  = 0x00;
0x049A	0x018D      	CLRF       TRISB
;A_controller_v2.c,44 :: 		PORTA  = 0x00;
0x049B	0x0020      	MOVLB      0
0x049C	0x018C      	CLRF       PORTA
;A_controller_v2.c,45 :: 		PORTB  = 0x00;
0x049D	0x018D      	CLRF       PORTB
;A_controller_v2.c,47 :: 		Soft_UART_Init(&PORTB, 4, 3, 9600, 0);
0x049E	0x300D      	MOVLW      PORTB
0x049F	0x00B3      	MOVWF      FARG_Soft_UART_Init_port
0x04A0	0x3000      	MOVLW      hi_addr(PORTB)
0x04A1	0x00B4      	MOVWF      FARG_Soft_UART_Init_port+1
0x04A2	0x3004      	MOVLW      4
0x04A3	0x00B5      	MOVWF      FARG_Soft_UART_Init_rx_pin
0x04A4	0x3003      	MOVLW      3
0x04A5	0x00B6      	MOVWF      FARG_Soft_UART_Init_tx_pin
0x04A6	0x3080      	MOVLW      128
0x04A7	0x00B7      	MOVWF      FARG_Soft_UART_Init_baud_rate
0x04A8	0x3025      	MOVLW      37
0x04A9	0x00B8      	MOVWF      FARG_Soft_UART_Init_baud_rate+1
0x04AA	0x01B9      	CLRF       FARG_Soft_UART_Init_baud_rate+2
0x04AB	0x01BA      	CLRF       FARG_Soft_UART_Init_baud_rate+3
0x04AC	0x01BB      	CLRF       FARG_Soft_UART_Init_inverted
0x04AD	0x222A      	CALL       _Soft_UART_Init
;A_controller_v2.c,49 :: 		Delay_ms(10);
0x04AE	0x301A      	MOVLW      26
0x04AF	0x00FC      	MOVWF      R12
0x04B0	0x30F8      	MOVLW      248
0x04B1	0x00FD      	MOVWF      R13
L_SetUp5:
0x04B2	0x0BFD      	DECFSZ     R13, 1
0x04B3	0x2CB2      	GOTO       L_SetUp5
0x04B4	0x0BFC      	DECFSZ     R12, 1
0x04B5	0x2CB2      	GOTO       L_SetUp5
0x04B6	0x0000      	NOP
;A_controller_v2.c,50 :: 		}
L_end_SetUp:
0x04B7	0x0008      	RETURN
; end of _SetUp
___CC2DW:
;__Lib_System.c,71 :: 		
;__Lib_System.c,73 :: 		
_CC2DL_Loop1:
;__Lib_System.c,74 :: 		
0x04B8	0x0012      	MOVIW      INDF0++ 
;__Lib_System.c,75 :: 		
0x04B9	0x001E      	MOVWI      INDF1++ 
;__Lib_System.c,76 :: 		
0x04BA	0x03F0      	DECF       R0, 1
;__Lib_System.c,77 :: 		
0x04BB	0x1D03      	BTFSS      STATUS, 2
;__Lib_System.c,78 :: 		
0x04BC	0x2CB8      	GOTO       _CC2DL_Loop1
;__Lib_System.c,79 :: 		
0x04BD	0x03F1      	DECF       R1, 1
;__Lib_System.c,80 :: 		
0x04BE	0x1D03      	BTFSS      STATUS, 2
;__Lib_System.c,81 :: 		
0x04BF	0x2CB8      	GOTO       _CC2DL_Loop1
;__Lib_System.c,83 :: 		
L_end___CC2DW:
0x04C0	0x0008      	RETURN
; end of ___CC2DW
_Main:
0x04C1	0x0020      	MOVLB      0
0x04C2	0x01A1      	CLRF       Move_speed_L0
0x04C3	0x01A2      	CLRF       34
;A_controller_v2.c,18 :: 		void Main()
;A_controller_v2.c,20 :: 		char error = 0;
0x04C4	0x01AD      	CLRF       Main_error_L0
0x04C5	0x01AE      	CLRF       Main_button_L0
;A_controller_v2.c,23 :: 		SetUp();
0x04C6	0x2492      	CALL       _SetUp
;A_controller_v2.c,25 :: 		while(1){
L_Main0:
;A_controller_v2.c,26 :: 		do{
L_Main2:
0x04C7	0x0020      	MOVLB      0
;A_controller_v2.c,27 :: 		button = Soft_UART_Read(&error);
0x04C8	0x302D      	MOVLW      Main_error_L0
0x04C9	0x00AF      	MOVWF      FARG_Soft_UART_Read_error
0x04CA	0x3000      	MOVLW      hi_addr(Main_error_L0)
0x04CB	0x00B0      	MOVWF      FARG_Soft_UART_Read_error+1
0x04CC	0x2412      	CALL       _Soft_UART_Read
0x04CD	0x0870      	MOVF       R0, 0
0x04CE	0x00AE      	MOVWF      Main_button_L0
;A_controller_v2.c,28 :: 		}while(error);
0x04CF	0x082D      	MOVF       Main_error_L0, 0
0x04D0	0x1D03      	BTFSS      STATUS, 2
0x04D1	0x2CC7      	GOTO       L_Main2
;A_controller_v2.c,30 :: 		Move(button);
0x04D2	0x082E      	MOVF       Main_button_L0, 0
0x04D3	0x00AF      	MOVWF      FARG_Move_button
0x04D4	0x01B0      	CLRF       FARG_Move_button+1
0x04D5	0x2317      	CALL       _Move
;A_controller_v2.c,31 :: 		}
0x04D6	0x2CC7      	GOTO       L_Main0
;A_controller_v2.c,32 :: 		}
L_end_Main:
0x04D7	0x2CD7      	GOTO       $+0
; end of _Main
Symbol List:
//** Routines locations **
//ADDRESS    SIZE    PROCEDURE
//----------------------------------------------
0x0003     [300]    _SDIV3232L
0x012F      [12]    _COMFREM
0x013B      [54]    _Mul_32x32_U
0x0171       [7]    _Get_Fosc_kHz
0x0178     [178]    _Div_32x32_S
0x022A     [219]    _Soft_UART_Init
0x0305      [18]    _Delay_Cyc
0x0317     [251]    _Move
0x0412     [128]    _Soft_UART_Read
0x0492      [38]    _SetUp
0x04B8       [9]    ___CC2DW
0x04C1      [23]    _Main
//** Variables locations ** 
//ADDRESS    SIZE    VARIABLE
//----------------------------------------------
0x0000       [1]    INDF0
0x0001       [1]    INDF1
0x0003       [1]    STATUS
0x0004       [2]    FSR0
0x0004       [1]    FSR0L
0x0005       [1]    FSR0H
0x0006       [1]    FSR1L
0x0007       [1]    FSR1H
0x000A       [1]    PCLATH
0x000C       [1]    PORTA
0x000D       [1]    PORTB
0x0020       [1]    ___math_tempb
0x0021       [2]    Move_speed_L0
0x0023       [1]    __Lib_SoftUART_InvertMaskRd
0x0024       [1]    __Lib_SoftUART__tx_mask0
0x0025       [1]    __Lib_SoftUART_HalfBit
0x0026       [1]    __Lib_SoftUART_FullBit
0x0027       [1]    __Lib_SoftUART__rx_mask1
0x0028       [2]    __Lib_SoftUART__port_addr
0x002A       [1]    __Lib_SoftUART__tx_mask1
0x002B       [1]    __Lib_SoftUART__rx_mask0
0x002C       [0]    __Lib_SoftUART___StopWaiting
0x002D       [1]    Main_error_L0
0x002E       [1]    Main_button_L0
0x002F       [2]    FARG_Move_button
0x002F       [2]    FARG_Soft_UART_Read_error
0x0031       [1]    Soft_UART_Read_result_L0
0x0032       [1]    Soft_UART_Read_mask_L0
0x0033       [1]    FARG_Delay_Cyc_cycles_div_by_10
0x0033       [2]    FARG_Soft_UART_Init_port
0x0035       [1]    FARG_Soft_UART_Init_rx_pin
0x0036       [1]    FARG_Soft_UART_Init_tx_pin
0x0037       [4]    FARG_Soft_UART_Init_baud_rate
0x003B       [1]    FARG_Soft_UART_Init_inverted
0x003C       [4]    Soft_UART_Init_q1_L0
0x0040       [4]    Soft_UART_Init_q2_L0
0x0044       [2]    Soft_UART_Init_temp_word_L0
0x0070       [1]    R0
0x0071       [1]    R1
0x0072       [1]    R2
0x0073       [1]    R3
0x0074       [1]    R4
0x0075       [1]    R5
0x0076       [1]    R6
0x0077       [1]    R7
0x0078       [1]    R8
0x0079       [1]    R9
0x007A       [1]    R10
0x007B       [1]    R11
0x007C       [1]    R12
0x007D       [1]    R13
0x007E       [1]    R14
0x007F       [1]    R15
0x008C       [1]    TRISA
0x008D       [1]    TRISB
0x0099       [1]    OSCCON
0x018C       [1]    ANSELA
0x018D       [1]    ANSELB
//** Label List: ** 
//----------------------------------------------
  L_Main0
  L_Main1
  L_Main2
  L_Main3
  L_Main4
  L_SetUp5
  L_Move6
  L_Move7
  L_Move8
  L_Move9
  L_Move10
  L_Move11
  L_Move12
  L_Move13
  L_Move14
  L_Move15
  L_Move16
  L_Move17
  L_Move18
  L_Move19
  L_Move20
  L_Move21
  L_Move22
  L_Move23
  L_Move24
  L_Move25
  L_Move26
  L_Move27
  L_Move28
  L_Move29
  L_Move30
  L_Move31
  L_Move32
  L_Move33
  L_Move34
  L_Move35
  L_RunMotor36
  L_end_Main
  _Main
  L_end_SetUp
  _SetUp
  L_end_Move
  _Move
  L__Move40
  L__Move41
  L__Move42
  L__Move43
  L__Move44
  L__Move45
  L__Move46
  L__Move47
  L__Move48
  L__Move49
  L__Move50
  L__Move51
  L__Move52
  L__Move53
  L__Move54
  L_end_RunMotor
  _RunMotor
  L_Delay_10us0
  L_Delay_22us1
  L_Delay_50us2
  L_Delay_80us3
  L_Delay_500us4
  L_Delay_5500us5
  L_Delay_1ms6
  L_Delay_5ms7
  L_Delay_8ms8
  L_Delay_10ms9
  L_Delay_100ms10
  L_Delay_1sec11
  L_boot16_Delay_5ms12
  L_Delay_Cyc13
  L_Delay_Cyc14
  L_VDelay_ms15
  L_VDelay_ms16
  L_VDelay_ms17
  L_VDelay_Advanced_ms18
  L_VDelay_Advanced_ms19
  L_VDelay_Advanced_ms20
  L_end_Get_Fosc_kHz
  _Get_Fosc_kHz
  L_end_Delay_1us
  _Delay_1us
  L_end_Delay_10us
  _Delay_10us
  L_end_Delay_22us
  _Delay_22us
  L_end_Delay_50us
  _Delay_50us
  L_end_Delay_80us
  _Delay_80us
  L_end_Delay_500us
  _Delay_500us
  L_end_Delay_5500us
  _Delay_5500us
  L_end_Delay_1ms
  _Delay_1ms
  L_end_Delay_5ms
  _Delay_5ms
  L_end_Delay_8ms
  _Delay_8ms
  L_end_Delay_10ms
  _Delay_10ms
  L_end_Delay_100ms
  _Delay_100ms
  L_end_Delay_1sec
  _Delay_1sec
  L_end_boot16_Delay_5ms
  _boot16_Delay_5ms
  L_end_Delay_Cyc
  _Delay_Cyc
  L_end_VDelay_ms
  _VDelay_ms
  L__VDelay_ms38
  L__VDelay_ms39
  L__VDelay_ms40
  L_end_VDelay_Advanced_ms
  _VDelay_Advanced_ms
  L__VDelay_Advanced_ms42
  L__VDelay_Advanced_ms43
  L__VDelay_Advanced_ms44
  L_Div_16x16_S0
  L_Div_16x16_S1
  LOOPS3232A
  SADD22LA
  SOK22LA
  SADD22L8
  SOK22L8
  LOOPS3232B
  SADD22LB
  SOK22LB
  SADD22L16
  SOK22L16
  LOOPS3232C
  SADD22LC
  SOK22LC
  SADD22L24
  SOK22L24
  LOOPS3232D
  SADD22LD
  SOK22LD
  SOK22L
  L_Div_32x32_S6
  L_Div_32x32_S7
  L_Div_32x32_S8
  L_Div_32x32_S9
  FXD3232S
  END_ALL
  CA3232S
  C3232SX
  C3232SX1
  C3232S
  C3232S2
  C3232SX4
  C3232SOK
  C3232SX3
  C3232SX2
  avoid_comfrem
  LOOPU3232A
  UADD22LA
  UOK22LA
  UADD22L8
  UOK22L8
  LOOPU3232B
  UADD22LB
  UOK22LB
  UADD22L16
  UOK22L16
  LOOPU3232C
  UADD22LC
  UOK22LC
  UADD22L24
  UOK22L24
  LOOPU3232D
  UADD22LD
  UOK22LD
  UOK22L
  _NEXT
  _EXIT2
  _LOOP
  _EXIT1
  _IF_FIRST
  _IF_SECOND
  _INVERCE_FIRST
  _MULT
  _INBERSE_SECOND
  _EXIT
  L_end_Mul_8x8_U
  _Mul_8x8_U
  L_end_Mul_16x16_U
  _Mul_16x16_U
  L_end_Div_8x8_U
  _Div_8x8_U
  L_end_Div_16x16_U
  _Div_16x16_U
  L_end_Mul_8x8_S
  _Mul_8x8_S
  L_end_Mul_16x16_S
  _Mul_16x16_S
  L_end_Div_16x16_S_L
  _Div_16x16_S_L
  L_end_Div_16x16_S
  _Div_16x16_S
  L_end_Div_8x8_S
  _Div_8x8_S
  L_end_SDIV3232L
  _SDIV3232L
  L_end_COMFREM
  _COMFREM
  L_end_Div_32x32_S
  _Div_32x32_S
  L_end_Div_32x32_U
  _Div_32x32_U
  L_end_Mul_32x32_U
  _Mul_32x32_U
  L_end_Mul_32x32_S
  _Mul_32x32_S
  L_Soft_UART_Read0
  L_Soft_UART_Read1
  L_Soft_UART_Read2
  L_Soft_UART_Read3
  L_Soft_UART_Read4
  L_Soft_UART_Read5
  L_Soft_UART_Read6
  L_Soft_UART_Read7
  L_Soft_UART_Read8
  L_Soft_UART_Read9
  L_Soft_UART_Read10
  L_Soft_UART_Read11
  L_Soft_UART_Read12
  L_Soft_UART_Write13
  L_Soft_UART_Write14
  L_Soft_UART_Write15
  L_Soft_UART_Write16
  L_Soft_UART_Write17
  L_Soft_UART_Write18
  L_Soft_UART_Write19
  L_Soft_UART_Write20
  L_Soft_UART_Init21
  L_Soft_UART_Init22
  L_Soft_UART_Init23
  L_Soft_UART_Init24
  L_Soft_UART_Init25
  L_Soft_UART_Init26
  L_Soft_UART_Init27
  L_end_Soft_UART_Break
  _Soft_UART_Break
  L_end_Soft_UART_Read
  _Soft_UART_Read
  L_end_Soft_UART_Write
  _Soft_UART_Write
  L_end_Soft_UART_Init
  _Soft_UART_Init
  L__Soft_UART_Init32
  L__Soft_UART_Init33
  L__Soft_UART_Init34
  L__Soft_UART_Init35
  L__Soft_UART_Init36
  L_CA2A_Loop
  L_CA2AW_Loop
  L_CS2S_Loop
  L_CS2S_End
  L_FZinS_Loop
  L_FZinS_End
  _CC2D_Loop1
  _CC2DL_Loop1
  L_end_____DoIFC
  _____DoIFC
  L_end___CA2A
  ___CA2A
  L_end___CA2AW
  ___CA2AW
  L_end___CS2S
  ___CS2S
  L_end___FZinS
  ___FZinS
  L_end___CC2D
  ___CC2D
  L_end___CC2DW
  ___CC2DW
  L_end_Swap
  _Swap
