;  LST file generated by mikroListExporter - v.2.0 
; Date/Time: 2014/10/26 3:09:08
;----------------------------------------------

;Address Opcode 	ASM
0x0000	0x281B      	GOTO       27
_Setup:
;light.c,43 :: 		void Setup()
;light.c,45 :: 		OSCCON = 0x70;
0x0003	0x3070      	MOVLW      112
0x0004	0x0021      	MOVLB      1
0x0005	0x0099      	MOVWF      OSCCON
;light.c,47 :: 		ANSELA = 0x00;
0x0006	0x0023      	MOVLB      3
0x0007	0x018C      	CLRF       ANSELA
;light.c,49 :: 		TRISA  = 0x00;
0x0008	0x0021      	MOVLB      1
0x0009	0x018C      	CLRF       TRISA
;light.c,51 :: 		PORTA  = 0x00;
0x000A	0x0020      	MOVLB      0
0x000B	0x018C      	CLRF       PORTA
;light.c,52 :: 		}
L_end_Setup:
0x000C	0x0008      	RETURN
; end of _Setup
___CC2DW:
;__Lib_System.c,71 :: 		
;__Lib_System.c,73 :: 		
_CC2DL_Loop1:
;__Lib_System.c,74 :: 		
0x000D	0x0012      	MOVIW      INDF0++ 
;__Lib_System.c,75 :: 		
0x000E	0x001E      	MOVWI      INDF1++ 
;__Lib_System.c,76 :: 		
0x000F	0x03F0      	DECF       R0, 1
;__Lib_System.c,77 :: 		
0x0010	0x1D03      	BTFSS      STATUS, 2
;__Lib_System.c,78 :: 		
0x0011	0x280D      	GOTO       _CC2DL_Loop1
;__Lib_System.c,79 :: 		
0x0012	0x03F1      	DECF       R1, 1
;__Lib_System.c,80 :: 		
0x0013	0x1D03      	BTFSS      STATUS, 2
;__Lib_System.c,81 :: 		
0x0014	0x280D      	GOTO       _CC2DL_Loop1
;__Lib_System.c,83 :: 		
L_end___CC2DW:
0x0015	0x0008      	RETURN
; end of ___CC2DW
_DAC_Init:
;light.c,54 :: 		void DAC_Init()
;light.c,56 :: 		DACCON0 = 0xE0;
0x0016	0x30E0      	MOVLW      224
0x0017	0x0022      	MOVLB      2
0x0018	0x0098      	MOVWF      DACCON0
;light.c,57 :: 		DACCON1 = 0x00;  //(Vdd * (DACCON1 / 2^5))
0x0019	0x0199      	CLRF       DACCON1
;light.c,58 :: 		}
L_end_DAC_Init:
0x001A	0x0008      	RETURN
; end of _DAC_Init
_Main:
;light.c,4 :: 		void Main()
;light.c,8 :: 		Setup();
0x001B	0x2003      	CALL       _Setup
;light.c,10 :: 		DAC_Init();
0x001C	0x2016      	CALL       _DAC_Init
;light.c,12 :: 		count = 0;
0x001D	0x0020      	MOVLB      0
0x001E	0x01A2      	CLRF       Main_count_L0
0x001F	0x01A3      	CLRF       Main_count_L0+1
;light.c,14 :: 		while(1){
L_Main0:
;light.c,15 :: 		for(i = 26; i < 31; i ++){
0x0020	0x301A      	MOVLW      26
0x0021	0x00A0      	MOVWF      Main_i_L0
0x0022	0x3000      	MOVLW      0
0x0023	0x00A1      	MOVWF      Main_i_L0+1
L_Main2:
0x0024	0x3080      	MOVLW      128
0x0025	0x0621      	XORWF      Main_i_L0+1, 0
0x0026	0x00F0      	MOVWF      R0
0x0027	0x3080      	MOVLW      128
0x0028	0x0270      	SUBWF      R0, 0
0x0029	0x1D03      	BTFSS      STATUS, 2
0x002A	0x282D      	GOTO       L__Main23
0x002B	0x301F      	MOVLW      31
0x002C	0x0220      	SUBWF      Main_i_L0, 0
L__Main23:
0x002D	0x1803      	BTFSC      STATUS, 0
0x002E	0x2848      	GOTO       L_Main3
;light.c,16 :: 		DACCON1 = i;
0x002F	0x0820      	MOVF       Main_i_L0, 0
0x0030	0x0022      	MOVLB      2
0x0031	0x0099      	MOVWF      DACCON1
;light.c,17 :: 		Delay_ms(500);
0x0032	0x3006      	MOVLW      6
0x0033	0x00FB      	MOVWF      R11
0x0034	0x3013      	MOVLW      19
0x0035	0x00FC      	MOVWF      R12
0x0036	0x30AD      	MOVLW      173
0x0037	0x00FD      	MOVWF      R13
L_Main5:
0x0038	0x0BFD      	DECFSZ     R13, 1
0x0039	0x2838      	GOTO       L_Main5
0x003A	0x0BFC      	DECFSZ     R12, 1
0x003B	0x2838      	GOTO       L_Main5
0x003C	0x0BFB      	DECFSZ     R11, 1
0x003D	0x2838      	GOTO       L_Main5
0x003E	0x0000      	NOP
0x003F	0x0000      	NOP
;light.c,18 :: 		count ++;
0x0040	0x0020      	MOVLB      0
0x0041	0x0AA2      	INCF       Main_count_L0, 1
0x0042	0x1903      	BTFSC      STATUS, 2
0x0043	0x0AA3      	INCF       Main_count_L0+1, 1
;light.c,15 :: 		for(i = 26; i < 31; i ++){
0x0044	0x0AA0      	INCF       Main_i_L0, 1
0x0045	0x1903      	BTFSC      STATUS, 2
0x0046	0x0AA1      	INCF       Main_i_L0+1, 1
;light.c,19 :: 		}
0x0047	0x2824      	GOTO       L_Main2
L_Main3:
;light.c,20 :: 		for(i = 31; i > 26; i --){
0x0048	0x301F      	MOVLW      31
0x0049	0x00A0      	MOVWF      Main_i_L0
0x004A	0x3000      	MOVLW      0
0x004B	0x00A1      	MOVWF      Main_i_L0+1
L_Main6:
0x004C	0x3080      	MOVLW      128
0x004D	0x00F0      	MOVWF      R0
0x004E	0x3080      	MOVLW      128
0x004F	0x0621      	XORWF      Main_i_L0+1, 0
0x0050	0x0270      	SUBWF      R0, 0
0x0051	0x1D03      	BTFSS      STATUS, 2
0x0052	0x2855      	GOTO       L__Main24
0x0053	0x0820      	MOVF       Main_i_L0, 0
0x0054	0x3C1A      	SUBLW      26
L__Main24:
0x0055	0x1803      	BTFSC      STATUS, 0
0x0056	0x2871      	GOTO       L_Main7
;light.c,21 :: 		DACCON1 = i;
0x0057	0x0820      	MOVF       Main_i_L0, 0
0x0058	0x0022      	MOVLB      2
0x0059	0x0099      	MOVWF      DACCON1
;light.c,22 :: 		Delay_ms(500);
0x005A	0x3006      	MOVLW      6
0x005B	0x00FB      	MOVWF      R11
0x005C	0x3013      	MOVLW      19
0x005D	0x00FC      	MOVWF      R12
0x005E	0x30AD      	MOVLW      173
0x005F	0x00FD      	MOVWF      R13
L_Main9:
0x0060	0x0BFD      	DECFSZ     R13, 1
0x0061	0x2860      	GOTO       L_Main9
0x0062	0x0BFC      	DECFSZ     R12, 1
0x0063	0x2860      	GOTO       L_Main9
0x0064	0x0BFB      	DECFSZ     R11, 1
0x0065	0x2860      	GOTO       L_Main9
0x0066	0x0000      	NOP
0x0067	0x0000      	NOP
;light.c,23 :: 		count ++;
0x0068	0x0020      	MOVLB      0
0x0069	0x0AA2      	INCF       Main_count_L0, 1
0x006A	0x1903      	BTFSC      STATUS, 2
0x006B	0x0AA3      	INCF       Main_count_L0+1, 1
;light.c,20 :: 		for(i = 31; i > 26; i --){
0x006C	0x3001      	MOVLW      1
0x006D	0x02A0      	SUBWF      Main_i_L0, 1
0x006E	0x3000      	MOVLW      0
0x006F	0x3BA1      	SUBWFB     Main_i_L0+1, 1
;light.c,24 :: 		}
0x0070	0x284C      	GOTO       L_Main6
L_Main7:
;light.c,26 :: 		if(count >= 180){
0x0071	0x3080      	MOVLW      128
0x0072	0x0623      	XORWF      Main_count_L0+1, 0
0x0073	0x00F0      	MOVWF      R0
0x0074	0x3080      	MOVLW      128
0x0075	0x0270      	SUBWF      R0, 0
0x0076	0x1D03      	BTFSS      STATUS, 2
0x0077	0x287A      	GOTO       L__Main25
0x0078	0x30B4      	MOVLW      180
0x0079	0x0222      	SUBWF      Main_count_L0, 0
L__Main25:
0x007A	0x1C03      	BTFSS      STATUS, 0
0x007B	0x28D8      	GOTO       L_Main10
;light.c,27 :: 		DACCON1 = 0;
0x007C	0x0022      	MOVLB      2
0x007D	0x0199      	CLRF       DACCON1
;light.c,28 :: 		Delay_ms(20000);
0x007E	0x30CB      	MOVLW      203
0x007F	0x00FB      	MOVWF      R11
0x0080	0x30EC      	MOVLW      236
0x0081	0x00FC      	MOVWF      R12
0x0082	0x3084      	MOVLW      132
0x0083	0x00FD      	MOVWF      R13
L_Main11:
0x0084	0x0BFD      	DECFSZ     R13, 1
0x0085	0x2884      	GOTO       L_Main11
0x0086	0x0BFC      	DECFSZ     R12, 1
0x0087	0x2884      	GOTO       L_Main11
0x0088	0x0BFB      	DECFSZ     R11, 1
0x0089	0x2884      	GOTO       L_Main11
0x008A	0x0000      	NOP
;light.c,29 :: 		while(1){
L_Main12:
;light.c,30 :: 		for(i = 26; i < 31; i ++){
0x008B	0x301A      	MOVLW      26
0x008C	0x0020      	MOVLB      0
0x008D	0x00A0      	MOVWF      Main_i_L0
0x008E	0x3000      	MOVLW      0
0x008F	0x00A1      	MOVWF      Main_i_L0+1
L_Main14:
0x0090	0x3080      	MOVLW      128
0x0091	0x0621      	XORWF      Main_i_L0+1, 0
0x0092	0x00F0      	MOVWF      R0
0x0093	0x3080      	MOVLW      128
0x0094	0x0270      	SUBWF      R0, 0
0x0095	0x1D03      	BTFSS      STATUS, 2
0x0096	0x2899      	GOTO       L__Main26
0x0097	0x301F      	MOVLW      31
0x0098	0x0220      	SUBWF      Main_i_L0, 0
L__Main26:
0x0099	0x1803      	BTFSC      STATUS, 0
0x009A	0x28B1      	GOTO       L_Main15
;light.c,31 :: 		DACCON1 = i;
0x009B	0x0820      	MOVF       Main_i_L0, 0
0x009C	0x0022      	MOVLB      2
0x009D	0x0099      	MOVWF      DACCON1
;light.c,32 :: 		Delay_ms(500);
0x009E	0x3006      	MOVLW      6
0x009F	0x00FB      	MOVWF      R11
0x00A0	0x3013      	MOVLW      19
0x00A1	0x00FC      	MOVWF      R12
0x00A2	0x30AD      	MOVLW      173
0x00A3	0x00FD      	MOVWF      R13
L_Main17:
0x00A4	0x0BFD      	DECFSZ     R13, 1
0x00A5	0x28A4      	GOTO       L_Main17
0x00A6	0x0BFC      	DECFSZ     R12, 1
0x00A7	0x28A4      	GOTO       L_Main17
0x00A8	0x0BFB      	DECFSZ     R11, 1
0x00A9	0x28A4      	GOTO       L_Main17
0x00AA	0x0000      	NOP
0x00AB	0x0000      	NOP
;light.c,30 :: 		for(i = 26; i < 31; i ++){
0x00AC	0x0020      	MOVLB      0
0x00AD	0x0AA0      	INCF       Main_i_L0, 1
0x00AE	0x1903      	BTFSC      STATUS, 2
0x00AF	0x0AA1      	INCF       Main_i_L0+1, 1
;light.c,33 :: 		}
0x00B0	0x2890      	GOTO       L_Main14
L_Main15:
;light.c,34 :: 		for(i = 31; i > 26; i --){
0x00B1	0x301F      	MOVLW      31
0x00B2	0x00A0      	MOVWF      Main_i_L0
0x00B3	0x3000      	MOVLW      0
0x00B4	0x00A1      	MOVWF      Main_i_L0+1
L_Main18:
0x00B5	0x3080      	MOVLW      128
0x00B6	0x00F0      	MOVWF      R0
0x00B7	0x3080      	MOVLW      128
0x00B8	0x0621      	XORWF      Main_i_L0+1, 0
0x00B9	0x0270      	SUBWF      R0, 0
0x00BA	0x1D03      	BTFSS      STATUS, 2
0x00BB	0x28BE      	GOTO       L__Main27
0x00BC	0x0820      	MOVF       Main_i_L0, 0
0x00BD	0x3C1A      	SUBLW      26
L__Main27:
0x00BE	0x1803      	BTFSC      STATUS, 0
0x00BF	0x28D7      	GOTO       L_Main19
;light.c,35 :: 		DACCON1 = i;
0x00C0	0x0820      	MOVF       Main_i_L0, 0
0x00C1	0x0022      	MOVLB      2
0x00C2	0x0099      	MOVWF      DACCON1
;light.c,36 :: 		Delay_ms(500);
0x00C3	0x3006      	MOVLW      6
0x00C4	0x00FB      	MOVWF      R11
0x00C5	0x3013      	MOVLW      19
0x00C6	0x00FC      	MOVWF      R12
0x00C7	0x30AD      	MOVLW      173
0x00C8	0x00FD      	MOVWF      R13
L_Main21:
0x00C9	0x0BFD      	DECFSZ     R13, 1
0x00CA	0x28C9      	GOTO       L_Main21
0x00CB	0x0BFC      	DECFSZ     R12, 1
0x00CC	0x28C9      	GOTO       L_Main21
0x00CD	0x0BFB      	DECFSZ     R11, 1
0x00CE	0x28C9      	GOTO       L_Main21
0x00CF	0x0000      	NOP
0x00D0	0x0000      	NOP
;light.c,34 :: 		for(i = 31; i > 26; i --){
0x00D1	0x3001      	MOVLW      1
0x00D2	0x0020      	MOVLB      0
0x00D3	0x02A0      	SUBWF      Main_i_L0, 1
0x00D4	0x3000      	MOVLW      0
0x00D5	0x3BA1      	SUBWFB     Main_i_L0+1, 1
;light.c,37 :: 		}
0x00D6	0x28B5      	GOTO       L_Main18
L_Main19:
;light.c,38 :: 		}
0x00D7	0x288B      	GOTO       L_Main12
;light.c,39 :: 		}
L_Main10:
;light.c,40 :: 		}
0x00D8	0x2820      	GOTO       L_Main0
;light.c,41 :: 		}
L_end_Main:
0x00D9	0x28D9      	GOTO       $+0
; end of _Main
Symbol List:
//** Routines locations **
//ADDRESS    SIZE    PROCEDURE
//----------------------------------------------
0x0003      [10]    _Setup
0x000D       [9]    ___CC2DW
0x0016       [5]    _DAC_Init
0x001B     [191]    _Main
//** Variables locations ** 
//ADDRESS    SIZE    VARIABLE
//----------------------------------------------
0x0000       [1]    INDF0
0x0001       [1]    INDF1
0x0003       [1]    STATUS
0x0004       [1]    FSR0L
0x0005       [1]    FSR0H
0x0006       [1]    FSR1L
0x0007       [1]    FSR1H
0x000A       [1]    PCLATH
0x000C       [1]    PORTA
0x0020       [2]    Main_i_L0
0x0022       [2]    Main_count_L0
0x0070       [1]    R0
0x0071       [1]    R1
0x0072       [1]    R2
0x0073       [1]    R3
0x0074       [1]    R4
0x0075       [1]    R5
0x0076       [1]    R6
0x0077       [1]    R7
0x0078       [1]    R8
0x0079       [1]    R9
0x007A       [1]    R10
0x007B       [1]    R11
0x007C       [1]    R12
0x007D       [1]    R13
0x007E       [1]    R14
0x007F       [1]    R15
0x008C       [1]    TRISA
0x0099       [1]    OSCCON
0x0118       [1]    DACCON0
0x0119       [1]    DACCON1
0x018C       [1]    ANSELA
//** Label List: ** 
//----------------------------------------------
  L_Main0
  L_Main1
  L_Main2
  L_Main3
  L_Main4
  L_Main5
  L_Main6
  L_Main7
  L_Main8
  L_Main9
  L_Main10
  L_Main11
  L_Main12
  L_Main13
  L_Main14
  L_Main15
  L_Main16
  L_Main17
  L_Main18
  L_Main19
  L_Main20
  L_Main21
  L_end_Main
  _Main
  L__Main23
  L__Main24
  L__Main25
  L__Main26
  L__Main27
  L_end_Setup
  _Setup
  L_end_DAC_Init
  _DAC_Init
  L_CA2A_Loop
  L_CA2AW_Loop
  L_CS2S_Loop
  L_CS2S_End
  L_FZinS_Loop
  L_FZinS_End
  _CC2D_Loop1
  _CC2DL_Loop1
  L_end_____DoIFC
  _____DoIFC
  L_end___CA2A
  ___CA2A
  L_end___CA2AW
  ___CA2AW
  L_end___CS2S
  ___CS2S
  L_end___FZinS
  ___FZinS
  L_end___CC2D
  ___CC2D
  L_end___CC2DW
  ___CC2DW
  L_end_Swap
  _Swap
